[2025-03-14 15:51:56] INFO [django.utils.autoreload:668] Watching for file changes with StatReloader
[2025-03-14 15:52:09] INFO [root:26] View runnnnnnnnnnn
[2025-03-14 15:54:07] INFO [django.utils.autoreload:266] /home/akh/shared/nobat/main/views.py changed, reloading.
[2025-03-14 15:54:09] INFO [django.utils.autoreload:668] Watching for file changes with StatReloader
[2025-03-14 15:54:20] INFO [django.utils.autoreload:266] /home/akh/shared/nobat/main/views.py changed, reloading.
[2025-03-14 15:54:22] INFO [django.utils.autoreload:668] Watching for file changes with StatReloader
[2025-03-14 15:54:31] INFO [django.utils.autoreload:266] /home/akh/shared/nobat/main/views.py changed, reloading.
[2025-03-14 15:54:32] INFO [django.utils.autoreload:668] Watching for file changes with StatReloader
[2025-03-14 16:00:00] INFO [django.utils.autoreload:266] /home/akh/shared/nobat/nobat/settings.py changed, reloading.
[2025-03-14 16:00:02] INFO [django.utils.autoreload:668] Watching for file changes with StatReloader
[2025-03-14 16:00:36] INFO [django.utils.autoreload:266] /home/akh/shared/nobat/main/views.py changed, reloading.
[2025-03-14 16:00:37] INFO [django.utils.autoreload:668] Watching for file changes with StatReloader
[2025-03-14 16:01:30] INFO [django.utils.autoreload:266] /home/akh/shared/nobat/nobat/settings.py changed, reloading.
[2025-03-14 16:01:31] INFO [django.utils.autoreload:668] Watching for file changes with StatReloader
[2025-03-14 16:02:20] WARNING [django.request:248] Not Found: /user/login/fonts/Vazir-Regular-UI.ttf
[2025-03-14 16:02:29] ERROR [django.request:248] Internal Server Error: /user/login/
Traceback (most recent call last):
  File "/home/akh/.virtualenvs/work/lib/python3.11/site-packages/django/core/handlers/exception.py", line 55, in inner
    response = get_response(request)
               ^^^^^^^^^^^^^^^^^^^^^
  File "/home/akh/.virtualenvs/work/lib/python3.11/site-packages/django/core/handlers/base.py", line 197, in _get_response
    response = wrapped_callback(request, *callback_args, **callback_kwargs)
               ^^^^^^^^^^^^^^^^^^^^^^^^^^^^^^^^^^^^^^^^^^^^^^^^^^^^^^^^^^^^
  File "/home/akh/shared/nobat/user/views.py", line 30, in login_account
    return render(request, 'app1/login.html', {'user': user, 'message': message, 'message_status': message_status})
           ^^^^^^^^^^^^^^^^^^^^^^^^^^^^^^^^^^^^^^^^^^^^^^^^^^^^^^^^^^^^^^^^^^^^^^^^^^^^^^^^^^^^^^^^^^^^^^^^^^^^^^^^
  File "/home/akh/.virtualenvs/work/lib/python3.11/site-packages/django/shortcuts.py", line 25, in render
    content = loader.render_to_string(template_name, context, request, using=using)
              ^^^^^^^^^^^^^^^^^^^^^^^^^^^^^^^^^^^^^^^^^^^^^^^^^^^^^^^^^^^^^^^^^^^^^
  File "/home/akh/.virtualenvs/work/lib/python3.11/site-packages/django/template/loader.py", line 62, in render_to_string
    return template.render(context, request)
           ^^^^^^^^^^^^^^^^^^^^^^^^^^^^^^^^^
  File "/home/akh/.virtualenvs/work/lib/python3.11/site-packages/django/template/backends/django.py", line 107, in render
    return self.template.render(context)
           ^^^^^^^^^^^^^^^^^^^^^^^^^^^^^
  File "/home/akh/.virtualenvs/work/lib/python3.11/site-packages/django/template/base.py", line 171, in render
    return self._render(context)
           ^^^^^^^^^^^^^^^^^^^^^
  File "/home/akh/.virtualenvs/work/lib/python3.11/site-packages/django/template/base.py", line 163, in _render
    return self.nodelist.render(context)
           ^^^^^^^^^^^^^^^^^^^^^^^^^^^^^
  File "/home/akh/.virtualenvs/work/lib/python3.11/site-packages/django/template/base.py", line 1008, in render
    return SafeString("".join([node.render_annotated(context) for node in self]))
                              ^^^^^^^^^^^^^^^^^^^^^^^^^^^^^^^^^^^^^^^^^^^^^^^^^
  File "/home/akh/.virtualenvs/work/lib/python3.11/site-packages/django/template/base.py", line 1008, in <listcomp>
    return SafeString("".join([node.render_annotated(context) for node in self]))
                               ^^^^^^^^^^^^^^^^^^^^^^^^^^^^^^
  File "/home/akh/.virtualenvs/work/lib/python3.11/site-packages/django/template/base.py", line 969, in render_annotated
    return self.render(context)
           ^^^^^^^^^^^^^^^^^^^^
  File "/home/akh/.virtualenvs/work/lib/python3.11/site-packages/django/template/defaulttags.py", line 327, in render
    return nodelist.render(context)
           ^^^^^^^^^^^^^^^^^^^^^^^^
  File "/home/akh/.virtualenvs/work/lib/python3.11/site-packages/django/template/base.py", line 1008, in render
    return SafeString("".join([node.render_annotated(context) for node in self]))
                              ^^^^^^^^^^^^^^^^^^^^^^^^^^^^^^^^^^^^^^^^^^^^^^^^^
  File "/home/akh/.virtualenvs/work/lib/python3.11/site-packages/django/template/base.py", line 1008, in <listcomp>
    return SafeString("".join([node.render_annotated(context) for node in self]))
                               ^^^^^^^^^^^^^^^^^^^^^^^^^^^^^^
  File "/home/akh/.virtualenvs/work/lib/python3.11/site-packages/django/template/base.py", line 969, in render_annotated
    return self.render(context)
           ^^^^^^^^^^^^^^^^^^^^
  File "/home/akh/.virtualenvs/work/lib/python3.11/site-packages/django/template/defaulttags.py", line 480, in render
    url = reverse(view_name, args=args, kwargs=kwargs, current_app=current_app)
          ^^^^^^^^^^^^^^^^^^^^^^^^^^^^^^^^^^^^^^^^^^^^^^^^^^^^^^^^^^^^^^^^^^^^^
  File "/home/akh/.virtualenvs/work/lib/python3.11/site-packages/django/urls/base.py", line 88, in reverse
    return resolver._reverse_with_prefix(view, prefix, *args, **kwargs)
           ^^^^^^^^^^^^^^^^^^^^^^^^^^^^^^^^^^^^^^^^^^^^^^^^^^^^^^^^^^^^
  File "/home/akh/.virtualenvs/work/lib/python3.11/site-packages/django/urls/resolvers.py", line 831, in _reverse_with_prefix
    raise NoReverseMatch(msg)
django.urls.exceptions.NoReverseMatch: Reverse for 'activate' with arguments '('',)' not found. 1 pattern(s) tried: ['user/(?P<pk>[^/]+)/activate/\\Z']
[2025-03-14 16:02:47] WARNING [django.request:248] Not Found: /user/login/fonts/Vazir-Regular-UI.ttf
[2025-03-14 16:02:52] WARNING [django.request:248] Not Found: /user/profile/fonts/Vazir-Regular-UI.ttf
[2025-03-14 16:03:14] WARNING [django.request:248] Not Found: /user/profile/fonts/Vazir-Regular-UI.ttf
[2025-03-14 16:06:35] WARNING [django.request:248] Not Found: /user/profile/fonts/Vazir-Regular-UI.ttf
[2025-03-14 16:06:35] WARNING [django.request:248] Not Found: /user/edit/fonts/Vazir-Regular-UI.ttf
[2025-03-14 16:06:42] WARNING [django.request:248] Not Found: /user/profile/fonts/Vazir-Regular-UI.ttf
[2025-03-14 16:11:28] WARNING [django.request:248] Not Found: /user/customers/fonts/Vazir-Regular-UI.ttf
[2025-03-14 16:11:30] WARNING [django.request:248] Not Found: /user/customers/fonts/Vazir-Regular-UI.ttf
[2025-03-14 16:11:33] ERROR [django.request:248] Internal Server Error: /user/2/customer/
Traceback (most recent call last):
  File "/home/akh/.virtualenvs/work/lib/python3.11/site-packages/django/core/handlers/exception.py", line 55, in inner
    response = get_response(request)
               ^^^^^^^^^^^^^^^^^^^^^
  File "/home/akh/.virtualenvs/work/lib/python3.11/site-packages/django/core/handlers/base.py", line 197, in _get_response
    response = wrapped_callback(request, *callback_args, **callback_kwargs)
               ^^^^^^^^^^^^^^^^^^^^^^^^^^^^^^^^^^^^^^^^^^^^^^^^^^^^^^^^^^^^
  File "/home/akh/.virtualenvs/work/lib/python3.11/site-packages/django/contrib/auth/decorators.py", line 60, in _view_wrapper
    return view_func(request, *args, **kwargs)
           ^^^^^^^^^^^^^^^^^^^^^^^^^^^^^^^^^^^
  File "/home/akh/shared/nobat/user/views.py", line 92, in customer
    user, message_status = User.objects.get(id=pk), 0
                           ^^^^^^^^^^^^^^^^^^^^^^^
  File "/home/akh/.virtualenvs/work/lib/python3.11/site-packages/django/db/models/manager.py", line 87, in manager_method
    return getattr(self.get_queryset(), name)(*args, **kwargs)
           ^^^^^^^^^^^^^^^^^^^^^^^^^^^^^^^^^^^^^^^^^^^^^^^^^^^
  File "/home/akh/.virtualenvs/work/lib/python3.11/site-packages/django/db/models/query.py", line 649, in get
    raise self.model.DoesNotExist(
user.models.User.DoesNotExist: User matching query does not exist.
[2025-03-14 16:11:48] ERROR [django.request:248] Internal Server Error: /user/edit/
Traceback (most recent call last):
  File "/home/akh/.virtualenvs/work/lib/python3.11/site-packages/django/utils/datastructures.py", line 84, in __getitem__
    list_ = super().__getitem__(key)
            ^^^^^^^^^^^^^^^^^^^^^^^^
KeyError: 'customer'

During handling of the above exception, another exception occurred:

Traceback (most recent call last):
  File "/home/akh/.virtualenvs/work/lib/python3.11/site-packages/django/core/handlers/exception.py", line 55, in inner
    response = get_response(request)
               ^^^^^^^^^^^^^^^^^^^^^
  File "/home/akh/.virtualenvs/work/lib/python3.11/site-packages/django/core/handlers/base.py", line 197, in _get_response
    response = wrapped_callback(request, *callback_args, **callback_kwargs)
               ^^^^^^^^^^^^^^^^^^^^^^^^^^^^^^^^^^^^^^^^^^^^^^^^^^^^^^^^^^^^
  File "/home/akh/.virtualenvs/work/lib/python3.11/site-packages/django/contrib/auth/decorators.py", line 60, in _view_wrapper
    return view_func(request, *args, **kwargs)
           ^^^^^^^^^^^^^^^^^^^^^^^^^^^^^^^^^^^
  File "/home/akh/shared/nobat/user/views.py", line 133, in edit_customer
    customer = Customer.objects.get(id=request.GET['customer'])
                                       ~~~~~~~~~~~^^^^^^^^^^^^
  File "/home/akh/.virtualenvs/work/lib/python3.11/site-packages/django/utils/datastructures.py", line 86, in __getitem__
    raise MultiValueDictKeyError(key)
django.utils.datastructures.MultiValueDictKeyError: 'customer'
[2025-03-14 16:11:54] WARNING [django.request:248] Not Found: /user/profile/fonts/Vazir-Regular-UI.ttf
[2025-03-14 16:11:56] WARNING [django.request:248] Not Found: /user/edit/fonts/Vazir-Regular-UI.ttf
[2025-03-14 16:11:59] WARNING [django.request:248] Not Found: /user/profile/fonts/Vazir-Regular-UI.ttf
[2025-03-14 16:12:01] WARNING [django.request:248] Not Found: /user/edit/fonts/Vazir-Regular-UI.ttf
[2025-03-14 16:12:03] WARNING [django.request:248] Not Found: /user/profile/fonts/Vazir-Regular-UI.ttf
[2025-03-14 16:12:04] WARNING [django.request:248] Not Found: /user/edit/fonts/Vazir-Regular-UI.ttf
[2025-03-14 16:12:09] WARNING [django.request:248] Not Found: /user/customers/fonts/Vazir-Regular-UI.ttf
[2025-03-14 16:12:13] ERROR [django.request:248] Internal Server Error: /user/edit/
Traceback (most recent call last):
  File "/home/akh/.virtualenvs/work/lib/python3.11/site-packages/django/utils/datastructures.py", line 84, in __getitem__
    list_ = super().__getitem__(key)
            ^^^^^^^^^^^^^^^^^^^^^^^^
KeyError: 'customer'

During handling of the above exception, another exception occurred:

Traceback (most recent call last):
  File "/home/akh/.virtualenvs/work/lib/python3.11/site-packages/django/core/handlers/exception.py", line 55, in inner
    response = get_response(request)
               ^^^^^^^^^^^^^^^^^^^^^
  File "/home/akh/.virtualenvs/work/lib/python3.11/site-packages/django/core/handlers/base.py", line 197, in _get_response
    response = wrapped_callback(request, *callback_args, **callback_kwargs)
               ^^^^^^^^^^^^^^^^^^^^^^^^^^^^^^^^^^^^^^^^^^^^^^^^^^^^^^^^^^^^
  File "/home/akh/.virtualenvs/work/lib/python3.11/site-packages/django/contrib/auth/decorators.py", line 60, in _view_wrapper
    return view_func(request, *args, **kwargs)
           ^^^^^^^^^^^^^^^^^^^^^^^^^^^^^^^^^^^
  File "/home/akh/shared/nobat/user/views.py", line 133, in edit_customer
    customer = Customer.objects.get(id=request.GET['customer'])
                                       ~~~~~~~~~~~^^^^^^^^^^^^
  File "/home/akh/.virtualenvs/work/lib/python3.11/site-packages/django/utils/datastructures.py", line 86, in __getitem__
    raise MultiValueDictKeyError(key)
django.utils.datastructures.MultiValueDictKeyError: 'customer'
[2025-03-14 16:12:17] WARNING [django.request:248] Not Found: /user/profile/fonts/Vazir-Regular-UI.ttf
[2025-03-14 16:12:19] WARNING [django.request:248] Not Found: /user/edit/fonts/Vazir-Regular-UI.ttf
[2025-03-14 16:12:21] WARNING [django.request:248] Not Found: /user/profile/fonts/Vazir-Regular-UI.ttf
[2025-03-14 16:15:37] WARNING [django.request:248] Not Found: /user/customers/fonts/Vazir-Regular-UI.ttf
[2025-03-14 16:16:59] WARNING [django.request:248] Not Found: /user/customers/fonts/Vazir-Regular-UI.ttf
[2025-03-14 16:17:03] ERROR [django.request:248] Internal Server Error: /user/2/customer/
Traceback (most recent call last):
  File "/home/akh/.virtualenvs/work/lib/python3.11/site-packages/django/core/handlers/exception.py", line 55, in inner
    response = get_response(request)
               ^^^^^^^^^^^^^^^^^^^^^
  File "/home/akh/.virtualenvs/work/lib/python3.11/site-packages/django/core/handlers/base.py", line 197, in _get_response
    response = wrapped_callback(request, *callback_args, **callback_kwargs)
               ^^^^^^^^^^^^^^^^^^^^^^^^^^^^^^^^^^^^^^^^^^^^^^^^^^^^^^^^^^^^
  File "/home/akh/.virtualenvs/work/lib/python3.11/site-packages/django/contrib/auth/decorators.py", line 60, in _view_wrapper
    return view_func(request, *args, **kwargs)
           ^^^^^^^^^^^^^^^^^^^^^^^^^^^^^^^^^^^
  File "/home/akh/shared/nobat/user/views.py", line 92, in customer
    user, message_status = User.objects.get(id=pk), 0
                           ^^^^^^^^^^^^^^^^^^^^^^^
  File "/home/akh/.virtualenvs/work/lib/python3.11/site-packages/django/db/models/manager.py", line 87, in manager_method
    return getattr(self.get_queryset(), name)(*args, **kwargs)
           ^^^^^^^^^^^^^^^^^^^^^^^^^^^^^^^^^^^^^^^^^^^^^^^^^^^
  File "/home/akh/.virtualenvs/work/lib/python3.11/site-packages/django/db/models/query.py", line 649, in get
    raise self.model.DoesNotExist(
user.models.User.DoesNotExist: User matching query does not exist.
[2025-03-14 16:18:56] INFO [django.utils.autoreload:266] /home/akh/shared/nobat/user/urls.py changed, reloading.
[2025-03-14 16:18:58] INFO [django.utils.autoreload:668] Watching for file changes with StatReloader
[2025-03-14 16:19:11] WARNING [django.request:248] Not Found: /user/1/customer/fonts/Vazir-Regular-UI.ttf
[2025-03-14 16:19:14] WARNING [django.request:248] Not Found: /user/customers/fonts/Vazir-Regular-UI.ttf
[2025-03-14 16:19:15] WARNING [django.request:248] Not Found: /user/2/customer/fonts/Vazir-Regular-UI.ttf
[2025-03-14 16:19:16] WARNING [django.request:248] Not Found: /user/customers/fonts/Vazir-Regular-UI.ttf
[2025-03-14 16:19:17] WARNING [django.request:248] Not Found: /user/1/customer/fonts/Vazir-Regular-UI.ttf
[2025-03-14 16:19:18] WARNING [django.request:248] Not Found: /user/customers/fonts/Vazir-Regular-UI.ttf
[2025-03-14 16:19:30] ERROR [django.request:248] Internal Server Error: /user/edit/
Traceback (most recent call last):
  File "/home/akh/.virtualenvs/work/lib/python3.11/site-packages/django/utils/datastructures.py", line 84, in __getitem__
    list_ = super().__getitem__(key)
            ^^^^^^^^^^^^^^^^^^^^^^^^
KeyError: 'customer'

During handling of the above exception, another exception occurred:

Traceback (most recent call last):
  File "/home/akh/.virtualenvs/work/lib/python3.11/site-packages/django/core/handlers/exception.py", line 55, in inner
    response = get_response(request)
               ^^^^^^^^^^^^^^^^^^^^^
  File "/home/akh/.virtualenvs/work/lib/python3.11/site-packages/django/core/handlers/base.py", line 197, in _get_response
    response = wrapped_callback(request, *callback_args, **callback_kwargs)
               ^^^^^^^^^^^^^^^^^^^^^^^^^^^^^^^^^^^^^^^^^^^^^^^^^^^^^^^^^^^^
  File "/home/akh/.virtualenvs/work/lib/python3.11/site-packages/django/contrib/auth/decorators.py", line 60, in _view_wrapper
    return view_func(request, *args, **kwargs)
           ^^^^^^^^^^^^^^^^^^^^^^^^^^^^^^^^^^^
  File "/home/akh/shared/nobat/user/views.py", line 133, in edit_customer
    customer = Customer.objects.get(id=request.GET['customer'])
                                       ~~~~~~~~~~~^^^^^^^^^^^^
  File "/home/akh/.virtualenvs/work/lib/python3.11/site-packages/django/utils/datastructures.py", line 86, in __getitem__
    raise MultiValueDictKeyError(key)
django.utils.datastructures.MultiValueDictKeyError: 'customer'
[2025-03-14 16:19:33] WARNING [django.request:248] Not Found: /user/profile/fonts/Vazir-Regular-UI.ttf
[2025-03-14 16:19:34] WARNING [django.request:248] Not Found: /user/edit/fonts/Vazir-Regular-UI.ttf
[2025-03-14 16:27:47] WARNING [django.request:248] Not Found: /favicon.ico
[2025-03-14 16:28:22] WARNING [django.request:248] Not Found: /
[2025-03-14 16:36:09] INFO [django.utils.autoreload:266] /home/akh/shared/nobat/user/views.py changed, reloading.
[2025-03-14 16:36:12] INFO [django.utils.autoreload:668] Watching for file changes with StatReloader
[2025-03-14 16:38:21] WARNING [django.request:248] Not Found: /user/profile/fonts/Vazir-Regular-UI.ttf
[2025-03-14 16:38:24] WARNING [django.request:248] Not Found: /user/customers/fonts/Vazir-Regular-UI.ttf
[2025-03-14 16:38:24] WARNING [django.request:248] Not Found: /api/placeholder/100/100
[2025-03-14 16:40:08] WARNING [django.request:248] Not Found: /api/placeholder/100/100
[2025-03-14 16:40:09] WARNING [django.request:248] Not Found: /api/placeholder/100/100
[2025-03-14 16:40:40] ERROR [django.request:248] Internal Server Error: /user/1/customer/
Traceback (most recent call last):
  File "/home/akh/.virtualenvs/work/lib/python3.11/site-packages/django/template/base.py", line 510, in parse
    compile_func = self.tags[command]
                   ~~~~~~~~~^^^^^^^^^
KeyError: 'customer.result_image.url'

During handling of the above exception, another exception occurred:

Traceback (most recent call last):
  File "/home/akh/.virtualenvs/work/lib/python3.11/site-packages/django/core/handlers/exception.py", line 55, in inner
    response = get_response(request)
               ^^^^^^^^^^^^^^^^^^^^^
  File "/home/akh/.virtualenvs/work/lib/python3.11/site-packages/django/core/handlers/base.py", line 197, in _get_response
    response = wrapped_callback(request, *callback_args, **callback_kwargs)
               ^^^^^^^^^^^^^^^^^^^^^^^^^^^^^^^^^^^^^^^^^^^^^^^^^^^^^^^^^^^^
  File "/home/akh/.virtualenvs/work/lib/python3.11/site-packages/django/contrib/auth/decorators.py", line 60, in _view_wrapper
    return view_func(request, *args, **kwargs)
           ^^^^^^^^^^^^^^^^^^^^^^^^^^^^^^^^^^^
  File "/home/akh/shared/nobat/user/views.py", line 93, in customer_detail
    return render(request, 'app1/customer_detail.html', {'user': customer})
           ^^^^^^^^^^^^^^^^^^^^^^^^^^^^^^^^^^^^^^^^^^^^^^^^^^^^^^^^^^^^^^^^
  File "/home/akh/.virtualenvs/work/lib/python3.11/site-packages/django/shortcuts.py", line 25, in render
    content = loader.render_to_string(template_name, context, request, using=using)
              ^^^^^^^^^^^^^^^^^^^^^^^^^^^^^^^^^^^^^^^^^^^^^^^^^^^^^^^^^^^^^^^^^^^^^
  File "/home/akh/.virtualenvs/work/lib/python3.11/site-packages/django/template/loader.py", line 61, in render_to_string
    template = get_template(template_name, using=using)
               ^^^^^^^^^^^^^^^^^^^^^^^^^^^^^^^^^^^^^^^^
  File "/home/akh/.virtualenvs/work/lib/python3.11/site-packages/django/template/loader.py", line 15, in get_template
    return engine.get_template(template_name)
           ^^^^^^^^^^^^^^^^^^^^^^^^^^^^^^^^^^
  File "/home/akh/.virtualenvs/work/lib/python3.11/site-packages/django/template/backends/django.py", line 79, in get_template
    return Template(self.engine.get_template(template_name), self)
                    ^^^^^^^^^^^^^^^^^^^^^^^^^^^^^^^^^^^^^^^
  File "/home/akh/.virtualenvs/work/lib/python3.11/site-packages/django/template/engine.py", line 177, in get_template
    template, origin = self.find_template(template_name)
                       ^^^^^^^^^^^^^^^^^^^^^^^^^^^^^^^^^
  File "/home/akh/.virtualenvs/work/lib/python3.11/site-packages/django/template/engine.py", line 159, in find_template
    template = loader.get_template(name, skip=skip)
               ^^^^^^^^^^^^^^^^^^^^^^^^^^^^^^^^^^^^
  File "/home/akh/.virtualenvs/work/lib/python3.11/site-packages/django/template/loaders/cached.py", line 57, in get_template
    template = super().get_template(template_name, skip)
               ^^^^^^^^^^^^^^^^^^^^^^^^^^^^^^^^^^^^^^^^^
  File "/home/akh/.virtualenvs/work/lib/python3.11/site-packages/django/template/loaders/base.py", line 28, in get_template
    return Template(
           ^^^^^^^^^
  File "/home/akh/.virtualenvs/work/lib/python3.11/site-packages/django/template/base.py", line 154, in __init__
    self.nodelist = self.compile_nodelist()
                    ^^^^^^^^^^^^^^^^^^^^^^^
  File "/home/akh/.virtualenvs/work/lib/python3.11/site-packages/django/template/base.py", line 196, in compile_nodelist
    nodelist = parser.parse()
               ^^^^^^^^^^^^^^
  File "/home/akh/.virtualenvs/work/lib/python3.11/site-packages/django/template/base.py", line 518, in parse
    raise self.error(token, e)
  File "/home/akh/.virtualenvs/work/lib/python3.11/site-packages/django/template/base.py", line 516, in parse
    compiled_result = compile_func(self, token)
                      ^^^^^^^^^^^^^^^^^^^^^^^^^
  File "/home/akh/.virtualenvs/work/lib/python3.11/site-packages/django/template/loader_tags.py", line 295, in do_extends
    nodelist = parser.parse()
               ^^^^^^^^^^^^^^
  File "/home/akh/.virtualenvs/work/lib/python3.11/site-packages/django/template/base.py", line 518, in parse
    raise self.error(token, e)
  File "/home/akh/.virtualenvs/work/lib/python3.11/site-packages/django/template/base.py", line 516, in parse
    compiled_result = compile_func(self, token)
                      ^^^^^^^^^^^^^^^^^^^^^^^^^
  File "/home/akh/.virtualenvs/work/lib/python3.11/site-packages/django/template/loader_tags.py", line 234, in do_block
    nodelist = parser.parse(("endblock",))
               ^^^^^^^^^^^^^^^^^^^^^^^^^^^
  File "/home/akh/.virtualenvs/work/lib/python3.11/site-packages/django/template/base.py", line 512, in parse
    self.invalid_block_tag(token, command, parse_until)
  File "/home/akh/.virtualenvs/work/lib/python3.11/site-packages/django/template/base.py", line 563, in invalid_block_tag
    raise self.error(
django.template.exceptions.TemplateSyntaxError: Invalid block tag on line 202: 'customer.result_image.url', expected 'endblock'. Did you forget to register or load this tag?
[2025-03-14 16:43:32] ERROR [django.request:248] Internal Server Error: /user/edit/
Traceback (most recent call last):
  File "/home/akh/.virtualenvs/work/lib/python3.11/site-packages/django/utils/datastructures.py", line 84, in __getitem__
    list_ = super().__getitem__(key)
            ^^^^^^^^^^^^^^^^^^^^^^^^
KeyError: 'customer'

During handling of the above exception, another exception occurred:

Traceback (most recent call last):
  File "/home/akh/.virtualenvs/work/lib/python3.11/site-packages/django/core/handlers/exception.py", line 55, in inner
    response = get_response(request)
               ^^^^^^^^^^^^^^^^^^^^^
  File "/home/akh/.virtualenvs/work/lib/python3.11/site-packages/django/core/handlers/base.py", line 197, in _get_response
    response = wrapped_callback(request, *callback_args, **callback_kwargs)
               ^^^^^^^^^^^^^^^^^^^^^^^^^^^^^^^^^^^^^^^^^^^^^^^^^^^^^^^^^^^^
  File "/home/akh/.virtualenvs/work/lib/python3.11/site-packages/django/contrib/auth/decorators.py", line 60, in _view_wrapper
    return view_func(request, *args, **kwargs)
           ^^^^^^^^^^^^^^^^^^^^^^^^^^^^^^^^^^^
  File "/home/akh/shared/nobat/user/views.py", line 133, in edit_customer
    customer = Customer.objects.get(id=request.GET['customer'])
                                       ~~~~~~~~~~~^^^^^^^^^^^^
  File "/home/akh/.virtualenvs/work/lib/python3.11/site-packages/django/utils/datastructures.py", line 86, in __getitem__
    raise MultiValueDictKeyError(key)
django.utils.datastructures.MultiValueDictKeyError: 'customer'
[2025-03-14 16:43:41] WARNING [django.request:248] Not Found: /user/profile/fonts/Vazir-Regular-UI.ttf
[2025-03-14 16:43:42] WARNING [django.request:248] Not Found: /user/customers/fonts/Vazir-Regular-UI.ttf
[2025-03-14 16:43:52] WARNING [django.request:248] Not Found: /user/profile/fonts/Vazir-Regular-UI.ttf
[2025-03-14 16:44:46] WARNING [django.request:248] Not Found: /user/profile/fonts/Vazir-Regular-UI.ttf
[2025-03-14 16:44:47] WARNING [django.request:248] Not Found: /user/profile/fonts/Vazir-Regular-UI.ttf
[2025-03-14 16:44:49] WARNING [django.request:248] Not Found: /user/profile/fonts/Vazir-Regular-UI.ttf
[2025-03-14 16:44:51] WARNING [django.request:248] Not Found: /user/profile/fonts/Vazir-Regular-UI.ttf
[2025-03-14 16:44:54] WARNING [django.request:248] Not Found: /user/profile/fonts/Vazir-Regular-UI.ttf
[2025-03-14 16:44:57] WARNING [django.request:248] Not Found: /user/profile/fonts/Vazir-Regular-UI.ttf
[2025-03-14 16:45:01] WARNING [django.request:248] Not Found: /user/edit/fonts/Vazir-Regular-UI.ttf
[2025-03-14 16:45:04] WARNING [django.request:248] Not Found: /user/edit/fonts/Vazir-Regular-UI.ttf
[2025-03-14 16:45:05] WARNING [django.request:248] Not Found: /user/edit/fonts/Vazir-Regular-UI.ttf
[2025-03-14 16:45:07] WARNING [django.request:248] Not Found: /user/profile/fonts/Vazir-Regular-UI.ttf
[2025-03-14 16:45:10] WARNING [django.request:248] Not Found: /user/customers/fonts/Vazir-Regular-UI.ttf
[2025-03-14 16:49:38] WARNING [django.request:248] Not Found: /user/profile/fonts/Vazir-Regular-UI.ttf
[2025-03-14 16:49:40] WARNING [django.request:248] Not Found: /user/profile/fonts/Vazir-Regular-UI.ttf
[2025-03-14 16:49:42] WARNING [django.request:248] Not Found: /user/customers/fonts/Vazir-Regular-UI.ttf
[2025-03-14 16:49:43] WARNING [django.request:248] Not Found: /user/edit/fonts/Vazir-Regular-UI.ttf
[2025-03-14 16:49:48] WARNING [django.request:248] Not Found: /user/customers/fonts/Vazir-Regular-UI.ttf
[2025-03-14 16:49:56] WARNING [django.request:248] Not Found: /user/edit/fonts/Vazir-Regular-UI.ttf
[2025-03-14 16:49:57] WARNING [django.request:248] Not Found: /user/customers/fonts/Vazir-Regular-UI.ttf
[2025-03-14 16:50:05] ERROR [django.request:248] Internal Server Error: /user/12/customer/
Traceback (most recent call last):
  File "/home/akh/.virtualenvs/work/lib/python3.11/site-packages/django/core/handlers/exception.py", line 55, in inner
    response = get_response(request)
               ^^^^^^^^^^^^^^^^^^^^^
  File "/home/akh/.virtualenvs/work/lib/python3.11/site-packages/django/core/handlers/base.py", line 197, in _get_response
    response = wrapped_callback(request, *callback_args, **callback_kwargs)
               ^^^^^^^^^^^^^^^^^^^^^^^^^^^^^^^^^^^^^^^^^^^^^^^^^^^^^^^^^^^^
  File "/home/akh/.virtualenvs/work/lib/python3.11/site-packages/django/contrib/auth/decorators.py", line 60, in _view_wrapper
    return view_func(request, *args, **kwargs)
           ^^^^^^^^^^^^^^^^^^^^^^^^^^^^^^^^^^^
  File "/home/akh/shared/nobat/user/views.py", line 92, in customer_detail
    customer, message_status = Customer.objects.get(id=pk), 0
                               ^^^^^^^^^^^^^^^^^^^^^^^^^^^
  File "/home/akh/.virtualenvs/work/lib/python3.11/site-packages/django/db/models/manager.py", line 87, in manager_method
    return getattr(self.get_queryset(), name)(*args, **kwargs)
           ^^^^^^^^^^^^^^^^^^^^^^^^^^^^^^^^^^^^^^^^^^^^^^^^^^^
  File "/home/akh/.virtualenvs/work/lib/python3.11/site-packages/django/db/models/query.py", line 649, in get
    raise self.model.DoesNotExist(
user.models.Customer.DoesNotExist: Customer matching query does not exist.
[2025-03-14 16:50:41] WARNING [django.request:248] Not Found: /favicon.ico
[2025-03-14 16:51:25] WARNING [django.request:248] Not Found: /user/1/customer/result_images/error_screenshot.png
[2025-03-14 16:51:25] WARNING [django.request:248] Not Found: /user/1/customer/result_images/error_screenshot.png
[2025-03-14 16:51:27] WARNING [django.request:248] Not Found: /user/1/customer/result_images/error_screenshot.png
[2025-03-14 16:51:38] WARNING [django.request:248] Not Found: /result_images/error_screenshot.png
[2025-03-14 16:51:55] WARNING [django.request:248] Not Found: /result_images/error_screenshot.png
[2025-03-14 16:51:56] WARNING [django.request:248] Not Found: /result_images/error_screenshot.png
[2025-03-14 16:52:05] WARNING [django.request:248] Not Found: /result_images/error_screenshot.png
[2025-03-14 16:58:13] WARNING [django.request:248] Not Found: /
[2025-03-14 17:01:17] WARNING [django.request:248] Not Found: /api/placeholder/400/200
[2025-03-14 17:01:19] WARNING [django.request:248] Not Found: /api/placeholder/400/200
[2025-03-14 17:01:19] WARNING [django.request:248] Not Found: /user/1/customer/fonts/Vazir-Regular-UI.ttf
[2025-03-14 17:01:19] WARNING [django.request:248] Not Found: /api/placeholder/400/200
[2025-03-14 17:01:19] WARNING [django.request:248] Not Found: /user/1/customer/fonts/Vazir-Regular-UI.ttf
[2025-03-14 17:01:19] WARNING [django.request:248] Not Found: /api/placeholder/400/200
[2025-03-14 17:01:20] WARNING [django.request:248] Not Found: /user/1/customer/fonts/Vazir-Regular-UI.ttf
[2025-03-14 17:01:20] WARNING [django.request:248] Not Found: /api/placeholder/400/200
[2025-03-14 17:01:20] WARNING [django.request:248] Not Found: /user/1/customer/fonts/Vazir-Regular-UI.ttf
[2025-03-14 17:01:20] WARNING [django.request:248] Not Found: /api/placeholder/400/200
[2025-03-14 17:01:20] WARNING [django.request:248] Not Found: /user/1/customer/fonts/Vazir-Regular-UI.ttf
[2025-03-14 17:01:21] WARNING [django.request:248] Not Found: /api/placeholder/400/200
[2025-03-14 17:01:21] WARNING [django.request:248] Not Found: /user/1/customer/fonts/Vazir-Regular-UI.ttf
[2025-03-14 17:01:22] WARNING [django.request:248] Not Found: /api/placeholder/400/200
[2025-03-14 17:01:22] WARNING [django.request:248] Not Found: /user/1/customer/fonts/Vazir-Regular-UI.ttf
[2025-03-14 17:01:22] WARNING [django.request:248] Not Found: /api/placeholder/400/200
[2025-03-14 17:01:22] WARNING [django.request:248] Not Found: /user/1/customer/fonts/Vazir-Regular-UI.ttf
[2025-03-14 17:01:23] WARNING [django.request:248] Not Found: /api/placeholder/400/200
[2025-03-14 17:01:23] WARNING [django.request:248] Not Found: /user/1/customer/fonts/Vazir-Regular-UI.ttf
[2025-03-14 17:01:28] WARNING [django.request:248] Not Found: /api/placeholder/400/200
[2025-03-14 17:01:28] WARNING [django.request:248] Not Found: /user/1/customer/fonts/Vazir-Regular-UI.ttf
[2025-03-14 17:02:26] WARNING [django.request:248] Not Found: /user/1/customer/fonts/Vazir-Regular-UI.ttf
[2025-03-14 17:02:29] WARNING [django.request:248] Not Found: /user/1/customer/fonts/Vazir-Regular-UI.ttf
[2025-03-14 17:02:29] WARNING [django.request:248] Not Found: /user/1/customer/fonts/Vazir-Regular-UI.ttf
[2025-03-14 17:02:34] WARNING [django.request:248] Not Found: /user/1/customer/fonts/Vazir-Regular-UI.ttf
[2025-03-14 17:04:24] WARNING [django.request:248] Not Found: /user/profile/fonts/Vazir-Regular-UI.ttf
[2025-03-14 17:04:29] WARNING [django.request:248] Not Found: /user/customers/fonts/Vazir-Regular-UI.ttf
[2025-03-14 17:04:31] WARNING [django.request:248] Not Found: /user/2/customer/fonts/Vazir-Regular-UI.ttf
[2025-03-14 17:04:53] WARNING [django.request:248] Not Found: /user/2/customer/fonts/Vazir-Regular-UI.ttf
[2025-03-14 17:05:19] WARNING [django.request:248] Not Found: /user/2/customer/fonts/Vazir-Regular-UI.ttf
[2025-03-14 17:05:31] WARNING [django.request:248] Not Found: /user/2/customer/fonts/Vazir-Regular-UI.ttf
[2025-03-14 17:05:32] WARNING [django.request:248] Not Found: /user/2/customer/fonts/Vazir-Regular-UI.ttf
[2025-03-14 17:05:33] WARNING [django.request:248] Not Found: /user/2/customer/fonts/Vazir-Regular-UI.ttf
[2025-03-14 17:05:33] WARNING [django.request:248] Not Found: /user/2/customer/fonts/Vazir-Regular-UI.ttf
[2025-03-14 17:05:34] WARNING [django.request:248] Not Found: /user/2/customer/fonts/Vazir-Regular-UI.ttf
[2025-03-14 17:05:42] WARNING [django.request:248] Not Found: /user/1/customer/fonts/Vazir-Regular-UI.ttf
[2025-03-14 17:05:55] WARNING [django.request:248] Not Found: /user/1/customer/fonts/Vazir-Regular-UI.ttf
[2025-03-14 17:05:55] WARNING [django.request:248] Not Found: /user/1/customer/fonts/Vazir-Regular-UI.ttf
[2025-03-14 17:05:56] WARNING [django.request:248] Not Found: /user/1/customer/fonts/Vazir-Regular-UI.ttf
[2025-03-14 17:05:57] WARNING [django.request:248] Not Found: /user/1/customer/fonts/Vazir-Regular-UI.ttf
[2025-03-14 17:05:57] WARNING [django.request:248] Not Found: /user/1/customer/fonts/Vazir-Regular-UI.ttf
[2025-03-14 17:08:13] WARNING [django.request:248] Not Found: /api/placeholder/400/200
[2025-03-14 17:08:13] WARNING [django.request:248] Not Found: /user/1/customer/fonts/Vazir-Regular-UI.ttf
[2025-03-14 17:08:21] WARNING [django.request:248] Not Found: /user/profile/fonts/Vazir-Regular-UI.ttf
[2025-03-14 17:08:23] WARNING [django.request:248] Not Found: /user/customers/fonts/Vazir-Regular-UI.ttf
[2025-03-14 17:08:24] WARNING [django.request:248] Not Found: /api/placeholder/400/200
[2025-03-14 17:08:24] WARNING [django.request:248] Not Found: /user/2/customer/fonts/Vazir-Regular-UI.ttf
[2025-03-14 17:09:52] WARNING [django.request:248] Not Found: /api/placeholder/400/200
[2025-03-14 17:09:52] WARNING [django.request:248] Not Found: /user/2/customer/fonts/Vazir-Regular-UI.ttf
[2025-03-14 17:09:55] WARNING [django.request:248] Not Found: /api/placeholder/400/200
[2025-03-14 17:09:55] WARNING [django.request:248] Not Found: /user/2/customer/fonts/Vazir-Regular-UI.ttf
[2025-03-14 17:09:56] WARNING [django.request:248] Not Found: /api/placeholder/400/200
[2025-03-14 17:09:56] WARNING [django.request:248] Not Found: /user/2/customer/fonts/Vazir-Regular-UI.ttf
[2025-03-14 17:10:25] WARNING [django.request:248] Not Found: /api/placeholder/400/200
[2025-03-14 17:10:25] WARNING [django.request:248] Not Found: /user/2/customer/fonts/Vazir-Regular-UI.ttf
[2025-03-14 17:10:26] WARNING [django.request:248] Not Found: /api/placeholder/400/200
[2025-03-14 17:10:26] WARNING [django.request:248] Not Found: /user/2/customer/fonts/Vazir-Regular-UI.ttf
[2025-03-14 17:10:27] WARNING [django.request:248] Not Found: /api/placeholder/400/200
[2025-03-14 17:10:28] WARNING [django.request:248] Not Found: /user/2/customer/fonts/Vazir-Regular-UI.ttf
[2025-03-14 17:10:28] WARNING [django.request:248] Not Found: /favicon.ico
[2025-03-14 17:15:50] WARNING [django.request:248] Not Found: /api/placeholder/400/200
[2025-03-14 17:15:50] WARNING [django.request:248] Not Found: /user/2/customer/fonts/Vazir-Regular-UI.ttf
[2025-03-14 17:15:52] WARNING [django.request:248] Not Found: /user/add/fonts/Vazir-Regular-UI.ttf
[2025-03-14 17:15:56] WARNING [django.request:248] Not Found: /user/profile/fonts/Vazir-Regular-UI.ttf
[2025-03-14 17:15:58] WARNING [django.request:248] Not Found: /user/customers/fonts/Vazir-Regular-UI.ttf
[2025-03-14 17:15:59] WARNING [django.request:248] Not Found: /api/placeholder/400/200
[2025-03-14 17:15:59] WARNING [django.request:248] Not Found: /user/2/customer/fonts/Vazir-Regular-UI.ttf
[2025-03-14 17:16:31] WARNING [django.request:248] Not Found: /user/2/customer/fonts/Vazir-Regular-UI.ttf
[2025-03-14 17:17:33] WARNING [django.request:248] Not Found: /user/2/customer/fonts/Vazir-Regular-UI.ttf
[2025-03-14 17:17:38] WARNING [django.request:248] Not Found: /user/2/customer/fonts/Vazir-Regular-UI.ttf
[2025-03-14 17:18:28] INFO [django.utils.autoreload:266] /home/akh/shared/nobat/user/views.py changed, reloading.
[2025-03-14 17:18:30] INFO [django.utils.autoreload:668] Watching for file changes with StatReloader
[2025-03-14 17:18:40] WARNING [django.request:248] Not Found: /user/2/customer/fonts/Vazir-Regular-UI.ttf
[2025-03-14 17:18:48] WARNING [django.request:248] Not Found: /user/1/customer/fonts/Vazir-Regular-UI.ttf
[2025-03-14 17:19:09] INFO [django.utils.autoreload:266] /home/akh/shared/nobat/user/views.py changed, reloading.
[2025-03-14 17:19:11] INFO [django.utils.autoreload:668] Watching for file changes with StatReloader
[2025-03-14 17:19:19] WARNING [django.request:248] Not Found: /user/1/customer/fonts/Vazir-Regular-UI.ttf
[2025-03-14 17:20:06] INFO [django.utils.autoreload:266] /home/akh/shared/nobat/user/views.py changed, reloading.
[2025-03-14 17:20:08] INFO [django.utils.autoreload:668] Watching for file changes with StatReloader
[2025-03-14 17:20:16] WARNING [django.request:248] Not Found: /user/1/customer/fonts/Vazir-Regular-UI.ttf
[2025-03-14 17:21:20] WARNING [django.request:248] Not Found: /user/1/customer/fonts/Vazir-Regular-UI.ttf
[2025-03-14 17:21:21] WARNING [django.request:248] Not Found: /user/1/customer/fonts/Vazir-Regular-UI.ttf
[2025-03-14 17:23:15] WARNING [django.request:248] Not Found: /user/customers/fonts/Vazir-Regular-UI.ttf
[2025-03-14 17:23:16] WARNING [django.request:248] Not Found: /user/1/customer/fonts/Vazir-Regular-UI.ttf
[2025-03-14 17:23:19] WARNING [django.request:248] Not Found: /user/customers/fonts/Vazir-Regular-UI.ttf
[2025-03-14 17:23:19] ERROR [django.request:248] Internal Server Error: /user/2/customer/
Traceback (most recent call last):
  File "/home/akh/.virtualenvs/work/lib/python3.11/site-packages/django/core/handlers/exception.py", line 55, in inner
    response = get_response(request)
               ^^^^^^^^^^^^^^^^^^^^^
  File "/home/akh/.virtualenvs/work/lib/python3.11/site-packages/django/core/handlers/base.py", line 197, in _get_response
    response = wrapped_callback(request, *callback_args, **callback_kwargs)
               ^^^^^^^^^^^^^^^^^^^^^^^^^^^^^^^^^^^^^^^^^^^^^^^^^^^^^^^^^^^^
  File "/home/akh/.virtualenvs/work/lib/python3.11/site-packages/django/contrib/auth/decorators.py", line 60, in _view_wrapper
    return view_func(request, *args, **kwargs)
           ^^^^^^^^^^^^^^^^^^^^^^^^^^^^^^^^^^^
  File "/home/akh/shared/nobat/user/views.py", line 93, in customer_detail
    print('1111111111111111', customer.result_image.url)
                              ^^^^^^^^^^^^^^^^^^^^^^^^^
  File "/home/akh/.virtualenvs/work/lib/python3.11/site-packages/django/db/models/fields/files.py", line 69, in url
    self._require_file()
  File "/home/akh/.virtualenvs/work/lib/python3.11/site-packages/django/db/models/fields/files.py", line 44, in _require_file
    raise ValueError(
ValueError: The 'result_image' attribute has no file associated with it.
[2025-03-14 17:24:49] ERROR [django.request:248] Internal Server Error: /user/2/customer/
Traceback (most recent call last):
  File "/home/akh/.virtualenvs/work/lib/python3.11/site-packages/django/core/handlers/exception.py", line 55, in inner
    response = get_response(request)
               ^^^^^^^^^^^^^^^^^^^^^
  File "/home/akh/.virtualenvs/work/lib/python3.11/site-packages/django/core/handlers/base.py", line 197, in _get_response
    response = wrapped_callback(request, *callback_args, **callback_kwargs)
               ^^^^^^^^^^^^^^^^^^^^^^^^^^^^^^^^^^^^^^^^^^^^^^^^^^^^^^^^^^^^
  File "/home/akh/.virtualenvs/work/lib/python3.11/site-packages/django/contrib/auth/decorators.py", line 60, in _view_wrapper
    return view_func(request, *args, **kwargs)
           ^^^^^^^^^^^^^^^^^^^^^^^^^^^^^^^^^^^
  File "/home/akh/shared/nobat/user/views.py", line 93, in customer_detail
    print('1111111111111111', customer.result_image.url)
                              ^^^^^^^^^^^^^^^^^^^^^^^^^
  File "/home/akh/.virtualenvs/work/lib/python3.11/site-packages/django/db/models/fields/files.py", line 69, in url
    self._require_file()
  File "/home/akh/.virtualenvs/work/lib/python3.11/site-packages/django/db/models/fields/files.py", line 44, in _require_file
    raise ValueError(
ValueError: The 'result_image' attribute has no file associated with it.
[2025-03-14 17:24:50] ERROR [django.request:248] Internal Server Error: /user/2/customer/
Traceback (most recent call last):
  File "/home/akh/.virtualenvs/work/lib/python3.11/site-packages/django/core/handlers/exception.py", line 55, in inner
    response = get_response(request)
               ^^^^^^^^^^^^^^^^^^^^^
  File "/home/akh/.virtualenvs/work/lib/python3.11/site-packages/django/core/handlers/base.py", line 197, in _get_response
    response = wrapped_callback(request, *callback_args, **callback_kwargs)
               ^^^^^^^^^^^^^^^^^^^^^^^^^^^^^^^^^^^^^^^^^^^^^^^^^^^^^^^^^^^^
  File "/home/akh/.virtualenvs/work/lib/python3.11/site-packages/django/contrib/auth/decorators.py", line 60, in _view_wrapper
    return view_func(request, *args, **kwargs)
           ^^^^^^^^^^^^^^^^^^^^^^^^^^^^^^^^^^^
  File "/home/akh/shared/nobat/user/views.py", line 93, in customer_detail
    print('1111111111111111', customer.result_image.url)
                              ^^^^^^^^^^^^^^^^^^^^^^^^^
  File "/home/akh/.virtualenvs/work/lib/python3.11/site-packages/django/db/models/fields/files.py", line 69, in url
    self._require_file()
  File "/home/akh/.virtualenvs/work/lib/python3.11/site-packages/django/db/models/fields/files.py", line 44, in _require_file
    raise ValueError(
ValueError: The 'result_image' attribute has no file associated with it.
[2025-03-14 17:24:52] ERROR [django.request:248] Internal Server Error: /user/2/customer/
Traceback (most recent call last):
  File "/home/akh/.virtualenvs/work/lib/python3.11/site-packages/django/core/handlers/exception.py", line 55, in inner
    response = get_response(request)
               ^^^^^^^^^^^^^^^^^^^^^
  File "/home/akh/.virtualenvs/work/lib/python3.11/site-packages/django/core/handlers/base.py", line 197, in _get_response
    response = wrapped_callback(request, *callback_args, **callback_kwargs)
               ^^^^^^^^^^^^^^^^^^^^^^^^^^^^^^^^^^^^^^^^^^^^^^^^^^^^^^^^^^^^
  File "/home/akh/.virtualenvs/work/lib/python3.11/site-packages/django/contrib/auth/decorators.py", line 60, in _view_wrapper
    return view_func(request, *args, **kwargs)
           ^^^^^^^^^^^^^^^^^^^^^^^^^^^^^^^^^^^
  File "/home/akh/shared/nobat/user/views.py", line 93, in customer_detail
    print('1111111111111111', customer.result_image.url)
                              ^^^^^^^^^^^^^^^^^^^^^^^^^
  File "/home/akh/.virtualenvs/work/lib/python3.11/site-packages/django/db/models/fields/files.py", line 69, in url
    self._require_file()
  File "/home/akh/.virtualenvs/work/lib/python3.11/site-packages/django/db/models/fields/files.py", line 44, in _require_file
    raise ValueError(
ValueError: The 'result_image' attribute has no file associated with it.
[2025-03-14 17:24:53] ERROR [django.request:248] Internal Server Error: /user/2/customer/
Traceback (most recent call last):
  File "/home/akh/.virtualenvs/work/lib/python3.11/site-packages/django/core/handlers/exception.py", line 55, in inner
    response = get_response(request)
               ^^^^^^^^^^^^^^^^^^^^^
  File "/home/akh/.virtualenvs/work/lib/python3.11/site-packages/django/core/handlers/base.py", line 197, in _get_response
    response = wrapped_callback(request, *callback_args, **callback_kwargs)
               ^^^^^^^^^^^^^^^^^^^^^^^^^^^^^^^^^^^^^^^^^^^^^^^^^^^^^^^^^^^^
  File "/home/akh/.virtualenvs/work/lib/python3.11/site-packages/django/contrib/auth/decorators.py", line 60, in _view_wrapper
    return view_func(request, *args, **kwargs)
           ^^^^^^^^^^^^^^^^^^^^^^^^^^^^^^^^^^^
  File "/home/akh/shared/nobat/user/views.py", line 93, in customer_detail
    print('1111111111111111', customer.result_image.url)
                              ^^^^^^^^^^^^^^^^^^^^^^^^^
  File "/home/akh/.virtualenvs/work/lib/python3.11/site-packages/django/db/models/fields/files.py", line 69, in url
    self._require_file()
  File "/home/akh/.virtualenvs/work/lib/python3.11/site-packages/django/db/models/fields/files.py", line 44, in _require_file
    raise ValueError(
ValueError: The 'result_image' attribute has no file associated with it.
[2025-03-14 17:25:08] ERROR [django.request:248] Internal Server Error: /user/2/customer/
Traceback (most recent call last):
  File "/home/akh/.virtualenvs/work/lib/python3.11/site-packages/django/core/handlers/exception.py", line 55, in inner
    response = get_response(request)
               ^^^^^^^^^^^^^^^^^^^^^
  File "/home/akh/.virtualenvs/work/lib/python3.11/site-packages/django/core/handlers/base.py", line 197, in _get_response
    response = wrapped_callback(request, *callback_args, **callback_kwargs)
               ^^^^^^^^^^^^^^^^^^^^^^^^^^^^^^^^^^^^^^^^^^^^^^^^^^^^^^^^^^^^
  File "/home/akh/.virtualenvs/work/lib/python3.11/site-packages/django/contrib/auth/decorators.py", line 60, in _view_wrapper
    return view_func(request, *args, **kwargs)
           ^^^^^^^^^^^^^^^^^^^^^^^^^^^^^^^^^^^
  File "/home/akh/shared/nobat/user/views.py", line 93, in customer_detail
    print('1111111111111111', customer.result_image.url)
                              ^^^^^^^^^^^^^^^^^^^^^^^^^
  File "/home/akh/.virtualenvs/work/lib/python3.11/site-packages/django/db/models/fields/files.py", line 69, in url
    self._require_file()
  File "/home/akh/.virtualenvs/work/lib/python3.11/site-packages/django/db/models/fields/files.py", line 44, in _require_file
    raise ValueError(
ValueError: The 'result_image' attribute has no file associated with it.
[2025-03-14 17:25:09] ERROR [django.request:248] Internal Server Error: /user/2/customer/
Traceback (most recent call last):
  File "/home/akh/.virtualenvs/work/lib/python3.11/site-packages/django/core/handlers/exception.py", line 55, in inner
    response = get_response(request)
               ^^^^^^^^^^^^^^^^^^^^^
  File "/home/akh/.virtualenvs/work/lib/python3.11/site-packages/django/core/handlers/base.py", line 197, in _get_response
    response = wrapped_callback(request, *callback_args, **callback_kwargs)
               ^^^^^^^^^^^^^^^^^^^^^^^^^^^^^^^^^^^^^^^^^^^^^^^^^^^^^^^^^^^^
  File "/home/akh/.virtualenvs/work/lib/python3.11/site-packages/django/contrib/auth/decorators.py", line 60, in _view_wrapper
    return view_func(request, *args, **kwargs)
           ^^^^^^^^^^^^^^^^^^^^^^^^^^^^^^^^^^^
  File "/home/akh/shared/nobat/user/views.py", line 93, in customer_detail
    print('1111111111111111', customer.result_image.url)
                              ^^^^^^^^^^^^^^^^^^^^^^^^^
  File "/home/akh/.virtualenvs/work/lib/python3.11/site-packages/django/db/models/fields/files.py", line 69, in url
    self._require_file()
  File "/home/akh/.virtualenvs/work/lib/python3.11/site-packages/django/db/models/fields/files.py", line 44, in _require_file
    raise ValueError(
ValueError: The 'result_image' attribute has no file associated with it.
[2025-03-14 17:25:10] ERROR [django.request:248] Internal Server Error: /user/2/customer/
Traceback (most recent call last):
  File "/home/akh/.virtualenvs/work/lib/python3.11/site-packages/django/core/handlers/exception.py", line 55, in inner
    response = get_response(request)
               ^^^^^^^^^^^^^^^^^^^^^
  File "/home/akh/.virtualenvs/work/lib/python3.11/site-packages/django/core/handlers/base.py", line 197, in _get_response
    response = wrapped_callback(request, *callback_args, **callback_kwargs)
               ^^^^^^^^^^^^^^^^^^^^^^^^^^^^^^^^^^^^^^^^^^^^^^^^^^^^^^^^^^^^
  File "/home/akh/.virtualenvs/work/lib/python3.11/site-packages/django/contrib/auth/decorators.py", line 60, in _view_wrapper
    return view_func(request, *args, **kwargs)
           ^^^^^^^^^^^^^^^^^^^^^^^^^^^^^^^^^^^
  File "/home/akh/shared/nobat/user/views.py", line 93, in customer_detail
    print('1111111111111111', customer.result_image.url)
                              ^^^^^^^^^^^^^^^^^^^^^^^^^
  File "/home/akh/.virtualenvs/work/lib/python3.11/site-packages/django/db/models/fields/files.py", line 69, in url
    self._require_file()
  File "/home/akh/.virtualenvs/work/lib/python3.11/site-packages/django/db/models/fields/files.py", line 44, in _require_file
    raise ValueError(
ValueError: The 'result_image' attribute has no file associated with it.
[2025-03-14 17:25:32] INFO [django.utils.autoreload:266] /home/akh/shared/nobat/user/views.py changed, reloading.
[2025-03-14 17:25:33] INFO [django.utils.autoreload:668] Watching for file changes with StatReloader
[2025-03-14 17:25:39] ERROR [django.request:248] Internal Server Error: /user/2/customer/
Traceback (most recent call last):
  File "/home/akh/.virtualenvs/work/lib/python3.11/site-packages/django/template/base.py", line 883, in _resolve_lookup
    current = current[bit]
              ~~~~~~~^^^^^
TypeError: 'ImageFieldFile' object is not subscriptable

During handling of the above exception, another exception occurred:

Traceback (most recent call last):
  File "/home/akh/.virtualenvs/work/lib/python3.11/site-packages/django/core/handlers/exception.py", line 55, in inner
    response = get_response(request)
               ^^^^^^^^^^^^^^^^^^^^^
  File "/home/akh/.virtualenvs/work/lib/python3.11/site-packages/django/core/handlers/base.py", line 197, in _get_response
    response = wrapped_callback(request, *callback_args, **callback_kwargs)
               ^^^^^^^^^^^^^^^^^^^^^^^^^^^^^^^^^^^^^^^^^^^^^^^^^^^^^^^^^^^^
  File "/home/akh/.virtualenvs/work/lib/python3.11/site-packages/django/contrib/auth/decorators.py", line 60, in _view_wrapper
    return view_func(request, *args, **kwargs)
           ^^^^^^^^^^^^^^^^^^^^^^^^^^^^^^^^^^^
  File "/home/akh/shared/nobat/user/views.py", line 93, in customer_detail
    return render(request, 'app1/customer_detail.html', {'customer': customer})
           ^^^^^^^^^^^^^^^^^^^^^^^^^^^^^^^^^^^^^^^^^^^^^^^^^^^^^^^^^^^^^^^^^^^^
  File "/home/akh/.virtualenvs/work/lib/python3.11/site-packages/django/shortcuts.py", line 25, in render
    content = loader.render_to_string(template_name, context, request, using=using)
              ^^^^^^^^^^^^^^^^^^^^^^^^^^^^^^^^^^^^^^^^^^^^^^^^^^^^^^^^^^^^^^^^^^^^^
  File "/home/akh/.virtualenvs/work/lib/python3.11/site-packages/django/template/loader.py", line 62, in render_to_string
    return template.render(context, request)
           ^^^^^^^^^^^^^^^^^^^^^^^^^^^^^^^^^
  File "/home/akh/.virtualenvs/work/lib/python3.11/site-packages/django/template/backends/django.py", line 107, in render
    return self.template.render(context)
           ^^^^^^^^^^^^^^^^^^^^^^^^^^^^^
  File "/home/akh/.virtualenvs/work/lib/python3.11/site-packages/django/template/base.py", line 171, in render
    return self._render(context)
           ^^^^^^^^^^^^^^^^^^^^^
  File "/home/akh/.virtualenvs/work/lib/python3.11/site-packages/django/template/base.py", line 163, in _render
    return self.nodelist.render(context)
           ^^^^^^^^^^^^^^^^^^^^^^^^^^^^^
  File "/home/akh/.virtualenvs/work/lib/python3.11/site-packages/django/template/base.py", line 1008, in render
    return SafeString("".join([node.render_annotated(context) for node in self]))
                              ^^^^^^^^^^^^^^^^^^^^^^^^^^^^^^^^^^^^^^^^^^^^^^^^^
  File "/home/akh/.virtualenvs/work/lib/python3.11/site-packages/django/template/base.py", line 1008, in <listcomp>
    return SafeString("".join([node.render_annotated(context) for node in self]))
                               ^^^^^^^^^^^^^^^^^^^^^^^^^^^^^^
  File "/home/akh/.virtualenvs/work/lib/python3.11/site-packages/django/template/base.py", line 969, in render_annotated
    return self.render(context)
           ^^^^^^^^^^^^^^^^^^^^
  File "/home/akh/.virtualenvs/work/lib/python3.11/site-packages/django/template/loader_tags.py", line 159, in render
    return compiled_parent._render(context)
           ^^^^^^^^^^^^^^^^^^^^^^^^^^^^^^^^
  File "/home/akh/.virtualenvs/work/lib/python3.11/site-packages/django/template/base.py", line 163, in _render
    return self.nodelist.render(context)
           ^^^^^^^^^^^^^^^^^^^^^^^^^^^^^
  File "/home/akh/.virtualenvs/work/lib/python3.11/site-packages/django/template/base.py", line 1008, in render
    return SafeString("".join([node.render_annotated(context) for node in self]))
                              ^^^^^^^^^^^^^^^^^^^^^^^^^^^^^^^^^^^^^^^^^^^^^^^^^
  File "/home/akh/.virtualenvs/work/lib/python3.11/site-packages/django/template/base.py", line 1008, in <listcomp>
    return SafeString("".join([node.render_annotated(context) for node in self]))
                               ^^^^^^^^^^^^^^^^^^^^^^^^^^^^^^
  File "/home/akh/.virtualenvs/work/lib/python3.11/site-packages/django/template/base.py", line 969, in render_annotated
    return self.render(context)
           ^^^^^^^^^^^^^^^^^^^^
  File "/home/akh/.virtualenvs/work/lib/python3.11/site-packages/django/template/loader_tags.py", line 65, in render
    result = block.nodelist.render(context)
             ^^^^^^^^^^^^^^^^^^^^^^^^^^^^^^
  File "/home/akh/.virtualenvs/work/lib/python3.11/site-packages/django/template/base.py", line 1008, in render
    return SafeString("".join([node.render_annotated(context) for node in self]))
                              ^^^^^^^^^^^^^^^^^^^^^^^^^^^^^^^^^^^^^^^^^^^^^^^^^
  File "/home/akh/.virtualenvs/work/lib/python3.11/site-packages/django/template/base.py", line 1008, in <listcomp>
    return SafeString("".join([node.render_annotated(context) for node in self]))
                               ^^^^^^^^^^^^^^^^^^^^^^^^^^^^^^
  File "/home/akh/.virtualenvs/work/lib/python3.11/site-packages/django/template/base.py", line 969, in render_annotated
    return self.render(context)
           ^^^^^^^^^^^^^^^^^^^^
  File "/home/akh/.virtualenvs/work/lib/python3.11/site-packages/django/template/base.py", line 1067, in render
    output = self.filter_expression.resolve(context)
             ^^^^^^^^^^^^^^^^^^^^^^^^^^^^^^^^^^^^^^^
  File "/home/akh/.virtualenvs/work/lib/python3.11/site-packages/django/template/base.py", line 718, in resolve
    obj = self.var.resolve(context)
          ^^^^^^^^^^^^^^^^^^^^^^^^^
  File "/home/akh/.virtualenvs/work/lib/python3.11/site-packages/django/template/base.py", line 850, in resolve
    value = self._resolve_lookup(context)
            ^^^^^^^^^^^^^^^^^^^^^^^^^^^^^
  File "/home/akh/.virtualenvs/work/lib/python3.11/site-packages/django/template/base.py", line 893, in _resolve_lookup
    current = getattr(current, bit)
              ^^^^^^^^^^^^^^^^^^^^^
  File "/home/akh/.virtualenvs/work/lib/python3.11/site-packages/django/db/models/fields/files.py", line 69, in url
    self._require_file()
  File "/home/akh/.virtualenvs/work/lib/python3.11/site-packages/django/db/models/fields/files.py", line 44, in _require_file
    raise ValueError(
ValueError: The 'result_image' attribute has no file associated with it.
[2025-03-14 17:25:47] ERROR [django.request:248] Internal Server Error: /user/2/customer/
Traceback (most recent call last):
  File "/home/akh/.virtualenvs/work/lib/python3.11/site-packages/django/template/base.py", line 883, in _resolve_lookup
    current = current[bit]
              ~~~~~~~^^^^^
TypeError: 'ImageFieldFile' object is not subscriptable

During handling of the above exception, another exception occurred:

Traceback (most recent call last):
  File "/home/akh/.virtualenvs/work/lib/python3.11/site-packages/django/core/handlers/exception.py", line 55, in inner
    response = get_response(request)
               ^^^^^^^^^^^^^^^^^^^^^
  File "/home/akh/.virtualenvs/work/lib/python3.11/site-packages/django/core/handlers/base.py", line 197, in _get_response
    response = wrapped_callback(request, *callback_args, **callback_kwargs)
               ^^^^^^^^^^^^^^^^^^^^^^^^^^^^^^^^^^^^^^^^^^^^^^^^^^^^^^^^^^^^
  File "/home/akh/.virtualenvs/work/lib/python3.11/site-packages/django/contrib/auth/decorators.py", line 60, in _view_wrapper
    return view_func(request, *args, **kwargs)
           ^^^^^^^^^^^^^^^^^^^^^^^^^^^^^^^^^^^
  File "/home/akh/shared/nobat/user/views.py", line 93, in customer_detail
    return render(request, 'app1/customer_detail.html', {'customer': customer})
           ^^^^^^^^^^^^^^^^^^^^^^^^^^^^^^^^^^^^^^^^^^^^^^^^^^^^^^^^^^^^^^^^^^^^
  File "/home/akh/.virtualenvs/work/lib/python3.11/site-packages/django/shortcuts.py", line 25, in render
    content = loader.render_to_string(template_name, context, request, using=using)
              ^^^^^^^^^^^^^^^^^^^^^^^^^^^^^^^^^^^^^^^^^^^^^^^^^^^^^^^^^^^^^^^^^^^^^
  File "/home/akh/.virtualenvs/work/lib/python3.11/site-packages/django/template/loader.py", line 62, in render_to_string
    return template.render(context, request)
           ^^^^^^^^^^^^^^^^^^^^^^^^^^^^^^^^^
  File "/home/akh/.virtualenvs/work/lib/python3.11/site-packages/django/template/backends/django.py", line 107, in render
    return self.template.render(context)
           ^^^^^^^^^^^^^^^^^^^^^^^^^^^^^
  File "/home/akh/.virtualenvs/work/lib/python3.11/site-packages/django/template/base.py", line 171, in render
    return self._render(context)
           ^^^^^^^^^^^^^^^^^^^^^
  File "/home/akh/.virtualenvs/work/lib/python3.11/site-packages/django/template/base.py", line 163, in _render
    return self.nodelist.render(context)
           ^^^^^^^^^^^^^^^^^^^^^^^^^^^^^
  File "/home/akh/.virtualenvs/work/lib/python3.11/site-packages/django/template/base.py", line 1008, in render
    return SafeString("".join([node.render_annotated(context) for node in self]))
                              ^^^^^^^^^^^^^^^^^^^^^^^^^^^^^^^^^^^^^^^^^^^^^^^^^
  File "/home/akh/.virtualenvs/work/lib/python3.11/site-packages/django/template/base.py", line 1008, in <listcomp>
    return SafeString("".join([node.render_annotated(context) for node in self]))
                               ^^^^^^^^^^^^^^^^^^^^^^^^^^^^^^
  File "/home/akh/.virtualenvs/work/lib/python3.11/site-packages/django/template/base.py", line 969, in render_annotated
    return self.render(context)
           ^^^^^^^^^^^^^^^^^^^^
  File "/home/akh/.virtualenvs/work/lib/python3.11/site-packages/django/template/loader_tags.py", line 159, in render
    return compiled_parent._render(context)
           ^^^^^^^^^^^^^^^^^^^^^^^^^^^^^^^^
  File "/home/akh/.virtualenvs/work/lib/python3.11/site-packages/django/template/base.py", line 163, in _render
    return self.nodelist.render(context)
           ^^^^^^^^^^^^^^^^^^^^^^^^^^^^^
  File "/home/akh/.virtualenvs/work/lib/python3.11/site-packages/django/template/base.py", line 1008, in render
    return SafeString("".join([node.render_annotated(context) for node in self]))
                              ^^^^^^^^^^^^^^^^^^^^^^^^^^^^^^^^^^^^^^^^^^^^^^^^^
  File "/home/akh/.virtualenvs/work/lib/python3.11/site-packages/django/template/base.py", line 1008, in <listcomp>
    return SafeString("".join([node.render_annotated(context) for node in self]))
                               ^^^^^^^^^^^^^^^^^^^^^^^^^^^^^^
  File "/home/akh/.virtualenvs/work/lib/python3.11/site-packages/django/template/base.py", line 969, in render_annotated
    return self.render(context)
           ^^^^^^^^^^^^^^^^^^^^
  File "/home/akh/.virtualenvs/work/lib/python3.11/site-packages/django/template/loader_tags.py", line 65, in render
    result = block.nodelist.render(context)
             ^^^^^^^^^^^^^^^^^^^^^^^^^^^^^^
  File "/home/akh/.virtualenvs/work/lib/python3.11/site-packages/django/template/base.py", line 1008, in render
    return SafeString("".join([node.render_annotated(context) for node in self]))
                              ^^^^^^^^^^^^^^^^^^^^^^^^^^^^^^^^^^^^^^^^^^^^^^^^^
  File "/home/akh/.virtualenvs/work/lib/python3.11/site-packages/django/template/base.py", line 1008, in <listcomp>
    return SafeString("".join([node.render_annotated(context) for node in self]))
                               ^^^^^^^^^^^^^^^^^^^^^^^^^^^^^^
  File "/home/akh/.virtualenvs/work/lib/python3.11/site-packages/django/template/base.py", line 969, in render_annotated
    return self.render(context)
           ^^^^^^^^^^^^^^^^^^^^
  File "/home/akh/.virtualenvs/work/lib/python3.11/site-packages/django/template/base.py", line 1067, in render
    output = self.filter_expression.resolve(context)
             ^^^^^^^^^^^^^^^^^^^^^^^^^^^^^^^^^^^^^^^
  File "/home/akh/.virtualenvs/work/lib/python3.11/site-packages/django/template/base.py", line 718, in resolve
    obj = self.var.resolve(context)
          ^^^^^^^^^^^^^^^^^^^^^^^^^
  File "/home/akh/.virtualenvs/work/lib/python3.11/site-packages/django/template/base.py", line 850, in resolve
    value = self._resolve_lookup(context)
            ^^^^^^^^^^^^^^^^^^^^^^^^^^^^^
  File "/home/akh/.virtualenvs/work/lib/python3.11/site-packages/django/template/base.py", line 893, in _resolve_lookup
    current = getattr(current, bit)
              ^^^^^^^^^^^^^^^^^^^^^
  File "/home/akh/.virtualenvs/work/lib/python3.11/site-packages/django/db/models/fields/files.py", line 69, in url
    self._require_file()
  File "/home/akh/.virtualenvs/work/lib/python3.11/site-packages/django/db/models/fields/files.py", line 44, in _require_file
    raise ValueError(
ValueError: The 'result_image' attribute has no file associated with it.
[2025-03-14 17:26:33] WARNING [django.request:248] Not Found: /user/2/customer/fonts/Vazir-Regular-UI.ttf
[2025-03-14 17:26:38] WARNING [django.request:248] Not Found: /user/customers/fonts/Vazir-Regular-UI.ttf
[2025-03-14 17:27:08] WARNING [django.request:248] Not Found: /user/edit/fonts/Vazir-Regular-UI.ttf
[2025-03-14 17:33:13] WARNING [django.request:248] Not Found: /user/customers/fonts/Vazir-Regular-UI.ttf
[2025-03-14 17:33:14] WARNING [django.request:248] Not Found: /user/2/customer/fonts/Vazir-Regular-UI.ttf
[2025-03-14 17:33:38] WARNING [django.request:248] Not Found: /user/2/customer/fonts/Vazir-Regular-UI.ttf
[2025-03-14 17:35:13] WARNING [django.request:248] Not Found: /user/2/customer/fonts/Vazir-Regular-UI.ttf
[2025-03-14 17:35:14] WARNING [django.request:248] Not Found: /user/2/customer/fonts/Vazir-Regular-UI.ttf
[2025-03-14 17:35:15] WARNING [django.request:248] Not Found: /user/2/customer/fonts/Vazir-Regular-UI.ttf
[2025-03-14 17:35:15] WARNING [django.request:248] Not Found: /user/2/customer/fonts/Vazir-Regular-UI.ttf
[2025-03-14 17:36:26] WARNING [django.request:248] Not Found: /user/2/customer/fonts/Vazir-Regular-UI.ttf
[2025-03-14 17:36:27] WARNING [django.request:248] Not Found: /user/2/customer/fonts/Vazir-Regular-UI.ttf
[2025-03-14 17:36:55] WARNING [django.request:248] Not Found: /user/2/customer/fonts/Vazir-Regular-UI.ttf
[2025-03-14 17:36:56] WARNING [django.request:248] Not Found: /user/2/customer/fonts/Vazir-Regular-UI.ttf
[2025-03-14 17:37:04] WARNING [django.request:248] Not Found: /user/2/customer/fonts/Vazir-Regular-UI.ttf
[2025-03-14 17:37:05] WARNING [django.request:248] Not Found: /user/2/customer/fonts/Vazir-Regular-UI.ttf
[2025-03-14 17:37:09] WARNING [django.request:248] Not Found: /user/2/customer/fonts/Vazir-Regular-UI.ttf
[2025-03-14 17:37:28] WARNING [django.request:248] Not Found: /user/profile/fonts/Vazir-Regular-UI.ttf
[2025-03-14 17:37:53] ERROR [django.request:248] Internal Server Error: /crawl/
Traceback (most recent call last):
  File "/home/akh/.virtualenvs/work/lib/python3.11/site-packages/selenium/webdriver/common/driver_finder.py", line 67, in _binary_paths
    output = SeleniumManager().binary_paths(self._to_args())
             ^^^^^^^^^^^^^^^^^^^^^^^^^^^^^^^^^^^^^^^^^^^^^^^
  File "/home/akh/.virtualenvs/work/lib/python3.11/site-packages/selenium/webdriver/common/selenium_manager.py", line 55, in binary_paths
    return self._run(args)
           ^^^^^^^^^^^^^^^
  File "/home/akh/.virtualenvs/work/lib/python3.11/site-packages/selenium/webdriver/common/selenium_manager.py", line 129, in _run
    raise WebDriverException(
selenium.common.exceptions.WebDriverException: Message: Unsuccessful command executed: /home/akh/.virtualenvs/work/lib/python3.11/site-packages/selenium/webdriver/common/linux/selenium-manager --browser chrome --browser-path /home/akh/shared/nobat/chrome-linux64/chrome.exe --language-binding python --output json; code: 65
{'code': 65, 'message': 'Browser path does not exist: /home/akh/shared/nobat/chrome-linux64/chrome.exe', 'driver_path': '', 'browser_path': ''}



The above exception was the direct cause of the following exception:

Traceback (most recent call last):
  File "/home/akh/.virtualenvs/work/lib/python3.11/site-packages/django/core/handlers/exception.py", line 55, in inner
    response = get_response(request)
               ^^^^^^^^^^^^^^^^^^^^^
  File "/home/akh/.virtualenvs/work/lib/python3.11/site-packages/django/core/handlers/base.py", line 197, in _get_response
    response = wrapped_callback(request, *callback_args, **callback_kwargs)
               ^^^^^^^^^^^^^^^^^^^^^^^^^^^^^^^^^^^^^^^^^^^^^^^^^^^^^^^^^^^^
  File "/home/akh/.virtualenvs/work/lib/python3.11/site-packages/django/views/decorators/csrf.py", line 65, in _view_wrapper
    return view_func(request, *args, **kwargs)
           ^^^^^^^^^^^^^^^^^^^^^^^^^^^^^^^^^^^
  File "/home/akh/.virtualenvs/work/lib/python3.11/site-packages/django/views/generic/base.py", line 104, in view
    return self.dispatch(request, *args, **kwargs)
           ^^^^^^^^^^^^^^^^^^^^^^^^^^^^^^^^^^^^^^^
  File "/home/akh/.virtualenvs/work/lib/python3.11/site-packages/rest_framework/views.py", line 509, in dispatch
    response = self.handle_exception(exc)
               ^^^^^^^^^^^^^^^^^^^^^^^^^^
  File "/home/akh/.virtualenvs/work/lib/python3.11/site-packages/rest_framework/views.py", line 469, in handle_exception
    self.raise_uncaught_exception(exc)
  File "/home/akh/.virtualenvs/work/lib/python3.11/site-packages/rest_framework/views.py", line 480, in raise_uncaught_exception
    raise exc
  File "/home/akh/.virtualenvs/work/lib/python3.11/site-packages/rest_framework/views.py", line 506, in dispatch
    response = handler(request, *args, **kwargs)
               ^^^^^^^^^^^^^^^^^^^^^^^^^^^^^^^^^
  File "/home/akh/shared/nobat/main/views.py", line 76, in post
    driver = setup()
             ^^^^^^^
  File "/home/akh/shared/nobat/main/crawl.py", line 109, in setup
    driver = webdriver.Chrome(options=options)
             ^^^^^^^^^^^^^^^^^^^^^^^^^^^^^^^^^
  File "/home/akh/.virtualenvs/work/lib/python3.11/site-packages/selenium/webdriver/chrome/webdriver.py", line 45, in __init__
    super().__init__(
  File "/home/akh/.virtualenvs/work/lib/python3.11/site-packages/selenium/webdriver/chromium/webdriver.py", line 50, in __init__
    if finder.get_browser_path():
       ^^^^^^^^^^^^^^^^^^^^^^^^^
  File "/home/akh/.virtualenvs/work/lib/python3.11/site-packages/selenium/webdriver/common/driver_finder.py", line 47, in get_browser_path
    return self._binary_paths()["browser_path"]
           ^^^^^^^^^^^^^^^^^^^^
  File "/home/akh/.virtualenvs/work/lib/python3.11/site-packages/selenium/webdriver/common/driver_finder.py", line 78, in _binary_paths
    raise NoSuchDriverException(msg) from err
selenium.common.exceptions.NoSuchDriverException: Message: Unable to obtain driver for chrome; For documentation on this error, please visit: https://www.selenium.dev/documentation/webdriver/troubleshooting/errors/driver_location

[2025-03-14 17:37:58] ERROR [django.request:248] Internal Server Error: /crawl/
Traceback (most recent call last):
  File "/home/akh/.virtualenvs/work/lib/python3.11/site-packages/selenium/webdriver/common/driver_finder.py", line 67, in _binary_paths
    output = SeleniumManager().binary_paths(self._to_args())
             ^^^^^^^^^^^^^^^^^^^^^^^^^^^^^^^^^^^^^^^^^^^^^^^
  File "/home/akh/.virtualenvs/work/lib/python3.11/site-packages/selenium/webdriver/common/selenium_manager.py", line 55, in binary_paths
    return self._run(args)
           ^^^^^^^^^^^^^^^
  File "/home/akh/.virtualenvs/work/lib/python3.11/site-packages/selenium/webdriver/common/selenium_manager.py", line 129, in _run
    raise WebDriverException(
selenium.common.exceptions.WebDriverException: Message: Unsuccessful command executed: /home/akh/.virtualenvs/work/lib/python3.11/site-packages/selenium/webdriver/common/linux/selenium-manager --browser chrome --browser-path /home/akh/shared/nobat/chrome-linux64/chrome.exe --language-binding python --output json; code: 65
{'code': 65, 'message': 'Browser path does not exist: /home/akh/shared/nobat/chrome-linux64/chrome.exe', 'driver_path': '', 'browser_path': ''}



The above exception was the direct cause of the following exception:

Traceback (most recent call last):
  File "/home/akh/.virtualenvs/work/lib/python3.11/site-packages/django/core/handlers/exception.py", line 55, in inner
    response = get_response(request)
               ^^^^^^^^^^^^^^^^^^^^^
  File "/home/akh/.virtualenvs/work/lib/python3.11/site-packages/django/core/handlers/base.py", line 197, in _get_response
    response = wrapped_callback(request, *callback_args, **callback_kwargs)
               ^^^^^^^^^^^^^^^^^^^^^^^^^^^^^^^^^^^^^^^^^^^^^^^^^^^^^^^^^^^^
  File "/home/akh/.virtualenvs/work/lib/python3.11/site-packages/django/views/decorators/csrf.py", line 65, in _view_wrapper
    return view_func(request, *args, **kwargs)
           ^^^^^^^^^^^^^^^^^^^^^^^^^^^^^^^^^^^
  File "/home/akh/.virtualenvs/work/lib/python3.11/site-packages/django/views/generic/base.py", line 104, in view
    return self.dispatch(request, *args, **kwargs)
           ^^^^^^^^^^^^^^^^^^^^^^^^^^^^^^^^^^^^^^^
  File "/home/akh/.virtualenvs/work/lib/python3.11/site-packages/rest_framework/views.py", line 509, in dispatch
    response = self.handle_exception(exc)
               ^^^^^^^^^^^^^^^^^^^^^^^^^^
  File "/home/akh/.virtualenvs/work/lib/python3.11/site-packages/rest_framework/views.py", line 469, in handle_exception
    self.raise_uncaught_exception(exc)
  File "/home/akh/.virtualenvs/work/lib/python3.11/site-packages/rest_framework/views.py", line 480, in raise_uncaught_exception
    raise exc
  File "/home/akh/.virtualenvs/work/lib/python3.11/site-packages/rest_framework/views.py", line 506, in dispatch
    response = handler(request, *args, **kwargs)
               ^^^^^^^^^^^^^^^^^^^^^^^^^^^^^^^^^
  File "/home/akh/shared/nobat/main/views.py", line 76, in post
    driver = setup()
             ^^^^^^^
  File "/home/akh/shared/nobat/main/crawl.py", line 109, in setup
    driver = webdriver.Chrome(options=options)
             ^^^^^^^^^^^^^^^^^^^^^^^^^^^^^^^^^
  File "/home/akh/.virtualenvs/work/lib/python3.11/site-packages/selenium/webdriver/chrome/webdriver.py", line 45, in __init__
    super().__init__(
  File "/home/akh/.virtualenvs/work/lib/python3.11/site-packages/selenium/webdriver/chromium/webdriver.py", line 50, in __init__
    if finder.get_browser_path():
       ^^^^^^^^^^^^^^^^^^^^^^^^^
  File "/home/akh/.virtualenvs/work/lib/python3.11/site-packages/selenium/webdriver/common/driver_finder.py", line 47, in get_browser_path
    return self._binary_paths()["browser_path"]
           ^^^^^^^^^^^^^^^^^^^^
  File "/home/akh/.virtualenvs/work/lib/python3.11/site-packages/selenium/webdriver/common/driver_finder.py", line 78, in _binary_paths
    raise NoSuchDriverException(msg) from err
selenium.common.exceptions.NoSuchDriverException: Message: Unable to obtain driver for chrome; For documentation on this error, please visit: https://www.selenium.dev/documentation/webdriver/troubleshooting/errors/driver_location

[2025-03-14 17:39:08] ERROR [django.request:248] Internal Server Error: /crawl/
Traceback (most recent call last):
  File "/home/akh/.virtualenvs/work/lib/python3.11/site-packages/selenium/webdriver/common/driver_finder.py", line 67, in _binary_paths
    output = SeleniumManager().binary_paths(self._to_args())
             ^^^^^^^^^^^^^^^^^^^^^^^^^^^^^^^^^^^^^^^^^^^^^^^
  File "/home/akh/.virtualenvs/work/lib/python3.11/site-packages/selenium/webdriver/common/selenium_manager.py", line 55, in binary_paths
    return self._run(args)
           ^^^^^^^^^^^^^^^
  File "/home/akh/.virtualenvs/work/lib/python3.11/site-packages/selenium/webdriver/common/selenium_manager.py", line 129, in _run
    raise WebDriverException(
selenium.common.exceptions.WebDriverException: Message: Unsuccessful command executed: /home/akh/.virtualenvs/work/lib/python3.11/site-packages/selenium/webdriver/common/linux/selenium-manager --browser chrome --browser-path /home/akh/shared/nobat/chrome-linux64/chrome.exe --language-binding python --output json; code: 65
{'code': 65, 'message': 'Browser path does not exist: /home/akh/shared/nobat/chrome-linux64/chrome.exe', 'driver_path': '', 'browser_path': ''}



The above exception was the direct cause of the following exception:

Traceback (most recent call last):
  File "/home/akh/.virtualenvs/work/lib/python3.11/site-packages/django/core/handlers/exception.py", line 55, in inner
    response = get_response(request)
               ^^^^^^^^^^^^^^^^^^^^^
  File "/home/akh/.virtualenvs/work/lib/python3.11/site-packages/django/core/handlers/base.py", line 197, in _get_response
    response = wrapped_callback(request, *callback_args, **callback_kwargs)
               ^^^^^^^^^^^^^^^^^^^^^^^^^^^^^^^^^^^^^^^^^^^^^^^^^^^^^^^^^^^^
  File "/home/akh/.virtualenvs/work/lib/python3.11/site-packages/django/views/decorators/csrf.py", line 65, in _view_wrapper
    return view_func(request, *args, **kwargs)
           ^^^^^^^^^^^^^^^^^^^^^^^^^^^^^^^^^^^
  File "/home/akh/.virtualenvs/work/lib/python3.11/site-packages/django/views/generic/base.py", line 104, in view
    return self.dispatch(request, *args, **kwargs)
           ^^^^^^^^^^^^^^^^^^^^^^^^^^^^^^^^^^^^^^^
  File "/home/akh/.virtualenvs/work/lib/python3.11/site-packages/rest_framework/views.py", line 509, in dispatch
    response = self.handle_exception(exc)
               ^^^^^^^^^^^^^^^^^^^^^^^^^^
  File "/home/akh/.virtualenvs/work/lib/python3.11/site-packages/rest_framework/views.py", line 469, in handle_exception
    self.raise_uncaught_exception(exc)
  File "/home/akh/.virtualenvs/work/lib/python3.11/site-packages/rest_framework/views.py", line 480, in raise_uncaught_exception
    raise exc
  File "/home/akh/.virtualenvs/work/lib/python3.11/site-packages/rest_framework/views.py", line 506, in dispatch
    response = handler(request, *args, **kwargs)
               ^^^^^^^^^^^^^^^^^^^^^^^^^^^^^^^^^
  File "/home/akh/shared/nobat/main/views.py", line 76, in post
    driver = setup()
             ^^^^^^^
  File "/home/akh/shared/nobat/main/crawl.py", line 109, in setup
    driver = webdriver.Chrome(options=options)
             ^^^^^^^^^^^^^^^^^^^^^^^^^^^^^^^^^
  File "/home/akh/.virtualenvs/work/lib/python3.11/site-packages/selenium/webdriver/chrome/webdriver.py", line 45, in __init__
    super().__init__(
  File "/home/akh/.virtualenvs/work/lib/python3.11/site-packages/selenium/webdriver/chromium/webdriver.py", line 50, in __init__
    if finder.get_browser_path():
       ^^^^^^^^^^^^^^^^^^^^^^^^^
  File "/home/akh/.virtualenvs/work/lib/python3.11/site-packages/selenium/webdriver/common/driver_finder.py", line 47, in get_browser_path
    return self._binary_paths()["browser_path"]
           ^^^^^^^^^^^^^^^^^^^^
  File "/home/akh/.virtualenvs/work/lib/python3.11/site-packages/selenium/webdriver/common/driver_finder.py", line 78, in _binary_paths
    raise NoSuchDriverException(msg) from err
selenium.common.exceptions.NoSuchDriverException: Message: Unable to obtain driver for chrome; For documentation on this error, please visit: https://www.selenium.dev/documentation/webdriver/troubleshooting/errors/driver_location

[2025-03-14 17:39:23] ERROR [django.request:248] Internal Server Error: /crawl/
Traceback (most recent call last):
  File "/home/akh/.virtualenvs/work/lib/python3.11/site-packages/selenium/webdriver/common/driver_finder.py", line 67, in _binary_paths
    output = SeleniumManager().binary_paths(self._to_args())
             ^^^^^^^^^^^^^^^^^^^^^^^^^^^^^^^^^^^^^^^^^^^^^^^
  File "/home/akh/.virtualenvs/work/lib/python3.11/site-packages/selenium/webdriver/common/selenium_manager.py", line 55, in binary_paths
    return self._run(args)
           ^^^^^^^^^^^^^^^
  File "/home/akh/.virtualenvs/work/lib/python3.11/site-packages/selenium/webdriver/common/selenium_manager.py", line 129, in _run
    raise WebDriverException(
selenium.common.exceptions.WebDriverException: Message: Unsuccessful command executed: /home/akh/.virtualenvs/work/lib/python3.11/site-packages/selenium/webdriver/common/linux/selenium-manager --browser chrome --browser-path /home/akh/shared/nobat/chrome-linux64/chrome.exe --language-binding python --output json; code: 65
{'code': 65, 'message': 'Browser path does not exist: /home/akh/shared/nobat/chrome-linux64/chrome.exe', 'driver_path': '', 'browser_path': ''}



The above exception was the direct cause of the following exception:

Traceback (most recent call last):
  File "/home/akh/.virtualenvs/work/lib/python3.11/site-packages/django/core/handlers/exception.py", line 55, in inner
    response = get_response(request)
               ^^^^^^^^^^^^^^^^^^^^^
  File "/home/akh/.virtualenvs/work/lib/python3.11/site-packages/django/core/handlers/base.py", line 197, in _get_response
    response = wrapped_callback(request, *callback_args, **callback_kwargs)
               ^^^^^^^^^^^^^^^^^^^^^^^^^^^^^^^^^^^^^^^^^^^^^^^^^^^^^^^^^^^^
  File "/home/akh/.virtualenvs/work/lib/python3.11/site-packages/django/views/decorators/csrf.py", line 65, in _view_wrapper
    return view_func(request, *args, **kwargs)
           ^^^^^^^^^^^^^^^^^^^^^^^^^^^^^^^^^^^
  File "/home/akh/.virtualenvs/work/lib/python3.11/site-packages/django/views/generic/base.py", line 104, in view
    return self.dispatch(request, *args, **kwargs)
           ^^^^^^^^^^^^^^^^^^^^^^^^^^^^^^^^^^^^^^^
  File "/home/akh/.virtualenvs/work/lib/python3.11/site-packages/rest_framework/views.py", line 509, in dispatch
    response = self.handle_exception(exc)
               ^^^^^^^^^^^^^^^^^^^^^^^^^^
  File "/home/akh/.virtualenvs/work/lib/python3.11/site-packages/rest_framework/views.py", line 469, in handle_exception
    self.raise_uncaught_exception(exc)
  File "/home/akh/.virtualenvs/work/lib/python3.11/site-packages/rest_framework/views.py", line 480, in raise_uncaught_exception
    raise exc
  File "/home/akh/.virtualenvs/work/lib/python3.11/site-packages/rest_framework/views.py", line 506, in dispatch
    response = handler(request, *args, **kwargs)
               ^^^^^^^^^^^^^^^^^^^^^^^^^^^^^^^^^
  File "/home/akh/shared/nobat/main/views.py", line 76, in post
    driver = setup()
             ^^^^^^^
  File "/home/akh/shared/nobat/main/crawl.py", line 109, in setup
    driver = webdriver.Chrome(options=options)
             ^^^^^^^^^^^^^^^^^^^^^^^^^^^^^^^^^
  File "/home/akh/.virtualenvs/work/lib/python3.11/site-packages/selenium/webdriver/chrome/webdriver.py", line 45, in __init__
    super().__init__(
  File "/home/akh/.virtualenvs/work/lib/python3.11/site-packages/selenium/webdriver/chromium/webdriver.py", line 50, in __init__
    if finder.get_browser_path():
       ^^^^^^^^^^^^^^^^^^^^^^^^^
  File "/home/akh/.virtualenvs/work/lib/python3.11/site-packages/selenium/webdriver/common/driver_finder.py", line 47, in get_browser_path
    return self._binary_paths()["browser_path"]
           ^^^^^^^^^^^^^^^^^^^^
  File "/home/akh/.virtualenvs/work/lib/python3.11/site-packages/selenium/webdriver/common/driver_finder.py", line 78, in _binary_paths
    raise NoSuchDriverException(msg) from err
selenium.common.exceptions.NoSuchDriverException: Message: Unable to obtain driver for chrome; For documentation on this error, please visit: https://www.selenium.dev/documentation/webdriver/troubleshooting/errors/driver_location

[2025-03-14 17:39:24] ERROR [django.request:248] Internal Server Error: /crawl/
Traceback (most recent call last):
  File "/home/akh/.virtualenvs/work/lib/python3.11/site-packages/selenium/webdriver/common/driver_finder.py", line 67, in _binary_paths
    output = SeleniumManager().binary_paths(self._to_args())
             ^^^^^^^^^^^^^^^^^^^^^^^^^^^^^^^^^^^^^^^^^^^^^^^
  File "/home/akh/.virtualenvs/work/lib/python3.11/site-packages/selenium/webdriver/common/selenium_manager.py", line 55, in binary_paths
    return self._run(args)
           ^^^^^^^^^^^^^^^
  File "/home/akh/.virtualenvs/work/lib/python3.11/site-packages/selenium/webdriver/common/selenium_manager.py", line 129, in _run
    raise WebDriverException(
selenium.common.exceptions.WebDriverException: Message: Unsuccessful command executed: /home/akh/.virtualenvs/work/lib/python3.11/site-packages/selenium/webdriver/common/linux/selenium-manager --browser chrome --browser-path /home/akh/shared/nobat/chrome-linux64/chrome.exe --language-binding python --output json; code: 65
{'code': 65, 'message': 'Browser path does not exist: /home/akh/shared/nobat/chrome-linux64/chrome.exe', 'driver_path': '', 'browser_path': ''}



The above exception was the direct cause of the following exception:

Traceback (most recent call last):
  File "/home/akh/.virtualenvs/work/lib/python3.11/site-packages/django/core/handlers/exception.py", line 55, in inner
    response = get_response(request)
               ^^^^^^^^^^^^^^^^^^^^^
  File "/home/akh/.virtualenvs/work/lib/python3.11/site-packages/django/core/handlers/base.py", line 197, in _get_response
    response = wrapped_callback(request, *callback_args, **callback_kwargs)
               ^^^^^^^^^^^^^^^^^^^^^^^^^^^^^^^^^^^^^^^^^^^^^^^^^^^^^^^^^^^^
  File "/home/akh/.virtualenvs/work/lib/python3.11/site-packages/django/views/decorators/csrf.py", line 65, in _view_wrapper
    return view_func(request, *args, **kwargs)
           ^^^^^^^^^^^^^^^^^^^^^^^^^^^^^^^^^^^
  File "/home/akh/.virtualenvs/work/lib/python3.11/site-packages/django/views/generic/base.py", line 104, in view
    return self.dispatch(request, *args, **kwargs)
           ^^^^^^^^^^^^^^^^^^^^^^^^^^^^^^^^^^^^^^^
  File "/home/akh/.virtualenvs/work/lib/python3.11/site-packages/rest_framework/views.py", line 509, in dispatch
    response = self.handle_exception(exc)
               ^^^^^^^^^^^^^^^^^^^^^^^^^^
  File "/home/akh/.virtualenvs/work/lib/python3.11/site-packages/rest_framework/views.py", line 469, in handle_exception
    self.raise_uncaught_exception(exc)
  File "/home/akh/.virtualenvs/work/lib/python3.11/site-packages/rest_framework/views.py", line 480, in raise_uncaught_exception
    raise exc
  File "/home/akh/.virtualenvs/work/lib/python3.11/site-packages/rest_framework/views.py", line 506, in dispatch
    response = handler(request, *args, **kwargs)
               ^^^^^^^^^^^^^^^^^^^^^^^^^^^^^^^^^
  File "/home/akh/shared/nobat/main/views.py", line 76, in post
    driver = setup()
             ^^^^^^^
  File "/home/akh/shared/nobat/main/crawl.py", line 109, in setup
    driver = webdriver.Chrome(options=options)
             ^^^^^^^^^^^^^^^^^^^^^^^^^^^^^^^^^
  File "/home/akh/.virtualenvs/work/lib/python3.11/site-packages/selenium/webdriver/chrome/webdriver.py", line 45, in __init__
    super().__init__(
  File "/home/akh/.virtualenvs/work/lib/python3.11/site-packages/selenium/webdriver/chromium/webdriver.py", line 50, in __init__
    if finder.get_browser_path():
       ^^^^^^^^^^^^^^^^^^^^^^^^^
  File "/home/akh/.virtualenvs/work/lib/python3.11/site-packages/selenium/webdriver/common/driver_finder.py", line 47, in get_browser_path
    return self._binary_paths()["browser_path"]
           ^^^^^^^^^^^^^^^^^^^^
  File "/home/akh/.virtualenvs/work/lib/python3.11/site-packages/selenium/webdriver/common/driver_finder.py", line 78, in _binary_paths
    raise NoSuchDriverException(msg) from err
selenium.common.exceptions.NoSuchDriverException: Message: Unable to obtain driver for chrome; For documentation on this error, please visit: https://www.selenium.dev/documentation/webdriver/troubleshooting/errors/driver_location

[2025-03-14 17:39:31] WARNING [django.request:248] Not Found: /.env
[2025-03-14 17:47:33] WARNING [django.request:248] Not Found: /wp-includes/ID3/license.txt
[2025-03-14 17:47:33] WARNING [django.request:248] Not Found: /feed/
[2025-03-14 17:47:33] WARNING [django.request:248] Not Found: /xmlrpc.php
[2025-03-14 17:47:33] WARNING [django.request:248] Not Found: /blog/wp-includes/wlwmanifest.xml
[2025-03-14 17:47:33] WARNING [django.request:248] Not Found: /web/wp-includes/wlwmanifest.xml
[2025-03-14 17:47:34] WARNING [django.request:248] Not Found: /wordpress/wp-includes/wlwmanifest.xml
[2025-03-14 17:47:34] WARNING [django.request:248] Not Found: /wp/wp-includes/wlwmanifest.xml
[2025-03-14 17:47:34] WARNING [django.request:248] Not Found: /2020/wp-includes/wlwmanifest.xml
[2025-03-14 17:47:34] WARNING [django.request:248] Not Found: /2019/wp-includes/wlwmanifest.xml
[2025-03-14 17:47:34] WARNING [django.request:248] Not Found: /2021/wp-includes/wlwmanifest.xml
[2025-03-14 17:47:34] WARNING [django.request:248] Not Found: /shop/wp-includes/wlwmanifest.xml
[2025-03-14 17:47:35] WARNING [django.request:248] Not Found: /wp1/wp-includes/wlwmanifest.xml
[2025-03-14 17:47:35] WARNING [django.request:248] Not Found: /test/wp-includes/wlwmanifest.xml
[2025-03-14 17:47:35] WARNING [django.request:248] Not Found: /site/wp-includes/wlwmanifest.xml
[2025-03-14 17:47:35] WARNING [django.request:248] Not Found: /cms/wp-includes/wlwmanifest.xml
[2025-03-14 18:03:58] WARNING [django.request:248] Not Found: /robots.txt
[2025-03-14 18:03:58] WARNING [django.request:248] Not Found: /
[2025-03-14 18:57:48] WARNING [django.request:248] Not Found: /
[2025-03-14 18:57:49] WARNING [django.request:248] Not Found: /favicon.ico
[2025-03-14 19:02:02] WARNING [django.request:248] Not Found: /
[2025-03-14 19:02:09] WARNING [django.request:248] Not Found: /favicon.ico
[2025-03-14 19:02:10] WARNING [django.request:248] Not Found: /ads.txt
[2025-03-14 20:30:48] ERROR [django.request:248] Internal Server Error: /crawl/
Traceback (most recent call last):
  File "/home/akh/.virtualenvs/work/lib/python3.11/site-packages/selenium/webdriver/common/driver_finder.py", line 67, in _binary_paths
    output = SeleniumManager().binary_paths(self._to_args())
             ^^^^^^^^^^^^^^^^^^^^^^^^^^^^^^^^^^^^^^^^^^^^^^^
  File "/home/akh/.virtualenvs/work/lib/python3.11/site-packages/selenium/webdriver/common/selenium_manager.py", line 55, in binary_paths
    return self._run(args)
           ^^^^^^^^^^^^^^^
  File "/home/akh/.virtualenvs/work/lib/python3.11/site-packages/selenium/webdriver/common/selenium_manager.py", line 129, in _run
    raise WebDriverException(
selenium.common.exceptions.WebDriverException: Message: Unsuccessful command executed: /home/akh/.virtualenvs/work/lib/python3.11/site-packages/selenium/webdriver/common/linux/selenium-manager --browser chrome --browser-path /home/akh/shared/nobat/chrome-linux64/chrome.exe --language-binding python --output json; code: 65
{'code': 65, 'message': 'Browser path does not exist: /home/akh/shared/nobat/chrome-linux64/chrome.exe', 'driver_path': '', 'browser_path': ''}



The above exception was the direct cause of the following exception:

Traceback (most recent call last):
  File "/home/akh/.virtualenvs/work/lib/python3.11/site-packages/django/core/handlers/exception.py", line 55, in inner
    response = get_response(request)
               ^^^^^^^^^^^^^^^^^^^^^
  File "/home/akh/.virtualenvs/work/lib/python3.11/site-packages/django/core/handlers/base.py", line 197, in _get_response
    response = wrapped_callback(request, *callback_args, **callback_kwargs)
               ^^^^^^^^^^^^^^^^^^^^^^^^^^^^^^^^^^^^^^^^^^^^^^^^^^^^^^^^^^^^
  File "/home/akh/.virtualenvs/work/lib/python3.11/site-packages/django/views/decorators/csrf.py", line 65, in _view_wrapper
    return view_func(request, *args, **kwargs)
           ^^^^^^^^^^^^^^^^^^^^^^^^^^^^^^^^^^^
  File "/home/akh/.virtualenvs/work/lib/python3.11/site-packages/django/views/generic/base.py", line 104, in view
    return self.dispatch(request, *args, **kwargs)
           ^^^^^^^^^^^^^^^^^^^^^^^^^^^^^^^^^^^^^^^
  File "/home/akh/.virtualenvs/work/lib/python3.11/site-packages/rest_framework/views.py", line 509, in dispatch
    response = self.handle_exception(exc)
               ^^^^^^^^^^^^^^^^^^^^^^^^^^
  File "/home/akh/.virtualenvs/work/lib/python3.11/site-packages/rest_framework/views.py", line 469, in handle_exception
    self.raise_uncaught_exception(exc)
  File "/home/akh/.virtualenvs/work/lib/python3.11/site-packages/rest_framework/views.py", line 480, in raise_uncaught_exception
    raise exc
  File "/home/akh/.virtualenvs/work/lib/python3.11/site-packages/rest_framework/views.py", line 506, in dispatch
    response = handler(request, *args, **kwargs)
               ^^^^^^^^^^^^^^^^^^^^^^^^^^^^^^^^^
  File "/home/akh/shared/nobat/main/views.py", line 76, in post
    driver = setup()
             ^^^^^^^
  File "/home/akh/shared/nobat/main/crawl.py", line 109, in setup
    driver = webdriver.Chrome(options=options)
             ^^^^^^^^^^^^^^^^^^^^^^^^^^^^^^^^^
  File "/home/akh/.virtualenvs/work/lib/python3.11/site-packages/selenium/webdriver/chrome/webdriver.py", line 45, in __init__
    super().__init__(
  File "/home/akh/.virtualenvs/work/lib/python3.11/site-packages/selenium/webdriver/chromium/webdriver.py", line 50, in __init__
    if finder.get_browser_path():
       ^^^^^^^^^^^^^^^^^^^^^^^^^
  File "/home/akh/.virtualenvs/work/lib/python3.11/site-packages/selenium/webdriver/common/driver_finder.py", line 47, in get_browser_path
    return self._binary_paths()["browser_path"]
           ^^^^^^^^^^^^^^^^^^^^
  File "/home/akh/.virtualenvs/work/lib/python3.11/site-packages/selenium/webdriver/common/driver_finder.py", line 78, in _binary_paths
    raise NoSuchDriverException(msg) from err
selenium.common.exceptions.NoSuchDriverException: Message: Unable to obtain driver for chrome; For documentation on this error, please visit: https://www.selenium.dev/documentation/webdriver/troubleshooting/errors/driver_location

[2025-03-14 20:34:35] INFO [django.utils.autoreload:266] /home/akh/shared/nobat/main/crawl.py changed, reloading.
[2025-03-14 20:34:37] INFO [django.utils.autoreload:668] Watching for file changes with StatReloader
[2025-03-14 20:34:47] INFO [django.utils.autoreload:668] Watching for file changes with StatReloader
[2025-03-14 20:34:49] INFO [django.utils.autoreload:668] Watching for file changes with StatReloader
[2025-03-14 20:35:15] WARNING [django.request:248] Not Found: /user/profile/fonts/Vazir-Regular-UI.ttf
[2025-03-14 20:35:15] WARNING [django.request:248] Not Found: /favicon.ico
[2025-03-14 20:35:25] WARNING [django.request:248] Not Found: /user/profile/fonts/Vazir-Regular-UI.ttf
[2025-03-14 20:36:19] ERROR [django.request:248] Internal Server Error: /crawl/
Traceback (most recent call last):
  File "C:\Users\akh\Envs\work\lib\site-packages\selenium\webdriver\common\driver_finder.py", line 75, in _binary_paths
    raise ValueError(f'The browser path is not a valid file: {output["browser_path"]}')
ValueError: The browser path is not a valid file: C:\chrome\chrome_browser_134.0.6998.35

The above exception was the direct cause of the following exception:

Traceback (most recent call last):
  File "C:\Users\akh\Envs\work\lib\site-packages\django\core\handlers\exception.py", line 55, in inner
    response = get_response(request)
  File "C:\Users\akh\Envs\work\lib\site-packages\django\core\handlers\base.py", line 197, in _get_response
    response = wrapped_callback(request, *callback_args, **callback_kwargs)
  File "C:\Users\akh\Envs\work\lib\site-packages\django\views\decorators\csrf.py", line 65, in _view_wrapper
    return view_func(request, *args, **kwargs)
  File "C:\Users\akh\Envs\work\lib\site-packages\django\views\generic\base.py", line 104, in view
    return self.dispatch(request, *args, **kwargs)
  File "C:\Users\akh\Envs\work\lib\site-packages\rest_framework\views.py", line 509, in dispatch
    response = self.handle_exception(exc)
  File "C:\Users\akh\Envs\work\lib\site-packages\rest_framework\views.py", line 469, in handle_exception
    self.raise_uncaught_exception(exc)
  File "C:\Users\akh\Envs\work\lib\site-packages\rest_framework\views.py", line 480, in raise_uncaught_exception
    raise exc
  File "C:\Users\akh\Envs\work\lib\site-packages\rest_framework\views.py", line 506, in dispatch
    response = handler(request, *args, **kwargs)
  File "C:\Users\akh\Downloads\shared_folder\nobat\main\views.py", line 76, in post
    driver = setup()
  File "C:\Users\akh\Downloads\shared_folder\nobat\main\crawl.py", line 109, in setup
    driver = webdriver.Chrome(options=options)
  File "C:\Users\akh\Envs\work\lib\site-packages\selenium\webdriver\chrome\webdriver.py", line 45, in __init__
    super().__init__(
  File "C:\Users\akh\Envs\work\lib\site-packages\selenium\webdriver\chromium\webdriver.py", line 50, in __init__
    if finder.get_browser_path():
  File "C:\Users\akh\Envs\work\lib\site-packages\selenium\webdriver\common\driver_finder.py", line 47, in get_browser_path
    return self._binary_paths()["browser_path"]
  File "C:\Users\akh\Envs\work\lib\site-packages\selenium\webdriver\common\driver_finder.py", line 78, in _binary_paths
    raise NoSuchDriverException(msg) from err
selenium.common.exceptions.NoSuchDriverException: Message: Unable to obtain driver for chrome; For documentation on this error, please visit: https://www.selenium.dev/documentation/webdriver/troubleshooting/errors/driver_location

[2025-03-14 20:36:43] WARNING [selenium.webdriver.common.selenium_manager:138] Exception managing chrome: error sending request for url (https://googlechromelabs.github.io/chrome-for-testing/known-good-versions-with-downloads.json)
[2025-03-14 20:36:43] ERROR [django.request:248] Internal Server Error: /crawl/
Traceback (most recent call last):
  File "C:\Users\akh\Envs\work\lib\site-packages\selenium\webdriver\common\driver_finder.py", line 75, in _binary_paths
    raise ValueError(f'The browser path is not a valid file: {output["browser_path"]}')
ValueError: The browser path is not a valid file: C:\chrome\chrome_browser_134.0.6998.35

The above exception was the direct cause of the following exception:

Traceback (most recent call last):
  File "C:\Users\akh\Envs\work\lib\site-packages\django\core\handlers\exception.py", line 55, in inner
    response = get_response(request)
  File "C:\Users\akh\Envs\work\lib\site-packages\django\core\handlers\base.py", line 197, in _get_response
    response = wrapped_callback(request, *callback_args, **callback_kwargs)
  File "C:\Users\akh\Envs\work\lib\site-packages\django\views\decorators\csrf.py", line 65, in _view_wrapper
    return view_func(request, *args, **kwargs)
  File "C:\Users\akh\Envs\work\lib\site-packages\django\views\generic\base.py", line 104, in view
    return self.dispatch(request, *args, **kwargs)
  File "C:\Users\akh\Envs\work\lib\site-packages\rest_framework\views.py", line 509, in dispatch
    response = self.handle_exception(exc)
  File "C:\Users\akh\Envs\work\lib\site-packages\rest_framework\views.py", line 469, in handle_exception
    self.raise_uncaught_exception(exc)
  File "C:\Users\akh\Envs\work\lib\site-packages\rest_framework\views.py", line 480, in raise_uncaught_exception
    raise exc
  File "C:\Users\akh\Envs\work\lib\site-packages\rest_framework\views.py", line 506, in dispatch
    response = handler(request, *args, **kwargs)
  File "C:\Users\akh\Downloads\shared_folder\nobat\main\views.py", line 76, in post
    driver = setup()
  File "C:\Users\akh\Downloads\shared_folder\nobat\main\crawl.py", line 109, in setup
    driver = webdriver.Chrome(options=options)
  File "C:\Users\akh\Envs\work\lib\site-packages\selenium\webdriver\chrome\webdriver.py", line 45, in __init__
    super().__init__(
  File "C:\Users\akh\Envs\work\lib\site-packages\selenium\webdriver\chromium\webdriver.py", line 50, in __init__
    if finder.get_browser_path():
  File "C:\Users\akh\Envs\work\lib\site-packages\selenium\webdriver\common\driver_finder.py", line 47, in get_browser_path
    return self._binary_paths()["browser_path"]
  File "C:\Users\akh\Envs\work\lib\site-packages\selenium\webdriver\common\driver_finder.py", line 78, in _binary_paths
    raise NoSuchDriverException(msg) from err
selenium.common.exceptions.NoSuchDriverException: Message: Unable to obtain driver for chrome; For documentation on this error, please visit: https://www.selenium.dev/documentation/webdriver/troubleshooting/errors/driver_location

[2025-03-14 20:36:51] INFO [django.utils.autoreload:266] C:\Users\akh\Downloads\shared_folder\nobat\main\crawl.py changed, reloading.
[2025-03-14 20:36:53] INFO [django.utils.autoreload:668] Watching for file changes with StatReloader
[2025-03-14 20:37:14] ERROR [django.request:248] Internal Server Error: /crawl/
Traceback (most recent call last):
  File "C:\Users\akh\Envs\work\lib\site-packages\selenium\webdriver\common\driver_finder.py", line 75, in _binary_paths
    raise ValueError(f'The browser path is not a valid file: {output["browser_path"]}')
ValueError: The browser path is not a valid file: C:\chrome\chrome-headless-shell-win64

The above exception was the direct cause of the following exception:

Traceback (most recent call last):
  File "C:\Users\akh\Envs\work\lib\site-packages\django\core\handlers\exception.py", line 55, in inner
    response = get_response(request)
  File "C:\Users\akh\Envs\work\lib\site-packages\django\core\handlers\base.py", line 197, in _get_response
    response = wrapped_callback(request, *callback_args, **callback_kwargs)
  File "C:\Users\akh\Envs\work\lib\site-packages\django\views\decorators\csrf.py", line 65, in _view_wrapper
    return view_func(request, *args, **kwargs)
  File "C:\Users\akh\Envs\work\lib\site-packages\django\views\generic\base.py", line 104, in view
    return self.dispatch(request, *args, **kwargs)
  File "C:\Users\akh\Envs\work\lib\site-packages\rest_framework\views.py", line 509, in dispatch
    response = self.handle_exception(exc)
  File "C:\Users\akh\Envs\work\lib\site-packages\rest_framework\views.py", line 469, in handle_exception
    self.raise_uncaught_exception(exc)
  File "C:\Users\akh\Envs\work\lib\site-packages\rest_framework\views.py", line 480, in raise_uncaught_exception
    raise exc
  File "C:\Users\akh\Envs\work\lib\site-packages\rest_framework\views.py", line 506, in dispatch
    response = handler(request, *args, **kwargs)
  File "C:\Users\akh\Downloads\shared_folder\nobat\main\views.py", line 76, in post
    driver = setup()
  File "C:\Users\akh\Downloads\shared_folder\nobat\main\crawl.py", line 109, in setup
    driver = webdriver.Chrome(options=options)
  File "C:\Users\akh\Envs\work\lib\site-packages\selenium\webdriver\chrome\webdriver.py", line 45, in __init__
    super().__init__(
  File "C:\Users\akh\Envs\work\lib\site-packages\selenium\webdriver\chromium\webdriver.py", line 50, in __init__
    if finder.get_browser_path():
  File "C:\Users\akh\Envs\work\lib\site-packages\selenium\webdriver\common\driver_finder.py", line 47, in get_browser_path
    return self._binary_paths()["browser_path"]
  File "C:\Users\akh\Envs\work\lib\site-packages\selenium\webdriver\common\driver_finder.py", line 78, in _binary_paths
    raise NoSuchDriverException(msg) from err
selenium.common.exceptions.NoSuchDriverException: Message: Unable to obtain driver for chrome; For documentation on this error, please visit: https://www.selenium.dev/documentation/webdriver/troubleshooting/errors/driver_location

[2025-03-14 20:39:35] INFO [django.utils.autoreload:266] C:\Users\akh\Downloads\shared_folder\nobat\main\crawl.py changed, reloading.
[2025-03-14 20:39:37] INFO [django.utils.autoreload:668] Watching for file changes with StatReloader
[2025-03-14 20:40:35] INFO [django.utils.autoreload:668] Watching for file changes with StatReloader
[2025-03-14 20:42:07] WARNING [django.request:248] Not Found: /user/profile/fonts/Vazir-Regular-UI.ttf
[2025-03-14 20:42:10] ERROR [django.request:248] Internal Server Error: /crawl/
Traceback (most recent call last):
  File "C:\Users\akh\Envs\work\lib\site-packages\selenium\webdriver\common\driver_finder.py", line 75, in _binary_paths
    raise ValueError(f'The browser path is not a valid file: {output["browser_path"]}')
ValueError: The browser path is not a valid file: C:\chrome\chrome-headless-shell-win64

The above exception was the direct cause of the following exception:

Traceback (most recent call last):
  File "C:\Users\akh\Envs\work\lib\site-packages\django\core\handlers\exception.py", line 55, in inner
    response = get_response(request)
  File "C:\Users\akh\Envs\work\lib\site-packages\django\core\handlers\base.py", line 197, in _get_response
    response = wrapped_callback(request, *callback_args, **callback_kwargs)
  File "C:\Users\akh\Envs\work\lib\site-packages\django\views\decorators\csrf.py", line 65, in _view_wrapper
    return view_func(request, *args, **kwargs)
  File "C:\Users\akh\Envs\work\lib\site-packages\django\views\generic\base.py", line 104, in view
    return self.dispatch(request, *args, **kwargs)
  File "C:\Users\akh\Envs\work\lib\site-packages\rest_framework\views.py", line 509, in dispatch
    response = self.handle_exception(exc)
  File "C:\Users\akh\Envs\work\lib\site-packages\rest_framework\views.py", line 469, in handle_exception
    self.raise_uncaught_exception(exc)
  File "C:\Users\akh\Envs\work\lib\site-packages\rest_framework\views.py", line 480, in raise_uncaught_exception
    raise exc
  File "C:\Users\akh\Envs\work\lib\site-packages\rest_framework\views.py", line 506, in dispatch
    response = handler(request, *args, **kwargs)
  File "C:\Users\akh\Downloads\shared_folder\nobat\main\views.py", line 76, in post
    driver = setup()
  File "C:\Users\akh\Downloads\shared_folder\nobat\main\crawl.py", line 110, in setup
    driver = webdriver.Chrome(service=service, options=options)
  File "C:\Users\akh\Envs\work\lib\site-packages\selenium\webdriver\chrome\webdriver.py", line 45, in __init__
    super().__init__(
  File "C:\Users\akh\Envs\work\lib\site-packages\selenium\webdriver\chromium\webdriver.py", line 50, in __init__
    if finder.get_browser_path():
  File "C:\Users\akh\Envs\work\lib\site-packages\selenium\webdriver\common\driver_finder.py", line 47, in get_browser_path
    return self._binary_paths()["browser_path"]
  File "C:\Users\akh\Envs\work\lib\site-packages\selenium\webdriver\common\driver_finder.py", line 78, in _binary_paths
    raise NoSuchDriverException(msg) from err
selenium.common.exceptions.NoSuchDriverException: Message: Unable to obtain driver for chrome; For documentation on this error, please visit: https://www.selenium.dev/documentation/webdriver/troubleshooting/errors/driver_location

[2025-03-14 20:43:06] INFO [django.utils.autoreload:266] C:\Users\akh\Downloads\shared_folder\nobat\main\crawl.py changed, reloading.
[2025-03-14 20:43:09] INFO [django.utils.autoreload:668] Watching for file changes with StatReloader
[2025-03-14 20:44:44] INFO [django.utils.autoreload:266] C:\Users\akh\Downloads\shared_folder\nobat\main\crawl.py changed, reloading.
[2025-03-14 21:00:25] INFO [django.utils.autoreload:668] Watching for file changes with StatReloader
[2025-03-14 21:18:09] INFO [WDM:11] ====== WebDriver manager ======
[2025-03-14 21:18:09] INFO [WDM:11] ====== WebDriver manager ======
[2025-03-14 21:18:19] INFO [WDM:11] Get LATEST chromedriver version for google-chrome
[2025-03-14 21:18:19] INFO [WDM:11] Get LATEST chromedriver version for google-chrome
[2025-03-14 21:18:19] INFO [WDM:11] Get LATEST chromedriver version for google-chrome
[2025-03-14 21:18:19] INFO [WDM:11] Driver [C:\Users\akh\.wdm\drivers\chromedriver\win64\134.0.6998.88\chromedriver-win32/chromedriver.exe] found in cache
[2025-03-14 21:18:20] INFO [WDM:11] Get LATEST chromedriver version for google-chrome
[2025-03-14 21:18:20] INFO [WDM:11] Driver [C:\Users\akh\.wdm\drivers\chromedriver\win64\134.0.6998.88\chromedriver-win32/chromedriver.exe] found in cache
[2025-03-14 21:18:22] ERROR [django.request:248] Internal Server Error: /crawl/
Traceback (most recent call last):
  File "C:\Users\akh\Envs\work\lib\site-packages\django\core\handlers\exception.py", line 55, in inner
    response = get_response(request)
  File "C:\Users\akh\Envs\work\lib\site-packages\django\core\handlers\base.py", line 197, in _get_response
    response = wrapped_callback(request, *callback_args, **callback_kwargs)
  File "C:\Users\akh\Envs\work\lib\site-packages\django\views\decorators\csrf.py", line 65, in _view_wrapper
    return view_func(request, *args, **kwargs)
  File "C:\Users\akh\Envs\work\lib\site-packages\django\views\generic\base.py", line 104, in view
    return self.dispatch(request, *args, **kwargs)
  File "C:\Users\akh\Envs\work\lib\site-packages\rest_framework\views.py", line 509, in dispatch
    response = self.handle_exception(exc)
  File "C:\Users\akh\Envs\work\lib\site-packages\rest_framework\views.py", line 469, in handle_exception
    self.raise_uncaught_exception(exc)
  File "C:\Users\akh\Envs\work\lib\site-packages\rest_framework\views.py", line 480, in raise_uncaught_exception
    raise exc
  File "C:\Users\akh\Envs\work\lib\site-packages\rest_framework\views.py", line 506, in dispatch
    response = handler(request, *args, **kwargs)
  File "C:\Users\akh\Downloads\shared_folder\nobat\main\views.py", line 73, in post
    driver = setup()
  File "C:\Users\akh\Downloads\shared_folder\nobat\main\crawl.py", line 110, in setup
    driver = webdriver.Chrome(service=service, options=options)
  File "C:\Users\akh\Envs\work\lib\site-packages\selenium\webdriver\chrome\webdriver.py", line 45, in __init__
    super().__init__(
  File "C:\Users\akh\Envs\work\lib\site-packages\selenium\webdriver\chromium\webdriver.py", line 66, in __init__
    super().__init__(command_executor=executor, options=options)
  File "C:\Users\akh\Envs\work\lib\site-packages\selenium\webdriver\remote\webdriver.py", line 250, in __init__
    self.start_session(capabilities)
  File "C:\Users\akh\Envs\work\lib\site-packages\selenium\webdriver\remote\webdriver.py", line 342, in start_session
    response = self.execute(Command.NEW_SESSION, caps)["value"]
  File "C:\Users\akh\Envs\work\lib\site-packages\selenium\webdriver\remote\webdriver.py", line 429, in execute
    self.error_handler.check_response(response)
  File "C:\Users\akh\Envs\work\lib\site-packages\selenium\webdriver\remote\errorhandler.py", line 232, in check_response
    raise exception_class(message, screen, stacktrace)
selenium.common.exceptions.SessionNotCreatedException: Message: session not created: Failed to create Chrome process.
Stacktrace:
	GetHandleVerifier [0x00DDB5A3+24387]
	(No symbol) [0x00D65904]
	(No symbol) [0x00C40753]
	(No symbol) [0x00C72DD8]
	(No symbol) [0x00C6F439]
	(No symbol) [0x00CB96C4]
	(No symbol) [0x00CB90AA]
	(No symbol) [0x00CAD646]
	(No symbol) [0x00C7C59F]
	(No symbol) [0x00C7D8E4]
	GetHandleVerifier [0x010DD883+3179043]
	GetHandleVerifier [0x010F6CF9+3282585]
	GetHandleVerifier [0x010F167C+3260444]
	GetHandleVerifier [0x00E74330+650448]
	(No symbol) [0x00D6ED0D]
	(No symbol) [0x00D6BAF8]
	(No symbol) [0x00D6BC99]
	(No symbol) [0x00D5E530]
	BaseThreadInitThunk [0x7682FCC9+25]
	RtlGetAppContainerNamedObjectPath [0x76F482AE+286]
	RtlGetAppContainerNamedObjectPath [0x76F4827E+238]

[2025-03-14 21:18:23] ERROR [django.request:248] Internal Server Error: /crawl/
Traceback (most recent call last):
  File "C:\Users\akh\Envs\work\lib\site-packages\django\core\handlers\exception.py", line 55, in inner
    response = get_response(request)
  File "C:\Users\akh\Envs\work\lib\site-packages\django\core\handlers\base.py", line 197, in _get_response
    response = wrapped_callback(request, *callback_args, **callback_kwargs)
  File "C:\Users\akh\Envs\work\lib\site-packages\django\views\decorators\csrf.py", line 65, in _view_wrapper
    return view_func(request, *args, **kwargs)
  File "C:\Users\akh\Envs\work\lib\site-packages\django\views\generic\base.py", line 104, in view
    return self.dispatch(request, *args, **kwargs)
  File "C:\Users\akh\Envs\work\lib\site-packages\rest_framework\views.py", line 509, in dispatch
    response = self.handle_exception(exc)
  File "C:\Users\akh\Envs\work\lib\site-packages\rest_framework\views.py", line 469, in handle_exception
    self.raise_uncaught_exception(exc)
  File "C:\Users\akh\Envs\work\lib\site-packages\rest_framework\views.py", line 480, in raise_uncaught_exception
    raise exc
  File "C:\Users\akh\Envs\work\lib\site-packages\rest_framework\views.py", line 506, in dispatch
    response = handler(request, *args, **kwargs)
  File "C:\Users\akh\Downloads\shared_folder\nobat\main\views.py", line 73, in post
    driver = setup()
  File "C:\Users\akh\Downloads\shared_folder\nobat\main\crawl.py", line 110, in setup
    driver = webdriver.Chrome(service=service, options=options)
  File "C:\Users\akh\Envs\work\lib\site-packages\selenium\webdriver\chrome\webdriver.py", line 45, in __init__
    super().__init__(
  File "C:\Users\akh\Envs\work\lib\site-packages\selenium\webdriver\chromium\webdriver.py", line 66, in __init__
    super().__init__(command_executor=executor, options=options)
  File "C:\Users\akh\Envs\work\lib\site-packages\selenium\webdriver\remote\webdriver.py", line 250, in __init__
    self.start_session(capabilities)
  File "C:\Users\akh\Envs\work\lib\site-packages\selenium\webdriver\remote\webdriver.py", line 342, in start_session
    response = self.execute(Command.NEW_SESSION, caps)["value"]
  File "C:\Users\akh\Envs\work\lib\site-packages\selenium\webdriver\remote\webdriver.py", line 429, in execute
    self.error_handler.check_response(response)
  File "C:\Users\akh\Envs\work\lib\site-packages\selenium\webdriver\remote\errorhandler.py", line 232, in check_response
    raise exception_class(message, screen, stacktrace)
selenium.common.exceptions.SessionNotCreatedException: Message: session not created: Failed to create Chrome process.
Stacktrace:
	GetHandleVerifier [0x00DDB5A3+24387]
	(No symbol) [0x00D65904]
	(No symbol) [0x00C40753]
	(No symbol) [0x00C72DD8]
	(No symbol) [0x00C6F439]
	(No symbol) [0x00CB96C4]
	(No symbol) [0x00CB90AA]
	(No symbol) [0x00CAD646]
	(No symbol) [0x00C7C59F]
	(No symbol) [0x00C7D8E4]
	GetHandleVerifier [0x010DD883+3179043]
	GetHandleVerifier [0x010F6CF9+3282585]
	GetHandleVerifier [0x010F167C+3260444]
	GetHandleVerifier [0x00E74330+650448]
	(No symbol) [0x00D6ED0D]
	(No symbol) [0x00D6BAF8]
	(No symbol) [0x00D6BC99]
	(No symbol) [0x00D5E530]
	BaseThreadInitThunk [0x7682FCC9+25]
	RtlGetAppContainerNamedObjectPath [0x76F482AE+286]
	RtlGetAppContainerNamedObjectPath [0x76F4827E+238]

[2025-03-14 21:19:07] INFO [django.utils.autoreload:266] C:\Users\akh\Downloads\shared_folder\nobat\main\views.py changed, reloading.
[2025-03-14 21:19:18] INFO [django.utils.autoreload:668] Watching for file changes with StatReloader
[2025-03-14 21:19:45] INFO [WDM:11] ====== WebDriver manager ======
[2025-03-14 21:19:50] INFO [WDM:11] Get LATEST chromedriver version for google-chrome
[2025-03-14 21:19:50] INFO [WDM:11] Get LATEST chromedriver version for google-chrome
[2025-03-14 21:19:51] INFO [WDM:11] Driver [C:\Users\akh\.wdm\drivers\chromedriver\win64\134.0.6998.88\chromedriver-win32/chromedriver.exe] found in cache
[2025-03-14 21:19:53] ERROR [django.request:248] Internal Server Error: /index/
Traceback (most recent call last):
  File "C:\Users\akh\Envs\work\lib\site-packages\django\core\handlers\exception.py", line 55, in inner
    response = get_response(request)
  File "C:\Users\akh\Envs\work\lib\site-packages\django\core\handlers\base.py", line 197, in _get_response
    response = wrapped_callback(request, *callback_args, **callback_kwargs)
  File "C:\Users\akh\Downloads\shared_folder\nobat\main\views.py", line 41, in index
    driver = setup()
  File "C:\Users\akh\Downloads\shared_folder\nobat\main\crawl.py", line 110, in setup
    driver = webdriver.Chrome(service=service, options=options)
  File "C:\Users\akh\Envs\work\lib\site-packages\selenium\webdriver\chrome\webdriver.py", line 45, in __init__
    super().__init__(
  File "C:\Users\akh\Envs\work\lib\site-packages\selenium\webdriver\chromium\webdriver.py", line 66, in __init__
    super().__init__(command_executor=executor, options=options)
  File "C:\Users\akh\Envs\work\lib\site-packages\selenium\webdriver\remote\webdriver.py", line 250, in __init__
    self.start_session(capabilities)
  File "C:\Users\akh\Envs\work\lib\site-packages\selenium\webdriver\remote\webdriver.py", line 342, in start_session
    response = self.execute(Command.NEW_SESSION, caps)["value"]
  File "C:\Users\akh\Envs\work\lib\site-packages\selenium\webdriver\remote\webdriver.py", line 429, in execute
    self.error_handler.check_response(response)
  File "C:\Users\akh\Envs\work\lib\site-packages\selenium\webdriver\remote\errorhandler.py", line 232, in check_response
    raise exception_class(message, screen, stacktrace)
selenium.common.exceptions.SessionNotCreatedException: Message: session not created: Failed to create Chrome process.
Stacktrace:
	GetHandleVerifier [0x00DDB5A3+24387]
	(No symbol) [0x00D65904]
	(No symbol) [0x00C40753]
	(No symbol) [0x00C72DD8]
	(No symbol) [0x00C6F439]
	(No symbol) [0x00CB96C4]
	(No symbol) [0x00CB90AA]
	(No symbol) [0x00CAD646]
	(No symbol) [0x00C7C59F]
	(No symbol) [0x00C7D8E4]
	GetHandleVerifier [0x010DD883+3179043]
	GetHandleVerifier [0x010F6CF9+3282585]
	GetHandleVerifier [0x010F167C+3260444]
	GetHandleVerifier [0x00E74330+650448]
	(No symbol) [0x00D6ED0D]
	(No symbol) [0x00D6BAF8]
	(No symbol) [0x00D6BC99]
	(No symbol) [0x00D5E530]
	BaseThreadInitThunk [0x7682FCC9+25]
	RtlGetAppContainerNamedObjectPath [0x76F482AE+286]
	RtlGetAppContainerNamedObjectPath [0x76F4827E+238]

[2025-03-14 21:20:33] INFO [django.utils.autoreload:266] C:\Users\akh\Downloads\shared_folder\nobat\main\crawl.py changed, reloading.
[2025-03-14 21:20:39] INFO [django.utils.autoreload:668] Watching for file changes with StatReloader
[2025-03-14 21:20:48] INFO [WDM:11] ====== WebDriver manager ======
[2025-03-14 21:20:54] INFO [WDM:11] Get LATEST chromedriver version for google-chrome
[2025-03-14 21:20:54] INFO [WDM:11] Get LATEST chromedriver version for google-chrome
[2025-03-14 21:20:55] INFO [WDM:11] Driver [C:\Users\akh\.wdm\drivers\chromedriver\win64\134.0.6998.88\chromedriver-win32/chromedriver.exe] found in cache
[2025-03-14 21:20:57] ERROR [django.request:248] Internal Server Error: /index/
Traceback (most recent call last):
  File "C:\Users\akh\Envs\work\lib\site-packages\selenium\webdriver\common\driver_finder.py", line 75, in _binary_paths
    raise ValueError(f'The browser path is not a valid file: {output["browser_path"]}')
ValueError: The browser path is not a valid file: C:\chrome\chrome_browser_134.0.6998.35

The above exception was the direct cause of the following exception:

Traceback (most recent call last):
  File "C:\Users\akh\Envs\work\lib\site-packages\django\core\handlers\exception.py", line 55, in inner
    response = get_response(request)
  File "C:\Users\akh\Envs\work\lib\site-packages\django\core\handlers\base.py", line 197, in _get_response
    response = wrapped_callback(request, *callback_args, **callback_kwargs)
  File "C:\Users\akh\Downloads\shared_folder\nobat\main\views.py", line 41, in index
    driver = setup()
  File "C:\Users\akh\Downloads\shared_folder\nobat\main\crawl.py", line 110, in setup
    driver = webdriver.Chrome(options=options)
  File "C:\Users\akh\Envs\work\lib\site-packages\selenium\webdriver\chrome\webdriver.py", line 45, in __init__
    super().__init__(
  File "C:\Users\akh\Envs\work\lib\site-packages\selenium\webdriver\chromium\webdriver.py", line 50, in __init__
    if finder.get_browser_path():
  File "C:\Users\akh\Envs\work\lib\site-packages\selenium\webdriver\common\driver_finder.py", line 47, in get_browser_path
    return self._binary_paths()["browser_path"]
  File "C:\Users\akh\Envs\work\lib\site-packages\selenium\webdriver\common\driver_finder.py", line 78, in _binary_paths
    raise NoSuchDriverException(msg) from err
selenium.common.exceptions.NoSuchDriverException: Message: Unable to obtain driver for chrome; For documentation on this error, please visit: https://www.selenium.dev/documentation/webdriver/troubleshooting/errors/driver_location

[2025-03-14 21:21:06] INFO [WDM:11] ====== WebDriver manager ======
[2025-03-14 21:21:11] INFO [WDM:11] Get LATEST chromedriver version for google-chrome
[2025-03-14 21:21:27] INFO [WDM:11] Get LATEST chromedriver version for google-chrome
[2025-03-14 21:21:28] INFO [WDM:11] Driver [C:\Users\akh\.wdm\drivers\chromedriver\win64\134.0.6998.88\chromedriver-win32/chromedriver.exe] found in cache
[2025-03-14 21:21:28] ERROR [django.request:248] Internal Server Error: /index/
Traceback (most recent call last):
  File "C:\Users\akh\Envs\work\lib\site-packages\selenium\webdriver\common\driver_finder.py", line 75, in _binary_paths
    raise ValueError(f'The browser path is not a valid file: {output["browser_path"]}')
ValueError: The browser path is not a valid file: C:\chrome\chrome_browser_134.0.6998.35

The above exception was the direct cause of the following exception:

Traceback (most recent call last):
  File "C:\Users\akh\Envs\work\lib\site-packages\django\core\handlers\exception.py", line 55, in inner
    response = get_response(request)
  File "C:\Users\akh\Envs\work\lib\site-packages\django\core\handlers\base.py", line 197, in _get_response
    response = wrapped_callback(request, *callback_args, **callback_kwargs)
  File "C:\Users\akh\Downloads\shared_folder\nobat\main\views.py", line 41, in index
    driver = setup()
  File "C:\Users\akh\Downloads\shared_folder\nobat\main\crawl.py", line 110, in setup
    driver = webdriver.Chrome(options=options)
  File "C:\Users\akh\Envs\work\lib\site-packages\selenium\webdriver\chrome\webdriver.py", line 45, in __init__
    super().__init__(
  File "C:\Users\akh\Envs\work\lib\site-packages\selenium\webdriver\chromium\webdriver.py", line 50, in __init__
    if finder.get_browser_path():
  File "C:\Users\akh\Envs\work\lib\site-packages\selenium\webdriver\common\driver_finder.py", line 47, in get_browser_path
    return self._binary_paths()["browser_path"]
  File "C:\Users\akh\Envs\work\lib\site-packages\selenium\webdriver\common\driver_finder.py", line 78, in _binary_paths
    raise NoSuchDriverException(msg) from err
selenium.common.exceptions.NoSuchDriverException: Message: Unable to obtain driver for chrome; For documentation on this error, please visit: https://www.selenium.dev/documentation/webdriver/troubleshooting/errors/driver_location

[2025-03-14 21:22:01] INFO [django.utils.autoreload:668] Watching for file changes with StatReloader
[2025-03-14 21:22:12] INFO [WDM:11] ====== WebDriver manager ======
[2025-03-14 21:22:17] INFO [WDM:11] Get LATEST chromedriver version for google-chrome
[2025-03-14 21:22:17] INFO [WDM:11] Get LATEST chromedriver version for google-chrome
[2025-03-14 21:22:34] INFO [WDM:11] Driver [C:\Users\akh\.wdm\drivers\chromedriver\win64\134.0.6998.88\chromedriver-win32/chromedriver.exe] found in cache
[2025-03-14 21:22:35] ERROR [django.request:248] Internal Server Error: /index/
Traceback (most recent call last):
  File "C:\Users\akh\Envs\work\lib\site-packages\selenium\webdriver\common\driver_finder.py", line 75, in _binary_paths
    raise ValueError(f'The browser path is not a valid file: {output["browser_path"]}')
ValueError: The browser path is not a valid file: C:\chrome\chrome_browser_134.0.6998.35

The above exception was the direct cause of the following exception:

Traceback (most recent call last):
  File "C:\Users\akh\Envs\work\lib\site-packages\django\core\handlers\exception.py", line 55, in inner
    response = get_response(request)
  File "C:\Users\akh\Envs\work\lib\site-packages\django\core\handlers\base.py", line 197, in _get_response
    response = wrapped_callback(request, *callback_args, **callback_kwargs)
  File "C:\Users\akh\Downloads\shared_folder\nobat\main\views.py", line 41, in index
    driver = setup()
  File "C:\Users\akh\Downloads\shared_folder\nobat\main\crawl.py", line 110, in setup
    driver = webdriver.Chrome(options=options)
  File "C:\Users\akh\Envs\work\lib\site-packages\selenium\webdriver\chrome\webdriver.py", line 45, in __init__
    super().__init__(
  File "C:\Users\akh\Envs\work\lib\site-packages\selenium\webdriver\chromium\webdriver.py", line 50, in __init__
    if finder.get_browser_path():
  File "C:\Users\akh\Envs\work\lib\site-packages\selenium\webdriver\common\driver_finder.py", line 47, in get_browser_path
    return self._binary_paths()["browser_path"]
  File "C:\Users\akh\Envs\work\lib\site-packages\selenium\webdriver\common\driver_finder.py", line 78, in _binary_paths
    raise NoSuchDriverException(msg) from err
selenium.common.exceptions.NoSuchDriverException: Message: Unable to obtain driver for chrome; For documentation on this error, please visit: https://www.selenium.dev/documentation/webdriver/troubleshooting/errors/driver_location

[2025-03-14 21:22:41] INFO [django.utils.autoreload:668] Watching for file changes with StatReloader
[2025-03-14 21:22:52] ERROR [django.request:248] Internal Server Error: /index/
Traceback (most recent call last):
  File "C:\Users\akh\Envs\work\lib\site-packages\selenium\webdriver\common\driver_finder.py", line 75, in _binary_paths
    raise ValueError(f'The browser path is not a valid file: {output["browser_path"]}')
ValueError: The browser path is not a valid file: C:\chrome\chrome_browser_134.0.6998.35

The above exception was the direct cause of the following exception:

Traceback (most recent call last):
  File "C:\Users\akh\Envs\work\lib\site-packages\django\core\handlers\exception.py", line 55, in inner
    response = get_response(request)
  File "C:\Users\akh\Envs\work\lib\site-packages\django\core\handlers\base.py", line 197, in _get_response
    response = wrapped_callback(request, *callback_args, **callback_kwargs)
  File "C:\Users\akh\Downloads\shared_folder\nobat\main\views.py", line 41, in index
    driver = setup()
  File "C:\Users\akh\Downloads\shared_folder\nobat\main\crawl.py", line 110, in setup
    driver = webdriver.Chrome(options=options)
  File "C:\Users\akh\Envs\work\lib\site-packages\selenium\webdriver\chrome\webdriver.py", line 45, in __init__
    super().__init__(
  File "C:\Users\akh\Envs\work\lib\site-packages\selenium\webdriver\chromium\webdriver.py", line 50, in __init__
    if finder.get_browser_path():
  File "C:\Users\akh\Envs\work\lib\site-packages\selenium\webdriver\common\driver_finder.py", line 47, in get_browser_path
    return self._binary_paths()["browser_path"]
  File "C:\Users\akh\Envs\work\lib\site-packages\selenium\webdriver\common\driver_finder.py", line 78, in _binary_paths
    raise NoSuchDriverException(msg) from err
selenium.common.exceptions.NoSuchDriverException: Message: Unable to obtain driver for chrome; For documentation on this error, please visit: https://www.selenium.dev/documentation/webdriver/troubleshooting/errors/driver_location

[2025-03-14 21:22:54] ERROR [django.request:248] Internal Server Error: /index/
Traceback (most recent call last):
  File "C:\Users\akh\Envs\work\lib\site-packages\selenium\webdriver\common\driver_finder.py", line 75, in _binary_paths
    raise ValueError(f'The browser path is not a valid file: {output["browser_path"]}')
ValueError: The browser path is not a valid file: C:\chrome\chrome_browser_134.0.6998.35

The above exception was the direct cause of the following exception:

Traceback (most recent call last):
  File "C:\Users\akh\Envs\work\lib\site-packages\django\core\handlers\exception.py", line 55, in inner
    response = get_response(request)
  File "C:\Users\akh\Envs\work\lib\site-packages\django\core\handlers\base.py", line 197, in _get_response
    response = wrapped_callback(request, *callback_args, **callback_kwargs)
  File "C:\Users\akh\Downloads\shared_folder\nobat\main\views.py", line 41, in index
    driver = setup()
  File "C:\Users\akh\Downloads\shared_folder\nobat\main\crawl.py", line 110, in setup
    driver = webdriver.Chrome(options=options)
  File "C:\Users\akh\Envs\work\lib\site-packages\selenium\webdriver\chrome\webdriver.py", line 45, in __init__
    super().__init__(
  File "C:\Users\akh\Envs\work\lib\site-packages\selenium\webdriver\chromium\webdriver.py", line 50, in __init__
    if finder.get_browser_path():
  File "C:\Users\akh\Envs\work\lib\site-packages\selenium\webdriver\common\driver_finder.py", line 47, in get_browser_path
    return self._binary_paths()["browser_path"]
  File "C:\Users\akh\Envs\work\lib\site-packages\selenium\webdriver\common\driver_finder.py", line 78, in _binary_paths
    raise NoSuchDriverException(msg) from err
selenium.common.exceptions.NoSuchDriverException: Message: Unable to obtain driver for chrome; For documentation on this error, please visit: https://www.selenium.dev/documentation/webdriver/troubleshooting/errors/driver_location

[2025-03-14 21:29:23] INFO [django.utils.autoreload:668] Watching for file changes with StatReloader
[2025-03-14 21:29:38] INFO [WDM:11] ====== WebDriver manager ======
[2025-03-14 21:29:44] INFO [WDM:11] Get LATEST chromedriver version for google-chrome
[2025-03-14 21:29:45] INFO [WDM:11] Get LATEST chromedriver version for google-chrome
[2025-03-14 21:29:45] INFO [WDM:11] Driver [C:\Users\akh\.wdm\drivers\chromedriver\win64\134.0.6998.88\chromedriver-win32/chromedriver.exe] found in cache
[2025-03-14 21:30:12] INFO [django.utils.autoreload:668] Watching for file changes with StatReloader
[2025-03-14 21:30:25] INFO [WDM:11] ====== WebDriver manager ======
[2025-03-14 21:30:31] INFO [WDM:11] Get LATEST chromedriver version for google-chrome
[2025-03-14 21:30:31] INFO [WDM:11] Get LATEST chromedriver version for google-chrome
[2025-03-14 21:30:32] INFO [WDM:11] Driver [C:\Users\akh\.wdm\drivers\chromedriver\win64\134.0.6998.88\chromedriver-win32/chromedriver.exe] found in cache
[2025-03-14 21:30:34] ERROR [django.request:248] Internal Server Error: /crawl/
Traceback (most recent call last):
  File "C:\Users\akh\Envs\work\lib\site-packages\django\core\handlers\exception.py", line 55, in inner
    response = get_response(request)
  File "C:\Users\akh\Envs\work\lib\site-packages\django\core\handlers\base.py", line 197, in _get_response
    response = wrapped_callback(request, *callback_args, **callback_kwargs)
  File "C:\Users\akh\Envs\work\lib\site-packages\django\views\decorators\csrf.py", line 65, in _view_wrapper
    return view_func(request, *args, **kwargs)
  File "C:\Users\akh\Envs\work\lib\site-packages\django\views\generic\base.py", line 104, in view
    return self.dispatch(request, *args, **kwargs)
  File "C:\Users\akh\Envs\work\lib\site-packages\rest_framework\views.py", line 509, in dispatch
    response = self.handle_exception(exc)
  File "C:\Users\akh\Envs\work\lib\site-packages\rest_framework\views.py", line 469, in handle_exception
    self.raise_uncaught_exception(exc)
  File "C:\Users\akh\Envs\work\lib\site-packages\rest_framework\views.py", line 480, in raise_uncaught_exception
    raise exc
  File "C:\Users\akh\Envs\work\lib\site-packages\rest_framework\views.py", line 506, in dispatch
    response = handler(request, *args, **kwargs)
  File "C:\Users\akh\Downloads\shared_folder\nobat\main\views.py", line 71, in post
    driver = setup()
  File "C:\Users\akh\Downloads\shared_folder\nobat\main\crawl.py", line 110, in setup
    driver = webdriver.Chrome(service=service, options=options)
  File "C:\Users\akh\Envs\work\lib\site-packages\selenium\webdriver\chrome\webdriver.py", line 45, in __init__
    super().__init__(
  File "C:\Users\akh\Envs\work\lib\site-packages\selenium\webdriver\chromium\webdriver.py", line 66, in __init__
    super().__init__(command_executor=executor, options=options)
  File "C:\Users\akh\Envs\work\lib\site-packages\selenium\webdriver\remote\webdriver.py", line 250, in __init__
    self.start_session(capabilities)
  File "C:\Users\akh\Envs\work\lib\site-packages\selenium\webdriver\remote\webdriver.py", line 342, in start_session
    response = self.execute(Command.NEW_SESSION, caps)["value"]
  File "C:\Users\akh\Envs\work\lib\site-packages\selenium\webdriver\remote\webdriver.py", line 429, in execute
    self.error_handler.check_response(response)
  File "C:\Users\akh\Envs\work\lib\site-packages\selenium\webdriver\remote\errorhandler.py", line 232, in check_response
    raise exception_class(message, screen, stacktrace)
selenium.common.exceptions.SessionNotCreatedException: Message: session not created
from unknown error: no chrome binary at C:\chrome\chrome-headless-shell-win64\chrome.exe
Stacktrace:
	GetHandleVerifier [0x00DDB5A3+24387]
	(No symbol) [0x00D65904]
	(No symbol) [0x00C40753]
	(No symbol) [0x00C718ED]
	(No symbol) [0x00C6F439]
	(No symbol) [0x00CB96C4]
	(No symbol) [0x00CB90AA]
	(No symbol) [0x00CAD646]
	(No symbol) [0x00C7C59F]
	(No symbol) [0x00C7D8E4]
	GetHandleVerifier [0x010DD883+3179043]
	GetHandleVerifier [0x010F6CF9+3282585]
	GetHandleVerifier [0x010F167C+3260444]
	GetHandleVerifier [0x00E74330+650448]
	(No symbol) [0x00D6ED0D]
	(No symbol) [0x00D6BAF8]
	(No symbol) [0x00D6BC99]
	(No symbol) [0x00D5E530]
	BaseThreadInitThunk [0x7682FCC9+25]
	RtlGetAppContainerNamedObjectPath [0x76F482AE+286]
	RtlGetAppContainerNamedObjectPath [0x76F4827E+238]

[2025-03-14 21:30:56] INFO [django.utils.autoreload:266] C:\Users\akh\Downloads\shared_folder\nobat\main\crawl.py changed, reloading.
[2025-03-14 21:31:03] INFO [django.utils.autoreload:668] Watching for file changes with StatReloader
[2025-03-14 21:31:15] INFO [WDM:11] ====== WebDriver manager ======
[2025-03-14 21:31:21] INFO [WDM:11] Get LATEST chromedriver version for google-chrome
[2025-03-14 21:31:22] INFO [WDM:11] Get LATEST chromedriver version for google-chrome
[2025-03-14 21:31:22] INFO [WDM:11] Driver [C:\Users\akh\.wdm\drivers\chromedriver\win64\134.0.6998.88\chromedriver-win32/chromedriver.exe] found in cache
[2025-03-14 21:31:37] INFO [django.utils.autoreload:266] C:\Users\akh\Downloads\shared_folder\nobat\main\crawl.py changed, reloading.
[2025-03-14 21:31:39] INFO [django.utils.autoreload:668] Watching for file changes with StatReloader
[2025-03-14 21:31:49] INFO [WDM:11] ====== WebDriver manager ======
[2025-03-14 21:31:55] INFO [WDM:11] Get LATEST chromedriver version for google-chrome
[2025-03-14 21:31:56] INFO [WDM:11] Get LATEST chromedriver version for google-chrome
[2025-03-14 21:31:56] INFO [WDM:11] Driver [C:\Users\akh\.wdm\drivers\chromedriver\win64\134.0.6998.88\chromedriver-win32/chromedriver.exe] found in cache
[2025-03-14 21:32:04] INFO [django.utils.autoreload:266] C:\Users\akh\Downloads\shared_folder\nobat\main\crawl.py changed, reloading.
[2025-03-14 21:32:08] INFO [django.utils.autoreload:668] Watching for file changes with StatReloader
[2025-03-14 21:40:01] INFO [django.utils.autoreload:668] Watching for file changes with StatReloader
[2025-03-14 21:40:24] WARNING [django.request:248] Not Found: /user/profile/fonts/Vazir-Regular-UI.ttf
[2025-03-14 21:40:47] INFO [WDM:11] ====== WebDriver manager ======
[2025-03-14 21:40:47] INFO [WDM:11] Get LATEST chromedriver version for google-chrome
[2025-03-14 21:40:48] ERROR [django.request:248] Internal Server Error: /crawl/
Traceback (most recent call last):
  File "/home/akh/.virtualenvs/work/lib/python3.11/site-packages/django/core/handlers/exception.py", line 55, in inner
    response = get_response(request)
               ^^^^^^^^^^^^^^^^^^^^^
  File "/home/akh/.virtualenvs/work/lib/python3.11/site-packages/django/core/handlers/base.py", line 197, in _get_response
    response = wrapped_callback(request, *callback_args, **callback_kwargs)
               ^^^^^^^^^^^^^^^^^^^^^^^^^^^^^^^^^^^^^^^^^^^^^^^^^^^^^^^^^^^^
  File "/home/akh/.virtualenvs/work/lib/python3.11/site-packages/django/views/decorators/csrf.py", line 65, in _view_wrapper
    return view_func(request, *args, **kwargs)
           ^^^^^^^^^^^^^^^^^^^^^^^^^^^^^^^^^^^
  File "/home/akh/.virtualenvs/work/lib/python3.11/site-packages/django/views/generic/base.py", line 104, in view
    return self.dispatch(request, *args, **kwargs)
           ^^^^^^^^^^^^^^^^^^^^^^^^^^^^^^^^^^^^^^^
  File "/home/akh/.virtualenvs/work/lib/python3.11/site-packages/rest_framework/views.py", line 509, in dispatch
    response = self.handle_exception(exc)
               ^^^^^^^^^^^^^^^^^^^^^^^^^^
  File "/home/akh/.virtualenvs/work/lib/python3.11/site-packages/rest_framework/views.py", line 469, in handle_exception
    self.raise_uncaught_exception(exc)
  File "/home/akh/.virtualenvs/work/lib/python3.11/site-packages/rest_framework/views.py", line 480, in raise_uncaught_exception
    raise exc
  File "/home/akh/.virtualenvs/work/lib/python3.11/site-packages/rest_framework/views.py", line 506, in dispatch
    response = handler(request, *args, **kwargs)
               ^^^^^^^^^^^^^^^^^^^^^^^^^^^^^^^^^
  File "/home/akh/shared/nobat/main/views.py", line 71, in post
    driver = setup()
             ^^^^^^^
  File "/home/akh/shared/nobat/main/crawl.py", line 109, in setup
    service = Service(ChromeDriverManager().install())
                      ^^^^^^^^^^^^^^^^^^^^^^^^^^^^^^^
  File "/home/akh/.virtualenvs/work/lib/python3.11/site-packages/webdriver_manager/chrome.py", line 40, in install
    driver_path = self._get_driver_binary_path(self.driver)
                  ^^^^^^^^^^^^^^^^^^^^^^^^^^^^^^^^^^^^^^^^^
  File "/home/akh/.virtualenvs/work/lib/python3.11/site-packages/webdriver_manager/core/manager.py", line 40, in _get_driver_binary_path
    file = self._download_manager.download_file(driver.get_driver_download_url(os_type))
                                                ^^^^^^^^^^^^^^^^^^^^^^^^^^^^^^^^^^^^^^^
  File "/home/akh/.virtualenvs/work/lib/python3.11/site-packages/webdriver_manager/drivers/chrome.py", line 32, in get_driver_download_url
    driver_version_to_download = self.get_driver_version_to_download()
                                 ^^^^^^^^^^^^^^^^^^^^^^^^^^^^^^^^^^^^^
  File "/home/akh/.virtualenvs/work/lib/python3.11/site-packages/webdriver_manager/core/driver.py", line 48, in get_driver_version_to_download
    return self.get_latest_release_version()
           ^^^^^^^^^^^^^^^^^^^^^^^^^^^^^^^^^
  File "/home/akh/.virtualenvs/work/lib/python3.11/site-packages/webdriver_manager/drivers/chrome.py", line 70, in get_latest_release_version
    resp = self._http_client.get(url=latest_release_url)
           ^^^^^^^^^^^^^^^^^^^^^^^^^^^^^^^^^^^^^^^^^^^^^
  File "/home/akh/.virtualenvs/work/lib/python3.11/site-packages/webdriver_manager/core/http.py", line 36, in get
    self.validate_response(resp)
  File "/home/akh/.virtualenvs/work/lib/python3.11/site-packages/webdriver_manager/core/http.py", line 19, in validate_response
    raise ValueError(
ValueError: response body:
<?xml version='1.0' encoding='UTF-8'?><Error><Code>AccessDenied</Code><Message>Access denied.</Message><Details>We're sorry, but this service is not available in your location</Details></Error>
request url:
https://chromedriver.storage.googleapis.com/LATEST_RELEASE
response headers:
{'X-GUploader-UploadID': 'AKDAyIsu4aJenU6K7xNLvjosctsWzBHSpY4bVKhDcBR8TkcIojQeRGLzlqjf637j9jrx2_nB', 'Content-Type': 'application/xml; charset=UTF-8', 'Content-Length': '193', 'Date': 'Fri, 14 Mar 2025 18:10:49 GMT', 'Expires': 'Fri, 14 Mar 2025 18:10:49 GMT', 'Cache-Control': 'private, max-age=0', 'Server': 'UploadServer', 'Alt-Svc': 'h3=":443"; ma=2592000,h3-29=":443"; ma=2592000'}

[2025-03-14 21:41:41] INFO [WDM:11] ====== WebDriver manager ======
[2025-03-14 21:41:41] INFO [WDM:11] Get LATEST chromedriver version for google-chrome
[2025-03-14 21:41:42] ERROR [django.request:248] Internal Server Error: /crawl/
Traceback (most recent call last):
  File "/home/akh/.virtualenvs/work/lib/python3.11/site-packages/django/core/handlers/exception.py", line 55, in inner
    response = get_response(request)
               ^^^^^^^^^^^^^^^^^^^^^
  File "/home/akh/.virtualenvs/work/lib/python3.11/site-packages/django/core/handlers/base.py", line 197, in _get_response
    response = wrapped_callback(request, *callback_args, **callback_kwargs)
               ^^^^^^^^^^^^^^^^^^^^^^^^^^^^^^^^^^^^^^^^^^^^^^^^^^^^^^^^^^^^
  File "/home/akh/.virtualenvs/work/lib/python3.11/site-packages/django/views/decorators/csrf.py", line 65, in _view_wrapper
    return view_func(request, *args, **kwargs)
           ^^^^^^^^^^^^^^^^^^^^^^^^^^^^^^^^^^^
  File "/home/akh/.virtualenvs/work/lib/python3.11/site-packages/django/views/generic/base.py", line 104, in view
    return self.dispatch(request, *args, **kwargs)
           ^^^^^^^^^^^^^^^^^^^^^^^^^^^^^^^^^^^^^^^
  File "/home/akh/.virtualenvs/work/lib/python3.11/site-packages/rest_framework/views.py", line 509, in dispatch
    response = self.handle_exception(exc)
               ^^^^^^^^^^^^^^^^^^^^^^^^^^
  File "/home/akh/.virtualenvs/work/lib/python3.11/site-packages/rest_framework/views.py", line 469, in handle_exception
    self.raise_uncaught_exception(exc)
  File "/home/akh/.virtualenvs/work/lib/python3.11/site-packages/rest_framework/views.py", line 480, in raise_uncaught_exception
    raise exc
  File "/home/akh/.virtualenvs/work/lib/python3.11/site-packages/rest_framework/views.py", line 506, in dispatch
    response = handler(request, *args, **kwargs)
               ^^^^^^^^^^^^^^^^^^^^^^^^^^^^^^^^^
  File "/home/akh/shared/nobat/main/views.py", line 71, in post
    driver = setup()
             ^^^^^^^
  File "/home/akh/shared/nobat/main/crawl.py", line 109, in setup
    service = Service(ChromeDriverManager().install())
                      ^^^^^^^^^^^^^^^^^^^^^^^^^^^^^^^
  File "/home/akh/.virtualenvs/work/lib/python3.11/site-packages/webdriver_manager/chrome.py", line 40, in install
    driver_path = self._get_driver_binary_path(self.driver)
                  ^^^^^^^^^^^^^^^^^^^^^^^^^^^^^^^^^^^^^^^^^
  File "/home/akh/.virtualenvs/work/lib/python3.11/site-packages/webdriver_manager/core/manager.py", line 40, in _get_driver_binary_path
    file = self._download_manager.download_file(driver.get_driver_download_url(os_type))
                                                ^^^^^^^^^^^^^^^^^^^^^^^^^^^^^^^^^^^^^^^
  File "/home/akh/.virtualenvs/work/lib/python3.11/site-packages/webdriver_manager/drivers/chrome.py", line 32, in get_driver_download_url
    driver_version_to_download = self.get_driver_version_to_download()
                                 ^^^^^^^^^^^^^^^^^^^^^^^^^^^^^^^^^^^^^
  File "/home/akh/.virtualenvs/work/lib/python3.11/site-packages/webdriver_manager/core/driver.py", line 48, in get_driver_version_to_download
    return self.get_latest_release_version()
           ^^^^^^^^^^^^^^^^^^^^^^^^^^^^^^^^^
  File "/home/akh/.virtualenvs/work/lib/python3.11/site-packages/webdriver_manager/drivers/chrome.py", line 70, in get_latest_release_version
    resp = self._http_client.get(url=latest_release_url)
           ^^^^^^^^^^^^^^^^^^^^^^^^^^^^^^^^^^^^^^^^^^^^^
  File "/home/akh/.virtualenvs/work/lib/python3.11/site-packages/webdriver_manager/core/http.py", line 36, in get
    self.validate_response(resp)
  File "/home/akh/.virtualenvs/work/lib/python3.11/site-packages/webdriver_manager/core/http.py", line 19, in validate_response
    raise ValueError(
ValueError: response body:
<?xml version='1.0' encoding='UTF-8'?><Error><Code>AccessDenied</Code><Message>Access denied.</Message><Details>We're sorry, but this service is not available in your location</Details></Error>
request url:
https://chromedriver.storage.googleapis.com/LATEST_RELEASE
response headers:
{'X-GUploader-UploadID': 'AKDAyIsMnSJX90PyReYnCXdQGfnGIAUQINEymcUW09dzY6vlFpjndvuuQfTwyRktm4D76udy', 'Content-Type': 'application/xml; charset=UTF-8', 'Content-Length': '193', 'Date': 'Fri, 14 Mar 2025 18:11:43 GMT', 'Expires': 'Fri, 14 Mar 2025 18:11:43 GMT', 'Cache-Control': 'private, max-age=0', 'Server': 'UploadServer', 'Alt-Svc': 'h3=":443"; ma=2592000,h3-29=":443"; ma=2592000'}

[2025-03-14 21:41:48] INFO [WDM:11] ====== WebDriver manager ======
[2025-03-14 21:41:48] INFO [WDM:11] Get LATEST chromedriver version for google-chrome
[2025-03-14 21:41:48] INFO [WDM:11] ====== WebDriver manager ======
[2025-03-14 21:41:48] INFO [WDM:11] Get LATEST chromedriver version for google-chrome
[2025-03-14 21:41:48] ERROR [django.request:248] Internal Server Error: /square_nums/
Traceback (most recent call last):
  File "/home/akh/.virtualenvs/work/lib/python3.11/site-packages/django/db/backends/utils.py", line 105, in _execute
    return self.cursor.execute(sql, params)
           ^^^^^^^^^^^^^^^^^^^^^^^^^^^^^^^^
  File "/home/akh/.virtualenvs/work/lib/python3.11/site-packages/django/db/backends/sqlite3/base.py", line 354, in execute
    return super().execute(query, params)
           ^^^^^^^^^^^^^^^^^^^^^^^^^^^^^^
sqlite3.OperationalError: disk I/O error

The above exception was the direct cause of the following exception:

Traceback (most recent call last):
  File "/home/akh/.virtualenvs/work/lib/python3.11/site-packages/django/core/handlers/exception.py", line 55, in inner
    response = get_response(request)
               ^^^^^^^^^^^^^^^^^^^^^
  File "/home/akh/.virtualenvs/work/lib/python3.11/site-packages/django/core/handlers/base.py", line 197, in _get_response
    response = wrapped_callback(request, *callback_args, **callback_kwargs)
               ^^^^^^^^^^^^^^^^^^^^^^^^^^^^^^^^^^^^^^^^^^^^^^^^^^^^^^^^^^^^
  File "/home/akh/.virtualenvs/work/lib/python3.11/site-packages/django/views/decorators/csrf.py", line 65, in _view_wrapper
    return view_func(request, *args, **kwargs)
           ^^^^^^^^^^^^^^^^^^^^^^^^^^^^^^^^^^^
  File "/home/akh/.virtualenvs/work/lib/python3.11/site-packages/django/views/generic/base.py", line 104, in view
    return self.dispatch(request, *args, **kwargs)
           ^^^^^^^^^^^^^^^^^^^^^^^^^^^^^^^^^^^^^^^
  File "/home/akh/.virtualenvs/work/lib/python3.11/site-packages/rest_framework/views.py", line 509, in dispatch
    response = self.handle_exception(exc)
               ^^^^^^^^^^^^^^^^^^^^^^^^^^
  File "/home/akh/.virtualenvs/work/lib/python3.11/site-packages/rest_framework/views.py", line 469, in handle_exception
    self.raise_uncaught_exception(exc)
  File "/home/akh/.virtualenvs/work/lib/python3.11/site-packages/rest_framework/views.py", line 480, in raise_uncaught_exception
    raise exc
  File "/home/akh/.virtualenvs/work/lib/python3.11/site-packages/rest_framework/views.py", line 506, in dispatch
    response = handler(request, *args, **kwargs)
               ^^^^^^^^^^^^^^^^^^^^^^^^^^^^^^^^^
  File "/home/akh/shared/nobat/main/views.py", line 188, in post
    customer.save()
  File "/home/akh/.virtualenvs/work/lib/python3.11/site-packages/django/db/models/base.py", line 892, in save
    self.save_base(
  File "/home/akh/.virtualenvs/work/lib/python3.11/site-packages/django/db/models/base.py", line 998, in save_base
    updated = self._save_table(
              ^^^^^^^^^^^^^^^^^
  File "/home/akh/.virtualenvs/work/lib/python3.11/site-packages/django/db/models/base.py", line 1130, in _save_table
    updated = self._do_update(
              ^^^^^^^^^^^^^^^^
  File "/home/akh/.virtualenvs/work/lib/python3.11/site-packages/django/db/models/base.py", line 1195, in _do_update
    return filtered._update(values) > 0
           ^^^^^^^^^^^^^^^^^^^^^^^^
  File "/home/akh/.virtualenvs/work/lib/python3.11/site-packages/django/db/models/query.py", line 1278, in _update
    return query.get_compiler(self.db).execute_sql(CURSOR)
           ^^^^^^^^^^^^^^^^^^^^^^^^^^^^^^^^^^^^^^^^^^^^^^^
  File "/home/akh/.virtualenvs/work/lib/python3.11/site-packages/django/db/models/sql/compiler.py", line 2003, in execute_sql
    cursor = super().execute_sql(result_type)
             ^^^^^^^^^^^^^^^^^^^^^^^^^^^^^^^^
  File "/home/akh/.virtualenvs/work/lib/python3.11/site-packages/django/db/models/sql/compiler.py", line 1574, in execute_sql
    cursor.execute(sql, params)
  File "/home/akh/.virtualenvs/work/lib/python3.11/site-packages/django/db/backends/utils.py", line 122, in execute
    return super().execute(sql, params)
           ^^^^^^^^^^^^^^^^^^^^^^^^^^^^
  File "/home/akh/.virtualenvs/work/lib/python3.11/site-packages/django/db/backends/utils.py", line 79, in execute
    return self._execute_with_wrappers(
           ^^^^^^^^^^^^^^^^^^^^^^^^^^^^
  File "/home/akh/.virtualenvs/work/lib/python3.11/site-packages/django/db/backends/utils.py", line 92, in _execute_with_wrappers
    return executor(sql, params, many, context)
           ^^^^^^^^^^^^^^^^^^^^^^^^^^^^^^^^^^^^
  File "/home/akh/.virtualenvs/work/lib/python3.11/site-packages/django/db/backends/utils.py", line 100, in _execute
    with self.db.wrap_database_errors:
  File "/home/akh/.virtualenvs/work/lib/python3.11/site-packages/django/db/utils.py", line 91, in __exit__
    raise dj_exc_value.with_traceback(traceback) from exc_value
  File "/home/akh/.virtualenvs/work/lib/python3.11/site-packages/django/db/backends/utils.py", line 105, in _execute
    return self.cursor.execute(sql, params)
           ^^^^^^^^^^^^^^^^^^^^^^^^^^^^^^^^
  File "/home/akh/.virtualenvs/work/lib/python3.11/site-packages/django/db/backends/sqlite3/base.py", line 354, in execute
    return super().execute(query, params)
           ^^^^^^^^^^^^^^^^^^^^^^^^^^^^^^
django.db.utils.OperationalError: disk I/O error
[2025-03-14 21:41:48] ERROR [django.request:248] Internal Server Error: /crawl/
Traceback (most recent call last):
  File "/home/akh/.virtualenvs/work/lib/python3.11/site-packages/django/core/handlers/exception.py", line 55, in inner
    response = get_response(request)
               ^^^^^^^^^^^^^^^^^^^^^
  File "/home/akh/.virtualenvs/work/lib/python3.11/site-packages/django/core/handlers/base.py", line 197, in _get_response
    response = wrapped_callback(request, *callback_args, **callback_kwargs)
               ^^^^^^^^^^^^^^^^^^^^^^^^^^^^^^^^^^^^^^^^^^^^^^^^^^^^^^^^^^^^
  File "/home/akh/.virtualenvs/work/lib/python3.11/site-packages/django/views/decorators/csrf.py", line 65, in _view_wrapper
    return view_func(request, *args, **kwargs)
           ^^^^^^^^^^^^^^^^^^^^^^^^^^^^^^^^^^^
  File "/home/akh/.virtualenvs/work/lib/python3.11/site-packages/django/views/generic/base.py", line 104, in view
    return self.dispatch(request, *args, **kwargs)
           ^^^^^^^^^^^^^^^^^^^^^^^^^^^^^^^^^^^^^^^
  File "/home/akh/.virtualenvs/work/lib/python3.11/site-packages/rest_framework/views.py", line 509, in dispatch
    response = self.handle_exception(exc)
               ^^^^^^^^^^^^^^^^^^^^^^^^^^
  File "/home/akh/.virtualenvs/work/lib/python3.11/site-packages/rest_framework/views.py", line 469, in handle_exception
    self.raise_uncaught_exception(exc)
  File "/home/akh/.virtualenvs/work/lib/python3.11/site-packages/rest_framework/views.py", line 480, in raise_uncaught_exception
    raise exc
  File "/home/akh/.virtualenvs/work/lib/python3.11/site-packages/rest_framework/views.py", line 506, in dispatch
    response = handler(request, *args, **kwargs)
               ^^^^^^^^^^^^^^^^^^^^^^^^^^^^^^^^^
  File "/home/akh/shared/nobat/main/views.py", line 71, in post
    driver = setup()
             ^^^^^^^
  File "/home/akh/shared/nobat/main/crawl.py", line 109, in setup
    service = Service(ChromeDriverManager().install())
                      ^^^^^^^^^^^^^^^^^^^^^^^^^^^^^^^
  File "/home/akh/.virtualenvs/work/lib/python3.11/site-packages/webdriver_manager/chrome.py", line 40, in install
    driver_path = self._get_driver_binary_path(self.driver)
                  ^^^^^^^^^^^^^^^^^^^^^^^^^^^^^^^^^^^^^^^^^
  File "/home/akh/.virtualenvs/work/lib/python3.11/site-packages/webdriver_manager/core/manager.py", line 40, in _get_driver_binary_path
    file = self._download_manager.download_file(driver.get_driver_download_url(os_type))
                                                ^^^^^^^^^^^^^^^^^^^^^^^^^^^^^^^^^^^^^^^
  File "/home/akh/.virtualenvs/work/lib/python3.11/site-packages/webdriver_manager/drivers/chrome.py", line 32, in get_driver_download_url
    driver_version_to_download = self.get_driver_version_to_download()
                                 ^^^^^^^^^^^^^^^^^^^^^^^^^^^^^^^^^^^^^
  File "/home/akh/.virtualenvs/work/lib/python3.11/site-packages/webdriver_manager/core/driver.py", line 48, in get_driver_version_to_download
    return self.get_latest_release_version()
           ^^^^^^^^^^^^^^^^^^^^^^^^^^^^^^^^^
  File "/home/akh/.virtualenvs/work/lib/python3.11/site-packages/webdriver_manager/drivers/chrome.py", line 70, in get_latest_release_version
    resp = self._http_client.get(url=latest_release_url)
           ^^^^^^^^^^^^^^^^^^^^^^^^^^^^^^^^^^^^^^^^^^^^^
  File "/home/akh/.virtualenvs/work/lib/python3.11/site-packages/webdriver_manager/core/http.py", line 36, in get
    self.validate_response(resp)
  File "/home/akh/.virtualenvs/work/lib/python3.11/site-packages/webdriver_manager/core/http.py", line 19, in validate_response
    raise ValueError(
ValueError: response body:
<?xml version='1.0' encoding='UTF-8'?><Error><Code>AccessDenied</Code><Message>Access denied.</Message><Details>We're sorry, but this service is not available in your location</Details></Error>
request url:
https://chromedriver.storage.googleapis.com/LATEST_RELEASE
response headers:
{'X-GUploader-UploadID': 'AKDAyIsnFL5oBG17pq2Zp7O6GYy1-41js7IF7i5rVI7Yd5OR2iYdqMU8bBWIZDgWHu5cXR9g', 'Content-Type': 'application/xml; charset=UTF-8', 'Content-Length': '193', 'Date': 'Fri, 14 Mar 2025 18:11:50 GMT', 'Expires': 'Fri, 14 Mar 2025 18:11:50 GMT', 'Cache-Control': 'private, max-age=0', 'Server': 'UploadServer', 'Alt-Svc': 'h3=":443"; ma=2592000,h3-29=":443"; ma=2592000'}

[2025-03-14 21:41:49] ERROR [django.request:248] Internal Server Error: /crawl/
Traceback (most recent call last):
  File "/home/akh/.virtualenvs/work/lib/python3.11/site-packages/django/core/handlers/exception.py", line 55, in inner
    response = get_response(request)
               ^^^^^^^^^^^^^^^^^^^^^
  File "/home/akh/.virtualenvs/work/lib/python3.11/site-packages/django/core/handlers/base.py", line 197, in _get_response
    response = wrapped_callback(request, *callback_args, **callback_kwargs)
               ^^^^^^^^^^^^^^^^^^^^^^^^^^^^^^^^^^^^^^^^^^^^^^^^^^^^^^^^^^^^
  File "/home/akh/.virtualenvs/work/lib/python3.11/site-packages/django/views/decorators/csrf.py", line 65, in _view_wrapper
    return view_func(request, *args, **kwargs)
           ^^^^^^^^^^^^^^^^^^^^^^^^^^^^^^^^^^^
  File "/home/akh/.virtualenvs/work/lib/python3.11/site-packages/django/views/generic/base.py", line 104, in view
    return self.dispatch(request, *args, **kwargs)
           ^^^^^^^^^^^^^^^^^^^^^^^^^^^^^^^^^^^^^^^
  File "/home/akh/.virtualenvs/work/lib/python3.11/site-packages/rest_framework/views.py", line 509, in dispatch
    response = self.handle_exception(exc)
               ^^^^^^^^^^^^^^^^^^^^^^^^^^
  File "/home/akh/.virtualenvs/work/lib/python3.11/site-packages/rest_framework/views.py", line 469, in handle_exception
    self.raise_uncaught_exception(exc)
  File "/home/akh/.virtualenvs/work/lib/python3.11/site-packages/rest_framework/views.py", line 480, in raise_uncaught_exception
    raise exc
  File "/home/akh/.virtualenvs/work/lib/python3.11/site-packages/rest_framework/views.py", line 506, in dispatch
    response = handler(request, *args, **kwargs)
               ^^^^^^^^^^^^^^^^^^^^^^^^^^^^^^^^^
  File "/home/akh/shared/nobat/main/views.py", line 71, in post
    driver = setup()
             ^^^^^^^
  File "/home/akh/shared/nobat/main/crawl.py", line 109, in setup
    service = Service(ChromeDriverManager().install())
                      ^^^^^^^^^^^^^^^^^^^^^^^^^^^^^^^
  File "/home/akh/.virtualenvs/work/lib/python3.11/site-packages/webdriver_manager/chrome.py", line 40, in install
    driver_path = self._get_driver_binary_path(self.driver)
                  ^^^^^^^^^^^^^^^^^^^^^^^^^^^^^^^^^^^^^^^^^
  File "/home/akh/.virtualenvs/work/lib/python3.11/site-packages/webdriver_manager/core/manager.py", line 40, in _get_driver_binary_path
    file = self._download_manager.download_file(driver.get_driver_download_url(os_type))
                                                ^^^^^^^^^^^^^^^^^^^^^^^^^^^^^^^^^^^^^^^
  File "/home/akh/.virtualenvs/work/lib/python3.11/site-packages/webdriver_manager/drivers/chrome.py", line 32, in get_driver_download_url
    driver_version_to_download = self.get_driver_version_to_download()
                                 ^^^^^^^^^^^^^^^^^^^^^^^^^^^^^^^^^^^^^
  File "/home/akh/.virtualenvs/work/lib/python3.11/site-packages/webdriver_manager/core/driver.py", line 48, in get_driver_version_to_download
    return self.get_latest_release_version()
           ^^^^^^^^^^^^^^^^^^^^^^^^^^^^^^^^^
  File "/home/akh/.virtualenvs/work/lib/python3.11/site-packages/webdriver_manager/drivers/chrome.py", line 70, in get_latest_release_version
    resp = self._http_client.get(url=latest_release_url)
           ^^^^^^^^^^^^^^^^^^^^^^^^^^^^^^^^^^^^^^^^^^^^^
  File "/home/akh/.virtualenvs/work/lib/python3.11/site-packages/webdriver_manager/core/http.py", line 36, in get
    self.validate_response(resp)
  File "/home/akh/.virtualenvs/work/lib/python3.11/site-packages/webdriver_manager/core/http.py", line 19, in validate_response
    raise ValueError(
ValueError: response body:
<?xml version='1.0' encoding='UTF-8'?><Error><Code>AccessDenied</Code><Message>Access denied.</Message><Details>We're sorry, but this service is not available in your location</Details></Error>
request url:
https://chromedriver.storage.googleapis.com/LATEST_RELEASE
response headers:
{'X-GUploader-UploadID': 'AKDAyItZgrjZjJtKiON4QRRaSXuvjx52BoQ1LXXCXj9R3bxZJQOlX0jH-tYR6yVcgos7w9S1', 'Content-Type': 'application/xml; charset=UTF-8', 'Content-Length': '193', 'Date': 'Fri, 14 Mar 2025 18:11:50 GMT', 'Expires': 'Fri, 14 Mar 2025 18:11:50 GMT', 'Cache-Control': 'private, max-age=0', 'Server': 'UploadServer', 'Alt-Svc': 'h3=":443"; ma=2592000,h3-29=":443"; ma=2592000'}

[2025-03-14 21:44:22] INFO [django.utils.autoreload:266] /home/akh/shared/nobat/main/crawl.py changed, reloading.
[2025-03-14 21:44:24] INFO [django.utils.autoreload:668] Watching for file changes with StatReloader
[2025-03-14 21:44:34] INFO [WDM:11] ====== WebDriver manager ======
[2025-03-14 21:44:34] INFO [WDM:11] Get LATEST chromedriver version for google-chrome
[2025-03-14 21:44:35] ERROR [django.request:248] Internal Server Error: /crawl/
Traceback (most recent call last):
  File "/home/akh/.virtualenvs/work/lib/python3.11/site-packages/django/core/handlers/exception.py", line 55, in inner
    response = get_response(request)
               ^^^^^^^^^^^^^^^^^^^^^
  File "/home/akh/.virtualenvs/work/lib/python3.11/site-packages/django/core/handlers/base.py", line 197, in _get_response
    response = wrapped_callback(request, *callback_args, **callback_kwargs)
               ^^^^^^^^^^^^^^^^^^^^^^^^^^^^^^^^^^^^^^^^^^^^^^^^^^^^^^^^^^^^
  File "/home/akh/.virtualenvs/work/lib/python3.11/site-packages/django/views/decorators/csrf.py", line 65, in _view_wrapper
    return view_func(request, *args, **kwargs)
           ^^^^^^^^^^^^^^^^^^^^^^^^^^^^^^^^^^^
  File "/home/akh/.virtualenvs/work/lib/python3.11/site-packages/django/views/generic/base.py", line 104, in view
    return self.dispatch(request, *args, **kwargs)
           ^^^^^^^^^^^^^^^^^^^^^^^^^^^^^^^^^^^^^^^
  File "/home/akh/.virtualenvs/work/lib/python3.11/site-packages/rest_framework/views.py", line 509, in dispatch
    response = self.handle_exception(exc)
               ^^^^^^^^^^^^^^^^^^^^^^^^^^
  File "/home/akh/.virtualenvs/work/lib/python3.11/site-packages/rest_framework/views.py", line 469, in handle_exception
    self.raise_uncaught_exception(exc)
  File "/home/akh/.virtualenvs/work/lib/python3.11/site-packages/rest_framework/views.py", line 480, in raise_uncaught_exception
    raise exc
  File "/home/akh/.virtualenvs/work/lib/python3.11/site-packages/rest_framework/views.py", line 506, in dispatch
    response = handler(request, *args, **kwargs)
               ^^^^^^^^^^^^^^^^^^^^^^^^^^^^^^^^^
  File "/home/akh/shared/nobat/main/views.py", line 71, in post
    driver = setup()
             ^^^^^^^
  File "/home/akh/shared/nobat/main/crawl.py", line 109, in setup
    service = Service(ChromeDriverManager().install())
                      ^^^^^^^^^^^^^^^^^^^^^^^^^^^^^^^
  File "/home/akh/.virtualenvs/work/lib/python3.11/site-packages/webdriver_manager/chrome.py", line 40, in install
    driver_path = self._get_driver_binary_path(self.driver)
                  ^^^^^^^^^^^^^^^^^^^^^^^^^^^^^^^^^^^^^^^^^
  File "/home/akh/.virtualenvs/work/lib/python3.11/site-packages/webdriver_manager/core/manager.py", line 40, in _get_driver_binary_path
    file = self._download_manager.download_file(driver.get_driver_download_url(os_type))
                                                ^^^^^^^^^^^^^^^^^^^^^^^^^^^^^^^^^^^^^^^
  File "/home/akh/.virtualenvs/work/lib/python3.11/site-packages/webdriver_manager/drivers/chrome.py", line 32, in get_driver_download_url
    driver_version_to_download = self.get_driver_version_to_download()
                                 ^^^^^^^^^^^^^^^^^^^^^^^^^^^^^^^^^^^^^
  File "/home/akh/.virtualenvs/work/lib/python3.11/site-packages/webdriver_manager/core/driver.py", line 48, in get_driver_version_to_download
    return self.get_latest_release_version()
           ^^^^^^^^^^^^^^^^^^^^^^^^^^^^^^^^^
  File "/home/akh/.virtualenvs/work/lib/python3.11/site-packages/webdriver_manager/drivers/chrome.py", line 70, in get_latest_release_version
    resp = self._http_client.get(url=latest_release_url)
           ^^^^^^^^^^^^^^^^^^^^^^^^^^^^^^^^^^^^^^^^^^^^^
  File "/home/akh/.virtualenvs/work/lib/python3.11/site-packages/webdriver_manager/core/http.py", line 36, in get
    self.validate_response(resp)
  File "/home/akh/.virtualenvs/work/lib/python3.11/site-packages/webdriver_manager/core/http.py", line 19, in validate_response
    raise ValueError(
ValueError: response body:
<?xml version='1.0' encoding='UTF-8'?><Error><Code>AccessDenied</Code><Message>Access denied.</Message><Details>We're sorry, but this service is not available in your location</Details></Error>
request url:
https://chromedriver.storage.googleapis.com/LATEST_RELEASE
response headers:
{'X-GUploader-UploadID': 'AKDAyItSujBqVICaX8lZaBUu7R4OOj4dk8Bx0oezGxfHjkPECJ7mfDDa89bs42DmOn50cnkH', 'Content-Type': 'application/xml; charset=UTF-8', 'Content-Length': '193', 'Date': 'Fri, 14 Mar 2025 18:14:36 GMT', 'Expires': 'Fri, 14 Mar 2025 18:14:36 GMT', 'Cache-Control': 'private, max-age=0', 'Server': 'UploadServer', 'Alt-Svc': 'h3=":443"; ma=2592000,h3-29=":443"; ma=2592000'}

[2025-03-14 21:44:44] INFO [django.utils.autoreload:266] /home/akh/shared/nobat/main/crawl.py changed, reloading.
[2025-03-14 21:44:47] INFO [django.utils.autoreload:668] Watching for file changes with StatReloader
[2025-03-14 21:44:56] INFO [WDM:11] ====== WebDriver manager ======
[2025-03-14 21:44:56] INFO [WDM:11] Get LATEST chromedriver version for google-chrome
[2025-03-14 21:44:57] ERROR [django.request:248] Internal Server Error: /crawl/
Traceback (most recent call last):
  File "/home/akh/.virtualenvs/work/lib/python3.11/site-packages/django/core/handlers/exception.py", line 55, in inner
    response = get_response(request)
               ^^^^^^^^^^^^^^^^^^^^^
  File "/home/akh/.virtualenvs/work/lib/python3.11/site-packages/django/core/handlers/base.py", line 197, in _get_response
    response = wrapped_callback(request, *callback_args, **callback_kwargs)
               ^^^^^^^^^^^^^^^^^^^^^^^^^^^^^^^^^^^^^^^^^^^^^^^^^^^^^^^^^^^^
  File "/home/akh/.virtualenvs/work/lib/python3.11/site-packages/django/views/decorators/csrf.py", line 65, in _view_wrapper
    return view_func(request, *args, **kwargs)
           ^^^^^^^^^^^^^^^^^^^^^^^^^^^^^^^^^^^
  File "/home/akh/.virtualenvs/work/lib/python3.11/site-packages/django/views/generic/base.py", line 104, in view
    return self.dispatch(request, *args, **kwargs)
           ^^^^^^^^^^^^^^^^^^^^^^^^^^^^^^^^^^^^^^^
  File "/home/akh/.virtualenvs/work/lib/python3.11/site-packages/rest_framework/views.py", line 509, in dispatch
    response = self.handle_exception(exc)
               ^^^^^^^^^^^^^^^^^^^^^^^^^^
  File "/home/akh/.virtualenvs/work/lib/python3.11/site-packages/rest_framework/views.py", line 469, in handle_exception
    self.raise_uncaught_exception(exc)
  File "/home/akh/.virtualenvs/work/lib/python3.11/site-packages/rest_framework/views.py", line 480, in raise_uncaught_exception
    raise exc
  File "/home/akh/.virtualenvs/work/lib/python3.11/site-packages/rest_framework/views.py", line 506, in dispatch
    response = handler(request, *args, **kwargs)
               ^^^^^^^^^^^^^^^^^^^^^^^^^^^^^^^^^
  File "/home/akh/shared/nobat/main/views.py", line 71, in post
    driver = setup()
             ^^^^^^^
  File "/home/akh/shared/nobat/main/crawl.py", line 109, in setup
    service = Service(ChromeDriverManager().install())
                      ^^^^^^^^^^^^^^^^^^^^^^^^^^^^^^^
  File "/home/akh/.virtualenvs/work/lib/python3.11/site-packages/webdriver_manager/chrome.py", line 40, in install
    driver_path = self._get_driver_binary_path(self.driver)
                  ^^^^^^^^^^^^^^^^^^^^^^^^^^^^^^^^^^^^^^^^^
  File "/home/akh/.virtualenvs/work/lib/python3.11/site-packages/webdriver_manager/core/manager.py", line 40, in _get_driver_binary_path
    file = self._download_manager.download_file(driver.get_driver_download_url(os_type))
                                                ^^^^^^^^^^^^^^^^^^^^^^^^^^^^^^^^^^^^^^^
  File "/home/akh/.virtualenvs/work/lib/python3.11/site-packages/webdriver_manager/drivers/chrome.py", line 32, in get_driver_download_url
    driver_version_to_download = self.get_driver_version_to_download()
                                 ^^^^^^^^^^^^^^^^^^^^^^^^^^^^^^^^^^^^^
  File "/home/akh/.virtualenvs/work/lib/python3.11/site-packages/webdriver_manager/core/driver.py", line 48, in get_driver_version_to_download
    return self.get_latest_release_version()
           ^^^^^^^^^^^^^^^^^^^^^^^^^^^^^^^^^
  File "/home/akh/.virtualenvs/work/lib/python3.11/site-packages/webdriver_manager/drivers/chrome.py", line 70, in get_latest_release_version
    resp = self._http_client.get(url=latest_release_url)
           ^^^^^^^^^^^^^^^^^^^^^^^^^^^^^^^^^^^^^^^^^^^^^
  File "/home/akh/.virtualenvs/work/lib/python3.11/site-packages/webdriver_manager/core/http.py", line 36, in get
    self.validate_response(resp)
  File "/home/akh/.virtualenvs/work/lib/python3.11/site-packages/webdriver_manager/core/http.py", line 19, in validate_response
    raise ValueError(
ValueError: response body:
<?xml version='1.0' encoding='UTF-8'?><Error><Code>AccessDenied</Code><Message>Access denied.</Message><Details>We're sorry, but this service is not available in your location</Details></Error>
request url:
https://chromedriver.storage.googleapis.com/LATEST_RELEASE
response headers:
{'X-GUploader-UploadID': 'AKDAyIv2DagkNEUXI3yRIFKtSqmpXE7dzuvcBd3yNh-uHdDozUP86ONRgxBXRJdCbZiA_gAi', 'Content-Type': 'application/xml; charset=UTF-8', 'Content-Length': '193', 'Date': 'Fri, 14 Mar 2025 18:14:58 GMT', 'Expires': 'Fri, 14 Mar 2025 18:14:58 GMT', 'Cache-Control': 'private, max-age=0', 'Server': 'UploadServer', 'Alt-Svc': 'h3=":443"; ma=2592000,h3-29=":443"; ma=2592000'}

[2025-03-14 21:45:07] INFO [django.utils.autoreload:266] /home/akh/shared/nobat/main/crawl.py changed, reloading.
[2025-03-14 21:45:08] INFO [django.utils.autoreload:668] Watching for file changes with StatReloader
[2025-03-14 21:46:35] INFO [django.utils.autoreload:668] Watching for file changes with StatReloader
[2025-03-14 21:46:41] INFO [WDM:11] ====== WebDriver manager ======
[2025-03-14 21:46:41] INFO [WDM:11] Get LATEST chromedriver version for google-chrome
[2025-03-14 21:46:42] ERROR [django.request:248] Internal Server Error: /crawl/
Traceback (most recent call last):
  File "/home/akh/.virtualenvs/work/lib/python3.11/site-packages/django/core/handlers/exception.py", line 55, in inner
    response = get_response(request)
               ^^^^^^^^^^^^^^^^^^^^^
  File "/home/akh/.virtualenvs/work/lib/python3.11/site-packages/django/core/handlers/base.py", line 197, in _get_response
    response = wrapped_callback(request, *callback_args, **callback_kwargs)
               ^^^^^^^^^^^^^^^^^^^^^^^^^^^^^^^^^^^^^^^^^^^^^^^^^^^^^^^^^^^^
  File "/home/akh/.virtualenvs/work/lib/python3.11/site-packages/django/views/decorators/csrf.py", line 65, in _view_wrapper
    return view_func(request, *args, **kwargs)
           ^^^^^^^^^^^^^^^^^^^^^^^^^^^^^^^^^^^
  File "/home/akh/.virtualenvs/work/lib/python3.11/site-packages/django/views/generic/base.py", line 104, in view
    return self.dispatch(request, *args, **kwargs)
           ^^^^^^^^^^^^^^^^^^^^^^^^^^^^^^^^^^^^^^^
  File "/home/akh/.virtualenvs/work/lib/python3.11/site-packages/rest_framework/views.py", line 509, in dispatch
    response = self.handle_exception(exc)
               ^^^^^^^^^^^^^^^^^^^^^^^^^^
  File "/home/akh/.virtualenvs/work/lib/python3.11/site-packages/rest_framework/views.py", line 469, in handle_exception
    self.raise_uncaught_exception(exc)
  File "/home/akh/.virtualenvs/work/lib/python3.11/site-packages/rest_framework/views.py", line 480, in raise_uncaught_exception
    raise exc
  File "/home/akh/.virtualenvs/work/lib/python3.11/site-packages/rest_framework/views.py", line 506, in dispatch
    response = handler(request, *args, **kwargs)
               ^^^^^^^^^^^^^^^^^^^^^^^^^^^^^^^^^
  File "/home/akh/shared/nobat/main/views.py", line 71, in post
    driver = setup()
             ^^^^^^^
  File "/home/akh/shared/nobat/main/crawl.py", line 109, in setup
    service = Service(ChromeDriverManager().install())
                      ^^^^^^^^^^^^^^^^^^^^^^^^^^^^^^^
  File "/home/akh/.virtualenvs/work/lib/python3.11/site-packages/webdriver_manager/chrome.py", line 40, in install
    driver_path = self._get_driver_binary_path(self.driver)
                  ^^^^^^^^^^^^^^^^^^^^^^^^^^^^^^^^^^^^^^^^^
  File "/home/akh/.virtualenvs/work/lib/python3.11/site-packages/webdriver_manager/core/manager.py", line 40, in _get_driver_binary_path
    file = self._download_manager.download_file(driver.get_driver_download_url(os_type))
                                                ^^^^^^^^^^^^^^^^^^^^^^^^^^^^^^^^^^^^^^^
  File "/home/akh/.virtualenvs/work/lib/python3.11/site-packages/webdriver_manager/drivers/chrome.py", line 32, in get_driver_download_url
    driver_version_to_download = self.get_driver_version_to_download()
                                 ^^^^^^^^^^^^^^^^^^^^^^^^^^^^^^^^^^^^^
  File "/home/akh/.virtualenvs/work/lib/python3.11/site-packages/webdriver_manager/core/driver.py", line 48, in get_driver_version_to_download
    return self.get_latest_release_version()
           ^^^^^^^^^^^^^^^^^^^^^^^^^^^^^^^^^
  File "/home/akh/.virtualenvs/work/lib/python3.11/site-packages/webdriver_manager/drivers/chrome.py", line 70, in get_latest_release_version
    resp = self._http_client.get(url=latest_release_url)
           ^^^^^^^^^^^^^^^^^^^^^^^^^^^^^^^^^^^^^^^^^^^^^
  File "/home/akh/.virtualenvs/work/lib/python3.11/site-packages/webdriver_manager/core/http.py", line 36, in get
    self.validate_response(resp)
  File "/home/akh/.virtualenvs/work/lib/python3.11/site-packages/webdriver_manager/core/http.py", line 19, in validate_response
    raise ValueError(
ValueError: response body:
<?xml version='1.0' encoding='UTF-8'?><Error><Code>AccessDenied</Code><Message>Access denied.</Message><Details>We're sorry, but this service is not available in your location</Details></Error>
request url:
https://chromedriver.storage.googleapis.com/LATEST_RELEASE
response headers:
{'X-GUploader-UploadID': 'AKDAyItUKYD7zAmPyicHUK09xZyl3PRAa6U50hHkgRHEmK-QmM4NjIF8_hQwYWZfXvQR4HbK', 'Content-Type': 'application/xml; charset=UTF-8', 'Content-Length': '193', 'Date': 'Fri, 14 Mar 2025 18:16:43 GMT', 'Expires': 'Fri, 14 Mar 2025 18:16:43 GMT', 'Cache-Control': 'private, max-age=0', 'Server': 'UploadServer', 'Alt-Svc': 'h3=":443"; ma=2592000,h3-29=":443"; ma=2592000'}

[2025-03-14 21:46:45] INFO [WDM:11] ====== WebDriver manager ======
[2025-03-14 21:46:45] INFO [WDM:11] Get LATEST chromedriver version for google-chrome
[2025-03-14 21:46:46] ERROR [django.request:248] Internal Server Error: /crawl/
Traceback (most recent call last):
  File "/home/akh/.virtualenvs/work/lib/python3.11/site-packages/django/core/handlers/exception.py", line 55, in inner
    response = get_response(request)
               ^^^^^^^^^^^^^^^^^^^^^
  File "/home/akh/.virtualenvs/work/lib/python3.11/site-packages/django/core/handlers/base.py", line 197, in _get_response
    response = wrapped_callback(request, *callback_args, **callback_kwargs)
               ^^^^^^^^^^^^^^^^^^^^^^^^^^^^^^^^^^^^^^^^^^^^^^^^^^^^^^^^^^^^
  File "/home/akh/.virtualenvs/work/lib/python3.11/site-packages/django/views/decorators/csrf.py", line 65, in _view_wrapper
    return view_func(request, *args, **kwargs)
           ^^^^^^^^^^^^^^^^^^^^^^^^^^^^^^^^^^^
  File "/home/akh/.virtualenvs/work/lib/python3.11/site-packages/django/views/generic/base.py", line 104, in view
    return self.dispatch(request, *args, **kwargs)
           ^^^^^^^^^^^^^^^^^^^^^^^^^^^^^^^^^^^^^^^
  File "/home/akh/.virtualenvs/work/lib/python3.11/site-packages/rest_framework/views.py", line 509, in dispatch
    response = self.handle_exception(exc)
               ^^^^^^^^^^^^^^^^^^^^^^^^^^
  File "/home/akh/.virtualenvs/work/lib/python3.11/site-packages/rest_framework/views.py", line 469, in handle_exception
    self.raise_uncaught_exception(exc)
  File "/home/akh/.virtualenvs/work/lib/python3.11/site-packages/rest_framework/views.py", line 480, in raise_uncaught_exception
    raise exc
  File "/home/akh/.virtualenvs/work/lib/python3.11/site-packages/rest_framework/views.py", line 506, in dispatch
    response = handler(request, *args, **kwargs)
               ^^^^^^^^^^^^^^^^^^^^^^^^^^^^^^^^^
  File "/home/akh/shared/nobat/main/views.py", line 71, in post
    driver = setup()
             ^^^^^^^
  File "/home/akh/shared/nobat/main/crawl.py", line 109, in setup
    service = Service(ChromeDriverManager().install())
                      ^^^^^^^^^^^^^^^^^^^^^^^^^^^^^^^
  File "/home/akh/.virtualenvs/work/lib/python3.11/site-packages/webdriver_manager/chrome.py", line 40, in install
    driver_path = self._get_driver_binary_path(self.driver)
                  ^^^^^^^^^^^^^^^^^^^^^^^^^^^^^^^^^^^^^^^^^
  File "/home/akh/.virtualenvs/work/lib/python3.11/site-packages/webdriver_manager/core/manager.py", line 40, in _get_driver_binary_path
    file = self._download_manager.download_file(driver.get_driver_download_url(os_type))
                                                ^^^^^^^^^^^^^^^^^^^^^^^^^^^^^^^^^^^^^^^
  File "/home/akh/.virtualenvs/work/lib/python3.11/site-packages/webdriver_manager/drivers/chrome.py", line 32, in get_driver_download_url
    driver_version_to_download = self.get_driver_version_to_download()
                                 ^^^^^^^^^^^^^^^^^^^^^^^^^^^^^^^^^^^^^
  File "/home/akh/.virtualenvs/work/lib/python3.11/site-packages/webdriver_manager/core/driver.py", line 48, in get_driver_version_to_download
    return self.get_latest_release_version()
           ^^^^^^^^^^^^^^^^^^^^^^^^^^^^^^^^^
  File "/home/akh/.virtualenvs/work/lib/python3.11/site-packages/webdriver_manager/drivers/chrome.py", line 70, in get_latest_release_version
    resp = self._http_client.get(url=latest_release_url)
           ^^^^^^^^^^^^^^^^^^^^^^^^^^^^^^^^^^^^^^^^^^^^^
  File "/home/akh/.virtualenvs/work/lib/python3.11/site-packages/webdriver_manager/core/http.py", line 36, in get
    self.validate_response(resp)
  File "/home/akh/.virtualenvs/work/lib/python3.11/site-packages/webdriver_manager/core/http.py", line 19, in validate_response
    raise ValueError(
ValueError: response body:
<?xml version='1.0' encoding='UTF-8'?><Error><Code>AccessDenied</Code><Message>Access denied.</Message><Details>We're sorry, but this service is not available in your location</Details></Error>
request url:
https://chromedriver.storage.googleapis.com/LATEST_RELEASE
response headers:
{'X-GUploader-UploadID': 'AKDAyIuOCTFEBaNMJogv8TOYSD4J433cMRYOnjnn8fEaJGYHrhcpU7AuUDbNsQHlDeNK7-L7', 'Content-Type': 'application/xml; charset=UTF-8', 'Content-Length': '193', 'Date': 'Fri, 14 Mar 2025 18:16:47 GMT', 'Expires': 'Fri, 14 Mar 2025 18:16:47 GMT', 'Cache-Control': 'private, max-age=0', 'Server': 'UploadServer', 'Alt-Svc': 'h3=":443"; ma=2592000,h3-29=":443"; ma=2592000'}

[2025-03-14 21:47:13] INFO [django.utils.autoreload:266] /home/akh/shared/nobat/main/crawl.py changed, reloading.
[2025-03-14 21:47:15] INFO [django.utils.autoreload:668] Watching for file changes with StatReloader
[2025-03-14 21:47:22] INFO [WDM:11] ====== WebDriver manager ======
[2025-03-14 21:47:22] INFO [WDM:11] Get LATEST chromedriver version for google-chrome
[2025-03-14 21:47:23] ERROR [django.request:248] Internal Server Error: /crawl/
Traceback (most recent call last):
  File "/home/akh/.virtualenvs/work/lib/python3.11/site-packages/django/core/handlers/exception.py", line 55, in inner
    response = get_response(request)
               ^^^^^^^^^^^^^^^^^^^^^
  File "/home/akh/.virtualenvs/work/lib/python3.11/site-packages/django/core/handlers/base.py", line 197, in _get_response
    response = wrapped_callback(request, *callback_args, **callback_kwargs)
               ^^^^^^^^^^^^^^^^^^^^^^^^^^^^^^^^^^^^^^^^^^^^^^^^^^^^^^^^^^^^
  File "/home/akh/.virtualenvs/work/lib/python3.11/site-packages/django/views/decorators/csrf.py", line 65, in _view_wrapper
    return view_func(request, *args, **kwargs)
           ^^^^^^^^^^^^^^^^^^^^^^^^^^^^^^^^^^^
  File "/home/akh/.virtualenvs/work/lib/python3.11/site-packages/django/views/generic/base.py", line 104, in view
    return self.dispatch(request, *args, **kwargs)
           ^^^^^^^^^^^^^^^^^^^^^^^^^^^^^^^^^^^^^^^
  File "/home/akh/.virtualenvs/work/lib/python3.11/site-packages/rest_framework/views.py", line 509, in dispatch
    response = self.handle_exception(exc)
               ^^^^^^^^^^^^^^^^^^^^^^^^^^
  File "/home/akh/.virtualenvs/work/lib/python3.11/site-packages/rest_framework/views.py", line 469, in handle_exception
    self.raise_uncaught_exception(exc)
  File "/home/akh/.virtualenvs/work/lib/python3.11/site-packages/rest_framework/views.py", line 480, in raise_uncaught_exception
    raise exc
  File "/home/akh/.virtualenvs/work/lib/python3.11/site-packages/rest_framework/views.py", line 506, in dispatch
    response = handler(request, *args, **kwargs)
               ^^^^^^^^^^^^^^^^^^^^^^^^^^^^^^^^^
  File "/home/akh/shared/nobat/main/views.py", line 71, in post
    driver = setup()
             ^^^^^^^
  File "/home/akh/shared/nobat/main/crawl.py", line 100, in setup
    service = Service(ChromeDriverManager().install())
                      ^^^^^^^^^^^^^^^^^^^^^^^^^^^^^^^
  File "/home/akh/.virtualenvs/work/lib/python3.11/site-packages/webdriver_manager/chrome.py", line 40, in install
    driver_path = self._get_driver_binary_path(self.driver)
                  ^^^^^^^^^^^^^^^^^^^^^^^^^^^^^^^^^^^^^^^^^
  File "/home/akh/.virtualenvs/work/lib/python3.11/site-packages/webdriver_manager/core/manager.py", line 40, in _get_driver_binary_path
    file = self._download_manager.download_file(driver.get_driver_download_url(os_type))
                                                ^^^^^^^^^^^^^^^^^^^^^^^^^^^^^^^^^^^^^^^
  File "/home/akh/.virtualenvs/work/lib/python3.11/site-packages/webdriver_manager/drivers/chrome.py", line 32, in get_driver_download_url
    driver_version_to_download = self.get_driver_version_to_download()
                                 ^^^^^^^^^^^^^^^^^^^^^^^^^^^^^^^^^^^^^
  File "/home/akh/.virtualenvs/work/lib/python3.11/site-packages/webdriver_manager/core/driver.py", line 48, in get_driver_version_to_download
    return self.get_latest_release_version()
           ^^^^^^^^^^^^^^^^^^^^^^^^^^^^^^^^^
  File "/home/akh/.virtualenvs/work/lib/python3.11/site-packages/webdriver_manager/drivers/chrome.py", line 70, in get_latest_release_version
    resp = self._http_client.get(url=latest_release_url)
           ^^^^^^^^^^^^^^^^^^^^^^^^^^^^^^^^^^^^^^^^^^^^^
  File "/home/akh/.virtualenvs/work/lib/python3.11/site-packages/webdriver_manager/core/http.py", line 36, in get
    self.validate_response(resp)
  File "/home/akh/.virtualenvs/work/lib/python3.11/site-packages/webdriver_manager/core/http.py", line 19, in validate_response
    raise ValueError(
ValueError: response body:
<?xml version='1.0' encoding='UTF-8'?><Error><Code>AccessDenied</Code><Message>Access denied.</Message><Details>We're sorry, but this service is not available in your location</Details></Error>
request url:
https://chromedriver.storage.googleapis.com/LATEST_RELEASE
response headers:
{'X-GUploader-UploadID': 'AKDAyItddJQzvFD7x2Vf1fQAtD_GR2-HCTdvFlmYO2QE2zr-l8RFDHapRqUvXmGcVq57PcQQ', 'Content-Type': 'application/xml; charset=UTF-8', 'Content-Length': '193', 'Date': 'Fri, 14 Mar 2025 18:17:25 GMT', 'Expires': 'Fri, 14 Mar 2025 18:17:25 GMT', 'Cache-Control': 'private, max-age=0', 'Server': 'UploadServer', 'Alt-Svc': 'h3=":443"; ma=2592000,h3-29=":443"; ma=2592000'}

[2025-03-14 21:48:26] INFO [django.utils.autoreload:266] /home/akh/shared/nobat/main/crawl.py changed, reloading.
[2025-03-14 21:48:27] INFO [django.utils.autoreload:668] Watching for file changes with StatReloader
[2025-03-14 21:48:34] INFO [WDM:11] ====== WebDriver manager ======
[2025-03-14 21:48:35] INFO [WDM:11] Get LATEST chromedriver version for google-chrome
[2025-03-14 21:48:35] ERROR [django.request:248] Internal Server Error: /crawl/
Traceback (most recent call last):
  File "/home/akh/.virtualenvs/work/lib/python3.11/site-packages/django/core/handlers/exception.py", line 55, in inner
    response = get_response(request)
               ^^^^^^^^^^^^^^^^^^^^^
  File "/home/akh/.virtualenvs/work/lib/python3.11/site-packages/django/core/handlers/base.py", line 197, in _get_response
    response = wrapped_callback(request, *callback_args, **callback_kwargs)
               ^^^^^^^^^^^^^^^^^^^^^^^^^^^^^^^^^^^^^^^^^^^^^^^^^^^^^^^^^^^^
  File "/home/akh/.virtualenvs/work/lib/python3.11/site-packages/django/views/decorators/csrf.py", line 65, in _view_wrapper
    return view_func(request, *args, **kwargs)
           ^^^^^^^^^^^^^^^^^^^^^^^^^^^^^^^^^^^
  File "/home/akh/.virtualenvs/work/lib/python3.11/site-packages/django/views/generic/base.py", line 104, in view
    return self.dispatch(request, *args, **kwargs)
           ^^^^^^^^^^^^^^^^^^^^^^^^^^^^^^^^^^^^^^^
  File "/home/akh/.virtualenvs/work/lib/python3.11/site-packages/rest_framework/views.py", line 509, in dispatch
    response = self.handle_exception(exc)
               ^^^^^^^^^^^^^^^^^^^^^^^^^^
  File "/home/akh/.virtualenvs/work/lib/python3.11/site-packages/rest_framework/views.py", line 469, in handle_exception
    self.raise_uncaught_exception(exc)
  File "/home/akh/.virtualenvs/work/lib/python3.11/site-packages/rest_framework/views.py", line 480, in raise_uncaught_exception
    raise exc
  File "/home/akh/.virtualenvs/work/lib/python3.11/site-packages/rest_framework/views.py", line 506, in dispatch
    response = handler(request, *args, **kwargs)
               ^^^^^^^^^^^^^^^^^^^^^^^^^^^^^^^^^
  File "/home/akh/shared/nobat/main/views.py", line 71, in post
    driver = setup()
             ^^^^^^^
  File "/home/akh/shared/nobat/main/crawl.py", line 100, in setup
    service = Service(ChromeDriverManager().install()) #Service("/home/akh/nobat/chrome/chrome-headless-shell")  #
                      ^^^^^^^^^^^^^^^^^^^^^^^^^^^^^^^
  File "/home/akh/.virtualenvs/work/lib/python3.11/site-packages/webdriver_manager/chrome.py", line 40, in install
    driver_path = self._get_driver_binary_path(self.driver)
                  ^^^^^^^^^^^^^^^^^^^^^^^^^^^^^^^^^^^^^^^^^
  File "/home/akh/.virtualenvs/work/lib/python3.11/site-packages/webdriver_manager/core/manager.py", line 40, in _get_driver_binary_path
    file = self._download_manager.download_file(driver.get_driver_download_url(os_type))
                                                ^^^^^^^^^^^^^^^^^^^^^^^^^^^^^^^^^^^^^^^
  File "/home/akh/.virtualenvs/work/lib/python3.11/site-packages/webdriver_manager/drivers/chrome.py", line 32, in get_driver_download_url
    driver_version_to_download = self.get_driver_version_to_download()
                                 ^^^^^^^^^^^^^^^^^^^^^^^^^^^^^^^^^^^^^
  File "/home/akh/.virtualenvs/work/lib/python3.11/site-packages/webdriver_manager/core/driver.py", line 48, in get_driver_version_to_download
    return self.get_latest_release_version()
           ^^^^^^^^^^^^^^^^^^^^^^^^^^^^^^^^^
  File "/home/akh/.virtualenvs/work/lib/python3.11/site-packages/webdriver_manager/drivers/chrome.py", line 70, in get_latest_release_version
    resp = self._http_client.get(url=latest_release_url)
           ^^^^^^^^^^^^^^^^^^^^^^^^^^^^^^^^^^^^^^^^^^^^^
  File "/home/akh/.virtualenvs/work/lib/python3.11/site-packages/webdriver_manager/core/http.py", line 36, in get
    self.validate_response(resp)
  File "/home/akh/.virtualenvs/work/lib/python3.11/site-packages/webdriver_manager/core/http.py", line 19, in validate_response
    raise ValueError(
ValueError: response body:
<?xml version='1.0' encoding='UTF-8'?><Error><Code>AccessDenied</Code><Message>Access denied.</Message><Details>We're sorry, but this service is not available in your location</Details></Error>
request url:
https://chromedriver.storage.googleapis.com/LATEST_RELEASE
response headers:
{'X-GUploader-UploadID': 'AKDAyIsuARZXWB85oK4Sva2y_OSBmOoWFB4Q3KTWT-sQJlY7WBFsK9hby-K83_00vkLashDy', 'Content-Type': 'application/xml; charset=UTF-8', 'Content-Length': '193', 'Date': 'Fri, 14 Mar 2025 18:18:36 GMT', 'Expires': 'Fri, 14 Mar 2025 18:18:36 GMT', 'Cache-Control': 'private, max-age=0', 'Server': 'UploadServer', 'Alt-Svc': 'h3=":443"; ma=2592000,h3-29=":443"; ma=2592000'}

[2025-03-14 21:48:40] WARNING [django.request:248] Not Found: /user/profile/fonts/Vazir-Regular-UI.ttf
[2025-03-14 21:48:43] INFO [WDM:11] ====== WebDriver manager ======
[2025-03-14 21:48:43] INFO [WDM:11] Get LATEST chromedriver version for google-chrome
[2025-03-14 21:48:43] ERROR [django.request:248] Internal Server Error: /crawl/
Traceback (most recent call last):
  File "/home/akh/.virtualenvs/work/lib/python3.11/site-packages/django/core/handlers/exception.py", line 55, in inner
    response = get_response(request)
               ^^^^^^^^^^^^^^^^^^^^^
  File "/home/akh/.virtualenvs/work/lib/python3.11/site-packages/django/core/handlers/base.py", line 197, in _get_response
    response = wrapped_callback(request, *callback_args, **callback_kwargs)
               ^^^^^^^^^^^^^^^^^^^^^^^^^^^^^^^^^^^^^^^^^^^^^^^^^^^^^^^^^^^^
  File "/home/akh/.virtualenvs/work/lib/python3.11/site-packages/django/views/decorators/csrf.py", line 65, in _view_wrapper
    return view_func(request, *args, **kwargs)
           ^^^^^^^^^^^^^^^^^^^^^^^^^^^^^^^^^^^
  File "/home/akh/.virtualenvs/work/lib/python3.11/site-packages/django/views/generic/base.py", line 104, in view
    return self.dispatch(request, *args, **kwargs)
           ^^^^^^^^^^^^^^^^^^^^^^^^^^^^^^^^^^^^^^^
  File "/home/akh/.virtualenvs/work/lib/python3.11/site-packages/rest_framework/views.py", line 509, in dispatch
    response = self.handle_exception(exc)
               ^^^^^^^^^^^^^^^^^^^^^^^^^^
  File "/home/akh/.virtualenvs/work/lib/python3.11/site-packages/rest_framework/views.py", line 469, in handle_exception
    self.raise_uncaught_exception(exc)
  File "/home/akh/.virtualenvs/work/lib/python3.11/site-packages/rest_framework/views.py", line 480, in raise_uncaught_exception
    raise exc
  File "/home/akh/.virtualenvs/work/lib/python3.11/site-packages/rest_framework/views.py", line 506, in dispatch
    response = handler(request, *args, **kwargs)
               ^^^^^^^^^^^^^^^^^^^^^^^^^^^^^^^^^
  File "/home/akh/shared/nobat/main/views.py", line 71, in post
    driver = setup()
             ^^^^^^^
  File "/home/akh/shared/nobat/main/crawl.py", line 100, in setup
    service = Service(ChromeDriverManager().install()) #Service("/home/akh/nobat/chrome/chrome-headless-shell")  #
                      ^^^^^^^^^^^^^^^^^^^^^^^^^^^^^^^
  File "/home/akh/.virtualenvs/work/lib/python3.11/site-packages/webdriver_manager/chrome.py", line 40, in install
    driver_path = self._get_driver_binary_path(self.driver)
                  ^^^^^^^^^^^^^^^^^^^^^^^^^^^^^^^^^^^^^^^^^
  File "/home/akh/.virtualenvs/work/lib/python3.11/site-packages/webdriver_manager/core/manager.py", line 40, in _get_driver_binary_path
    file = self._download_manager.download_file(driver.get_driver_download_url(os_type))
                                                ^^^^^^^^^^^^^^^^^^^^^^^^^^^^^^^^^^^^^^^
  File "/home/akh/.virtualenvs/work/lib/python3.11/site-packages/webdriver_manager/drivers/chrome.py", line 32, in get_driver_download_url
    driver_version_to_download = self.get_driver_version_to_download()
                                 ^^^^^^^^^^^^^^^^^^^^^^^^^^^^^^^^^^^^^
  File "/home/akh/.virtualenvs/work/lib/python3.11/site-packages/webdriver_manager/core/driver.py", line 48, in get_driver_version_to_download
    return self.get_latest_release_version()
           ^^^^^^^^^^^^^^^^^^^^^^^^^^^^^^^^^
  File "/home/akh/.virtualenvs/work/lib/python3.11/site-packages/webdriver_manager/drivers/chrome.py", line 70, in get_latest_release_version
    resp = self._http_client.get(url=latest_release_url)
           ^^^^^^^^^^^^^^^^^^^^^^^^^^^^^^^^^^^^^^^^^^^^^
  File "/home/akh/.virtualenvs/work/lib/python3.11/site-packages/webdriver_manager/core/http.py", line 36, in get
    self.validate_response(resp)
  File "/home/akh/.virtualenvs/work/lib/python3.11/site-packages/webdriver_manager/core/http.py", line 19, in validate_response
    raise ValueError(
ValueError: response body:
<?xml version='1.0' encoding='UTF-8'?><Error><Code>AccessDenied</Code><Message>Access denied.</Message><Details>We're sorry, but this service is not available in your location</Details></Error>
request url:
https://chromedriver.storage.googleapis.com/LATEST_RELEASE
response headers:
{'X-GUploader-UploadID': 'AKDAyIv_lHae7VSJPZJiZrMnTJk8jTRp711aBTIIBfyxaSwWxteQXVosqUTWc5gR-F7lTYSS', 'Content-Type': 'application/xml; charset=UTF-8', 'Content-Length': '193', 'Date': 'Fri, 14 Mar 2025 18:18:44 GMT', 'Expires': 'Fri, 14 Mar 2025 18:18:44 GMT', 'Cache-Control': 'private, max-age=0', 'Server': 'UploadServer', 'Alt-Svc': 'h3=":443"; ma=2592000,h3-29=":443"; ma=2592000'}

[2025-03-14 21:49:23] INFO [django.utils.autoreload:266] /home/akh/shared/nobat/main/crawl.py changed, reloading.
[2025-03-14 21:49:26] INFO [django.utils.autoreload:668] Watching for file changes with StatReloader
[2025-03-14 21:49:33] ERROR [django.request:248] Internal Server Error: /crawl/
Traceback (most recent call last):
  File "/home/akh/.virtualenvs/work/lib/python3.11/site-packages/selenium/webdriver/common/driver_finder.py", line 64, in _binary_paths
    raise ValueError(f"The path is not a valid file: {path}")
ValueError: The path is not a valid file: /home/akh/nobat/chrome/chromedriver-linux64

The above exception was the direct cause of the following exception:

Traceback (most recent call last):
  File "/home/akh/.virtualenvs/work/lib/python3.11/site-packages/django/core/handlers/exception.py", line 55, in inner
    response = get_response(request)
               ^^^^^^^^^^^^^^^^^^^^^
  File "/home/akh/.virtualenvs/work/lib/python3.11/site-packages/django/core/handlers/base.py", line 197, in _get_response
    response = wrapped_callback(request, *callback_args, **callback_kwargs)
               ^^^^^^^^^^^^^^^^^^^^^^^^^^^^^^^^^^^^^^^^^^^^^^^^^^^^^^^^^^^^
  File "/home/akh/.virtualenvs/work/lib/python3.11/site-packages/django/views/decorators/csrf.py", line 65, in _view_wrapper
    return view_func(request, *args, **kwargs)
           ^^^^^^^^^^^^^^^^^^^^^^^^^^^^^^^^^^^
  File "/home/akh/.virtualenvs/work/lib/python3.11/site-packages/django/views/generic/base.py", line 104, in view
    return self.dispatch(request, *args, **kwargs)
           ^^^^^^^^^^^^^^^^^^^^^^^^^^^^^^^^^^^^^^^
  File "/home/akh/.virtualenvs/work/lib/python3.11/site-packages/rest_framework/views.py", line 509, in dispatch
    response = self.handle_exception(exc)
               ^^^^^^^^^^^^^^^^^^^^^^^^^^
  File "/home/akh/.virtualenvs/work/lib/python3.11/site-packages/rest_framework/views.py", line 469, in handle_exception
    self.raise_uncaught_exception(exc)
  File "/home/akh/.virtualenvs/work/lib/python3.11/site-packages/rest_framework/views.py", line 480, in raise_uncaught_exception
    raise exc
  File "/home/akh/.virtualenvs/work/lib/python3.11/site-packages/rest_framework/views.py", line 506, in dispatch
    response = handler(request, *args, **kwargs)
               ^^^^^^^^^^^^^^^^^^^^^^^^^^^^^^^^^
  File "/home/akh/shared/nobat/main/views.py", line 71, in post
    driver = setup()
             ^^^^^^^
  File "/home/akh/shared/nobat/main/crawl.py", line 111, in setup
    driver = webdriver.Chrome(service=service, options=options)
             ^^^^^^^^^^^^^^^^^^^^^^^^^^^^^^^^^^^^^^^^^^^^^^^^^^
  File "/home/akh/.virtualenvs/work/lib/python3.11/site-packages/selenium/webdriver/chrome/webdriver.py", line 45, in __init__
    super().__init__(
  File "/home/akh/.virtualenvs/work/lib/python3.11/site-packages/selenium/webdriver/chromium/webdriver.py", line 50, in __init__
    if finder.get_browser_path():
       ^^^^^^^^^^^^^^^^^^^^^^^^^
  File "/home/akh/.virtualenvs/work/lib/python3.11/site-packages/selenium/webdriver/common/driver_finder.py", line 47, in get_browser_path
    return self._binary_paths()["browser_path"]
           ^^^^^^^^^^^^^^^^^^^^
  File "/home/akh/.virtualenvs/work/lib/python3.11/site-packages/selenium/webdriver/common/driver_finder.py", line 78, in _binary_paths
    raise NoSuchDriverException(msg) from err
selenium.common.exceptions.NoSuchDriverException: Message: Unable to obtain driver for chrome; For documentation on this error, please visit: https://www.selenium.dev/documentation/webdriver/troubleshooting/errors/driver_location

[2025-03-15 03:58:44] ERROR [django.request:248] Internal Server Error: /index/
Traceback (most recent call last):
  File "/home/akh/.virtualenvs/work/lib/python3.11/site-packages/selenium/webdriver/common/driver_finder.py", line 64, in _binary_paths
    raise ValueError(f"The path is not a valid file: {path}")
ValueError: The path is not a valid file: /home/akh/nobat/chrome/chromedriver-linux64

The above exception was the direct cause of the following exception:

Traceback (most recent call last):
  File "/home/akh/.virtualenvs/work/lib/python3.11/site-packages/django/core/handlers/exception.py", line 55, in inner
    response = get_response(request)
               ^^^^^^^^^^^^^^^^^^^^^
  File "/home/akh/.virtualenvs/work/lib/python3.11/site-packages/django/core/handlers/base.py", line 197, in _get_response
    response = wrapped_callback(request, *callback_args, **callback_kwargs)
               ^^^^^^^^^^^^^^^^^^^^^^^^^^^^^^^^^^^^^^^^^^^^^^^^^^^^^^^^^^^^
  File "/home/akh/shared/nobat/main/views.py", line 41, in index
    driver = setup()
             ^^^^^^^
  File "/home/akh/shared/nobat/main/crawl.py", line 111, in setup
    driver = webdriver.Chrome(service=service, options=options)
             ^^^^^^^^^^^^^^^^^^^^^^^^^^^^^^^^^^^^^^^^^^^^^^^^^^
  File "/home/akh/.virtualenvs/work/lib/python3.11/site-packages/selenium/webdriver/chrome/webdriver.py", line 45, in __init__
    super().__init__(
  File "/home/akh/.virtualenvs/work/lib/python3.11/site-packages/selenium/webdriver/chromium/webdriver.py", line 50, in __init__
    if finder.get_browser_path():
       ^^^^^^^^^^^^^^^^^^^^^^^^^
  File "/home/akh/.virtualenvs/work/lib/python3.11/site-packages/selenium/webdriver/common/driver_finder.py", line 47, in get_browser_path
    return self._binary_paths()["browser_path"]
           ^^^^^^^^^^^^^^^^^^^^
  File "/home/akh/.virtualenvs/work/lib/python3.11/site-packages/selenium/webdriver/common/driver_finder.py", line 78, in _binary_paths
    raise NoSuchDriverException(msg) from err
selenium.common.exceptions.NoSuchDriverException: Message: Unable to obtain driver for chrome; For documentation on this error, please visit: https://www.selenium.dev/documentation/webdriver/troubleshooting/errors/driver_location

[2025-03-15 03:59:52] INFO [django.utils.autoreload:266] /home/akh/shared/nobat/main/crawl.py changed, reloading.
[2025-03-15 10:06:57] INFO [django.utils.autoreload:668] Watching for file changes with StatReloader
[2025-03-15 10:08:03] INFO [django.utils.autoreload:266] /home/akh/shared/nobat/main/crawl.py changed, reloading.
[2025-03-15 10:08:04] INFO [django.utils.autoreload:668] Watching for file changes with StatReloader
[2025-03-15 10:15:41] INFO [django.utils.autoreload:266] /home/akh/shared/nobat/user/models.py changed, reloading.
[2025-03-15 10:15:43] INFO [django.utils.autoreload:668] Watching for file changes with StatReloader
[2025-03-15 10:16:57] INFO [django.utils.autoreload:266] /home/akh/shared/nobat/user/models.py changed, reloading.
[2025-03-15 10:16:58] INFO [django.utils.autoreload:668] Watching for file changes with StatReloader
[2025-03-15 10:17:08] ERROR [django.request:248] Internal Server Error: /user/edit/
Traceback (most recent call last):
  File "/home/akh/.virtualenvs/work/lib/python3.11/site-packages/django/db/backends/utils.py", line 105, in _execute
    return self.cursor.execute(sql, params)
           ^^^^^^^^^^^^^^^^^^^^^^^^^^^^^^^^
  File "/home/akh/.virtualenvs/work/lib/python3.11/site-packages/django/db/backends/sqlite3/base.py", line 354, in execute
    return super().execute(query, params)
           ^^^^^^^^^^^^^^^^^^^^^^^^^^^^^^
sqlite3.OperationalError: no such column: user_customer.finall_message

The above exception was the direct cause of the following exception:

Traceback (most recent call last):
  File "/home/akh/.virtualenvs/work/lib/python3.11/site-packages/django/core/handlers/exception.py", line 55, in inner
    response = get_response(request)
               ^^^^^^^^^^^^^^^^^^^^^
  File "/home/akh/.virtualenvs/work/lib/python3.11/site-packages/django/core/handlers/base.py", line 197, in _get_response
    response = wrapped_callback(request, *callback_args, **callback_kwargs)
               ^^^^^^^^^^^^^^^^^^^^^^^^^^^^^^^^^^^^^^^^^^^^^^^^^^^^^^^^^^^^
  File "/home/akh/.virtualenvs/work/lib/python3.11/site-packages/django/contrib/auth/decorators.py", line 60, in _view_wrapper
    return view_func(request, *args, **kwargs)
           ^^^^^^^^^^^^^^^^^^^^^^^^^^^^^^^^^^^
  File "/home/akh/shared/nobat/user/views.py", line 133, in edit_customer
    customer = Customer.objects.get(id=request.GET['customer'])
               ^^^^^^^^^^^^^^^^^^^^^^^^^^^^^^^^^^^^^^^^^^^^^^^^
  File "/home/akh/.virtualenvs/work/lib/python3.11/site-packages/django/db/models/manager.py", line 87, in manager_method
    return getattr(self.get_queryset(), name)(*args, **kwargs)
           ^^^^^^^^^^^^^^^^^^^^^^^^^^^^^^^^^^^^^^^^^^^^^^^^^^^
  File "/home/akh/.virtualenvs/work/lib/python3.11/site-packages/django/db/models/query.py", line 645, in get
    num = len(clone)
          ^^^^^^^^^^
  File "/home/akh/.virtualenvs/work/lib/python3.11/site-packages/django/db/models/query.py", line 382, in __len__
    self._fetch_all()
  File "/home/akh/.virtualenvs/work/lib/python3.11/site-packages/django/db/models/query.py", line 1928, in _fetch_all
    self._result_cache = list(self._iterable_class(self))
                         ^^^^^^^^^^^^^^^^^^^^^^^^^^^^^^^^
  File "/home/akh/.virtualenvs/work/lib/python3.11/site-packages/django/db/models/query.py", line 91, in __iter__
    results = compiler.execute_sql(
              ^^^^^^^^^^^^^^^^^^^^^
  File "/home/akh/.virtualenvs/work/lib/python3.11/site-packages/django/db/models/sql/compiler.py", line 1574, in execute_sql
    cursor.execute(sql, params)
  File "/home/akh/.virtualenvs/work/lib/python3.11/site-packages/django/db/backends/utils.py", line 122, in execute
    return super().execute(sql, params)
           ^^^^^^^^^^^^^^^^^^^^^^^^^^^^
  File "/home/akh/.virtualenvs/work/lib/python3.11/site-packages/django/db/backends/utils.py", line 79, in execute
    return self._execute_with_wrappers(
           ^^^^^^^^^^^^^^^^^^^^^^^^^^^^
  File "/home/akh/.virtualenvs/work/lib/python3.11/site-packages/django/db/backends/utils.py", line 92, in _execute_with_wrappers
    return executor(sql, params, many, context)
           ^^^^^^^^^^^^^^^^^^^^^^^^^^^^^^^^^^^^
  File "/home/akh/.virtualenvs/work/lib/python3.11/site-packages/django/db/backends/utils.py", line 100, in _execute
    with self.db.wrap_database_errors:
  File "/home/akh/.virtualenvs/work/lib/python3.11/site-packages/django/db/utils.py", line 91, in __exit__
    raise dj_exc_value.with_traceback(traceback) from exc_value
  File "/home/akh/.virtualenvs/work/lib/python3.11/site-packages/django/db/backends/utils.py", line 105, in _execute
    return self.cursor.execute(sql, params)
           ^^^^^^^^^^^^^^^^^^^^^^^^^^^^^^^^
  File "/home/akh/.virtualenvs/work/lib/python3.11/site-packages/django/db/backends/sqlite3/base.py", line 354, in execute
    return super().execute(query, params)
           ^^^^^^^^^^^^^^^^^^^^^^^^^^^^^^
django.db.utils.OperationalError: no such column: user_customer.finall_message
[2025-03-15 10:17:12] ERROR [django.request:248] Internal Server Error: /user/profile/
Traceback (most recent call last):
  File "/home/akh/.virtualenvs/work/lib/python3.11/site-packages/django/db/backends/utils.py", line 105, in _execute
    return self.cursor.execute(sql, params)
           ^^^^^^^^^^^^^^^^^^^^^^^^^^^^^^^^
  File "/home/akh/.virtualenvs/work/lib/python3.11/site-packages/django/db/backends/sqlite3/base.py", line 354, in execute
    return super().execute(query, params)
           ^^^^^^^^^^^^^^^^^^^^^^^^^^^^^^
sqlite3.OperationalError: no such column: user_customer.finall_message

The above exception was the direct cause of the following exception:

Traceback (most recent call last):
  File "/home/akh/.virtualenvs/work/lib/python3.11/site-packages/django/core/handlers/exception.py", line 55, in inner
    response = get_response(request)
               ^^^^^^^^^^^^^^^^^^^^^
  File "/home/akh/.virtualenvs/work/lib/python3.11/site-packages/django/core/handlers/base.py", line 197, in _get_response
    response = wrapped_callback(request, *callback_args, **callback_kwargs)
               ^^^^^^^^^^^^^^^^^^^^^^^^^^^^^^^^^^^^^^^^^^^^^^^^^^^^^^^^^^^^
  File "/home/akh/.virtualenvs/work/lib/python3.11/site-packages/django/contrib/auth/decorators.py", line 60, in _view_wrapper
    return view_func(request, *args, **kwargs)
           ^^^^^^^^^^^^^^^^^^^^^^^^^^^^^^^^^^^
  File "/home/akh/shared/nobat/user/views.py", line 74, in profile
    customer = Customer.objects.get(id=request.GET['customer'])
               ^^^^^^^^^^^^^^^^^^^^^^^^^^^^^^^^^^^^^^^^^^^^^^^^
  File "/home/akh/.virtualenvs/work/lib/python3.11/site-packages/django/db/models/manager.py", line 87, in manager_method
    return getattr(self.get_queryset(), name)(*args, **kwargs)
           ^^^^^^^^^^^^^^^^^^^^^^^^^^^^^^^^^^^^^^^^^^^^^^^^^^^
  File "/home/akh/.virtualenvs/work/lib/python3.11/site-packages/django/db/models/query.py", line 645, in get
    num = len(clone)
          ^^^^^^^^^^
  File "/home/akh/.virtualenvs/work/lib/python3.11/site-packages/django/db/models/query.py", line 382, in __len__
    self._fetch_all()
  File "/home/akh/.virtualenvs/work/lib/python3.11/site-packages/django/db/models/query.py", line 1928, in _fetch_all
    self._result_cache = list(self._iterable_class(self))
                         ^^^^^^^^^^^^^^^^^^^^^^^^^^^^^^^^
  File "/home/akh/.virtualenvs/work/lib/python3.11/site-packages/django/db/models/query.py", line 91, in __iter__
    results = compiler.execute_sql(
              ^^^^^^^^^^^^^^^^^^^^^
  File "/home/akh/.virtualenvs/work/lib/python3.11/site-packages/django/db/models/sql/compiler.py", line 1574, in execute_sql
    cursor.execute(sql, params)
  File "/home/akh/.virtualenvs/work/lib/python3.11/site-packages/django/db/backends/utils.py", line 122, in execute
    return super().execute(sql, params)
           ^^^^^^^^^^^^^^^^^^^^^^^^^^^^
  File "/home/akh/.virtualenvs/work/lib/python3.11/site-packages/django/db/backends/utils.py", line 79, in execute
    return self._execute_with_wrappers(
           ^^^^^^^^^^^^^^^^^^^^^^^^^^^^
  File "/home/akh/.virtualenvs/work/lib/python3.11/site-packages/django/db/backends/utils.py", line 92, in _execute_with_wrappers
    return executor(sql, params, many, context)
           ^^^^^^^^^^^^^^^^^^^^^^^^^^^^^^^^^^^^
  File "/home/akh/.virtualenvs/work/lib/python3.11/site-packages/django/db/backends/utils.py", line 100, in _execute
    with self.db.wrap_database_errors:
  File "/home/akh/.virtualenvs/work/lib/python3.11/site-packages/django/db/utils.py", line 91, in __exit__
    raise dj_exc_value.with_traceback(traceback) from exc_value
  File "/home/akh/.virtualenvs/work/lib/python3.11/site-packages/django/db/backends/utils.py", line 105, in _execute
    return self.cursor.execute(sql, params)
           ^^^^^^^^^^^^^^^^^^^^^^^^^^^^^^^^
  File "/home/akh/.virtualenvs/work/lib/python3.11/site-packages/django/db/backends/sqlite3/base.py", line 354, in execute
    return super().execute(query, params)
           ^^^^^^^^^^^^^^^^^^^^^^^^^^^^^^
django.db.utils.OperationalError: no such column: user_customer.finall_message
[2025-03-15 10:17:20] ERROR [django.request:248] Internal Server Error: /user/edit/
Traceback (most recent call last):
  File "/home/akh/.virtualenvs/work/lib/python3.11/site-packages/django/db/backends/utils.py", line 105, in _execute
    return self.cursor.execute(sql, params)
           ^^^^^^^^^^^^^^^^^^^^^^^^^^^^^^^^
  File "/home/akh/.virtualenvs/work/lib/python3.11/site-packages/django/db/backends/sqlite3/base.py", line 354, in execute
    return super().execute(query, params)
           ^^^^^^^^^^^^^^^^^^^^^^^^^^^^^^
sqlite3.OperationalError: no such column: user_customer.finall_message

The above exception was the direct cause of the following exception:

Traceback (most recent call last):
  File "/home/akh/.virtualenvs/work/lib/python3.11/site-packages/django/core/handlers/exception.py", line 55, in inner
    response = get_response(request)
               ^^^^^^^^^^^^^^^^^^^^^
  File "/home/akh/.virtualenvs/work/lib/python3.11/site-packages/django/core/handlers/base.py", line 197, in _get_response
    response = wrapped_callback(request, *callback_args, **callback_kwargs)
               ^^^^^^^^^^^^^^^^^^^^^^^^^^^^^^^^^^^^^^^^^^^^^^^^^^^^^^^^^^^^
  File "/home/akh/.virtualenvs/work/lib/python3.11/site-packages/django/contrib/auth/decorators.py", line 60, in _view_wrapper
    return view_func(request, *args, **kwargs)
           ^^^^^^^^^^^^^^^^^^^^^^^^^^^^^^^^^^^
  File "/home/akh/shared/nobat/user/views.py", line 133, in edit_customer
    customer = Customer.objects.get(id=request.GET['customer'])
               ^^^^^^^^^^^^^^^^^^^^^^^^^^^^^^^^^^^^^^^^^^^^^^^^
  File "/home/akh/.virtualenvs/work/lib/python3.11/site-packages/django/db/models/manager.py", line 87, in manager_method
    return getattr(self.get_queryset(), name)(*args, **kwargs)
           ^^^^^^^^^^^^^^^^^^^^^^^^^^^^^^^^^^^^^^^^^^^^^^^^^^^
  File "/home/akh/.virtualenvs/work/lib/python3.11/site-packages/django/db/models/query.py", line 645, in get
    num = len(clone)
          ^^^^^^^^^^
  File "/home/akh/.virtualenvs/work/lib/python3.11/site-packages/django/db/models/query.py", line 382, in __len__
    self._fetch_all()
  File "/home/akh/.virtualenvs/work/lib/python3.11/site-packages/django/db/models/query.py", line 1928, in _fetch_all
    self._result_cache = list(self._iterable_class(self))
                         ^^^^^^^^^^^^^^^^^^^^^^^^^^^^^^^^
  File "/home/akh/.virtualenvs/work/lib/python3.11/site-packages/django/db/models/query.py", line 91, in __iter__
    results = compiler.execute_sql(
              ^^^^^^^^^^^^^^^^^^^^^
  File "/home/akh/.virtualenvs/work/lib/python3.11/site-packages/django/db/models/sql/compiler.py", line 1574, in execute_sql
    cursor.execute(sql, params)
  File "/home/akh/.virtualenvs/work/lib/python3.11/site-packages/django/db/backends/utils.py", line 122, in execute
    return super().execute(sql, params)
           ^^^^^^^^^^^^^^^^^^^^^^^^^^^^
  File "/home/akh/.virtualenvs/work/lib/python3.11/site-packages/django/db/backends/utils.py", line 79, in execute
    return self._execute_with_wrappers(
           ^^^^^^^^^^^^^^^^^^^^^^^^^^^^
  File "/home/akh/.virtualenvs/work/lib/python3.11/site-packages/django/db/backends/utils.py", line 92, in _execute_with_wrappers
    return executor(sql, params, many, context)
           ^^^^^^^^^^^^^^^^^^^^^^^^^^^^^^^^^^^^
  File "/home/akh/.virtualenvs/work/lib/python3.11/site-packages/django/db/backends/utils.py", line 100, in _execute
    with self.db.wrap_database_errors:
  File "/home/akh/.virtualenvs/work/lib/python3.11/site-packages/django/db/utils.py", line 91, in __exit__
    raise dj_exc_value.with_traceback(traceback) from exc_value
  File "/home/akh/.virtualenvs/work/lib/python3.11/site-packages/django/db/backends/utils.py", line 105, in _execute
    return self.cursor.execute(sql, params)
           ^^^^^^^^^^^^^^^^^^^^^^^^^^^^^^^^
  File "/home/akh/.virtualenvs/work/lib/python3.11/site-packages/django/db/backends/sqlite3/base.py", line 354, in execute
    return super().execute(query, params)
           ^^^^^^^^^^^^^^^^^^^^^^^^^^^^^^
django.db.utils.OperationalError: no such column: user_customer.finall_message
[2025-03-15 10:17:50] INFO [django.utils.autoreload:668] Watching for file changes with StatReloader
[2025-03-15 10:17:57] WARNING [django.request:248] Not Found: /user/edit/fonts/Vazir-Regular-UI.ttf
[2025-03-15 10:18:05] WARNING [django.request:248] Not Found: /user/customers/fonts/Vazir-Regular-UI.ttf
[2025-03-15 10:18:06] WARNING [django.request:248] Not Found: /user/2/customer/fonts/Vazir-Regular-UI.ttf
[2025-03-15 10:26:44] WARNING [django.request:248] Not Found: /user/customers/fonts/Vazir-Regular-UI.ttf
[2025-03-15 10:27:51] WARNING [django.request:248] Not Found: /
[2025-03-15 10:29:30] WARNING [django.request:248] Not Found: /user/2/customer/fonts/Vazir-Regular-UI.ttf
[2025-03-15 10:29:41] WARNING [django.request:248] Not Found: /user/2/customer/fonts/Vazir-Regular-UI.ttf
[2025-03-15 10:30:22] WARNING [django.request:248] Not Found: /user/2/customer/fonts/Vazir-Regular-UI.ttf
[2025-03-15 10:30:46] WARNING [django.request:248] Not Found: /favicon.ico
[2025-03-15 10:31:49] WARNING [django.request:248] Not Found: /user/2/customer/fonts/Vazir-Regular-UI.ttf
[2025-03-15 10:32:03] WARNING [django.request:248] Not Found: /user/2/customer/fonts/Vazir-Regular-UI.ttf
[2025-03-15 10:32:12] WARNING [django.request:248] Not Found: /user/profile/fonts/Vazir-Regular-UI.ttf
[2025-03-15 10:32:17] WARNING [django.request:248] Not Found: /user/profile/fonts/Vazir-Regular-UI.ttf
[2025-03-15 10:32:17] WARNING [django.request:248] Not Found: /user/edit/fonts/Vazir-Regular-UI.ttf
[2025-03-15 10:32:46] WARNING [django.request:248] Not Found: /user/edit/fonts/Vazir-Regular-UI.ttf
[2025-03-15 10:33:47] WARNING [django.request:248] Not Found: /user/profile/fonts/Vazir-Regular-UI.ttf
[2025-03-15 10:33:51] WARNING [django.request:248] Not Found: /user/edit/fonts/Vazir-Regular-UI.ttf
[2025-03-15 10:35:03] WARNING [django.request:248] Not Found: /user/edit/fonts/Vazir-Regular-UI.ttf
[2025-03-15 10:35:35] WARNING [django.request:248] Not Found: /user/edit/fonts/Vazir-Regular-UI.ttf
[2025-03-15 10:35:35] WARNING [django.request:248] Not Found: /user/edit/fonts/Vazir-Regular-UI.ttf
[2025-03-15 10:35:36] WARNING [django.request:248] Not Found: /user/edit/fonts/Vazir-Regular-UI.ttf
[2025-03-15 10:35:36] WARNING [django.request:248] Not Found: /user/edit/fonts/Vazir-Regular-UI.ttf
[2025-03-15 10:35:36] WARNING [django.request:248] Not Found: /user/edit/fonts/Vazir-Regular-UI.ttf
[2025-03-15 10:35:37] WARNING [django.request:248] Not Found: /user/edit/fonts/Vazir-Regular-UI.ttf
[2025-03-15 10:35:37] WARNING [django.request:248] Not Found: /user/edit/fonts/Vazir-Regular-UI.ttf
[2025-03-15 10:35:37] WARNING [django.request:248] Not Found: /user/edit/fonts/Vazir-Regular-UI.ttf
[2025-03-15 10:36:15] WARNING [django.request:248] Not Found: /user/edit/fonts/Vazir-Regular-UI.ttf
[2025-03-15 10:36:17] WARNING [django.request:248] Not Found: /user/edit/fonts/Vazir-Regular-UI.ttf
[2025-03-15 10:37:14] WARNING [django.request:248] Not Found: /user/edit/fonts/Vazir-Regular-UI.ttf
[2025-03-15 10:37:15] WARNING [django.request:248] Not Found: /user/edit/fonts/Vazir-Regular-UI.ttf
[2025-03-15 10:37:22] WARNING [django.request:248] Not Found: /user/profile/fonts/Vazir-Regular-UI.ttf
[2025-03-15 10:38:46] WARNING [django.request:248] Not Found: /user/edit/fonts/Vazir-Regular-UI.ttf
[2025-03-15 10:38:56] WARNING [django.request:248] Not Found: /user/profile/fonts/Vazir-Regular-UI.ttf
[2025-03-15 10:39:01] WARNING [django.request:248] Not Found: /user/profile/fonts/Vazir-Regular-UI.ttf
[2025-03-15 10:39:02] WARNING [django.request:248] Not Found: /user/profile/fonts/Vazir-Regular-UI.ttf
[2025-03-15 10:39:09] WARNING [django.request:248] Not Found: /user/edit/fonts/Vazir-Regular-UI.ttf
[2025-03-15 10:39:16] WARNING [django.request:248] Not Found: /user/profile/fonts/Vazir-Regular-UI.ttf
[2025-03-15 10:40:30] WARNING [django.request:248] Not Found: /user/edit/fonts/Vazir-Regular-UI.ttf
[2025-03-15 10:40:37] WARNING [django.request:248] Not Found: /user/profile/fonts/Vazir-Regular-UI.ttf
[2025-03-15 10:40:40] WARNING [django.request:248] Not Found: /user/profile/fonts/Vazir-Regular-UI.ttf
[2025-03-15 10:40:42] WARNING [django.request:248] Not Found: /user/profile/fonts/Vazir-Regular-UI.ttf
[2025-03-15 10:40:49] WARNING [urllib3.connectionpool:868] Retrying (Retry(total=2, connect=None, read=None, redirect=None, status=None)) after connection broken by 'NewConnectionError('<urllib3.connection.HTTPConnection object at 0x7f8fe25940d0>: Failed to establish a new connection: [Errno 111] Connection refused')': /session/83afd46f04fbc3f46a1b97274503e80e
[2025-03-15 10:40:49] WARNING [urllib3.connectionpool:868] Retrying (Retry(total=1, connect=None, read=None, redirect=None, status=None)) after connection broken by 'NewConnectionError('<urllib3.connection.HTTPConnection object at 0x7f8fcc287c50>: Failed to establish a new connection: [Errno 111] Connection refused')': /session/83afd46f04fbc3f46a1b97274503e80e
[2025-03-15 10:40:49] WARNING [urllib3.connectionpool:868] Retrying (Retry(total=0, connect=None, read=None, redirect=None, status=None)) after connection broken by 'NewConnectionError('<urllib3.connection.HTTPConnection object at 0x7f8fe3f79350>: Failed to establish a new connection: [Errno 111] Connection refused')': /session/83afd46f04fbc3f46a1b97274503e80e
[2025-03-15 10:40:49] WARNING [urllib3.connectionpool:868] Retrying (Retry(total=2, connect=None, read=None, redirect=None, status=None)) after connection broken by 'NewConnectionError('<urllib3.connection.HTTPConnection object at 0x7f8fe3f6bb50>: Failed to establish a new connection: [Errno 111] Connection refused')': /session/d72d1086d38d6355714358208569f638
[2025-03-15 10:40:49] WARNING [urllib3.connectionpool:868] Retrying (Retry(total=1, connect=None, read=None, redirect=None, status=None)) after connection broken by 'NewConnectionError('<urllib3.connection.HTTPConnection object at 0x7f8fe3f69bd0>: Failed to establish a new connection: [Errno 111] Connection refused')': /session/d72d1086d38d6355714358208569f638
[2025-03-15 10:40:49] WARNING [urllib3.connectionpool:868] Retrying (Retry(total=0, connect=None, read=None, redirect=None, status=None)) after connection broken by 'NewConnectionError('<urllib3.connection.HTTPConnection object at 0x7f8fe3f69250>: Failed to establish a new connection: [Errno 111] Connection refused')': /session/d72d1086d38d6355714358208569f638
[2025-03-15 10:40:49] WARNING [urllib3.connectionpool:868] Retrying (Retry(total=2, connect=None, read=None, redirect=None, status=None)) after connection broken by 'NewConnectionError('<urllib3.connection.HTTPConnection object at 0x7f8fe3f8bc10>: Failed to establish a new connection: [Errno 111] Connection refused')': /session/e9974d42b381ec527e6bd0440d215570
[2025-03-15 10:40:49] WARNING [urllib3.connectionpool:868] Retrying (Retry(total=1, connect=None, read=None, redirect=None, status=None)) after connection broken by 'NewConnectionError('<urllib3.connection.HTTPConnection object at 0x7f8fe3f892d0>: Failed to establish a new connection: [Errno 111] Connection refused')': /session/e9974d42b381ec527e6bd0440d215570
[2025-03-15 10:40:49] WARNING [urllib3.connectionpool:868] Retrying (Retry(total=0, connect=None, read=None, redirect=None, status=None)) after connection broken by 'NewConnectionError('<urllib3.connection.HTTPConnection object at 0x7f8fe3f893d0>: Failed to establish a new connection: [Errno 111] Connection refused')': /session/e9974d42b381ec527e6bd0440d215570
[2025-03-15 10:40:49] WARNING [urllib3.connectionpool:868] Retrying (Retry(total=2, connect=None, read=None, redirect=None, status=None)) after connection broken by 'NewConnectionError('<urllib3.connection.HTTPConnection object at 0x7f8fe3f88dd0>: Failed to establish a new connection: [Errno 111] Connection refused')': /session/e4da100321bcc4658ab415d035e95435
[2025-03-15 10:40:49] WARNING [urllib3.connectionpool:868] Retrying (Retry(total=1, connect=None, read=None, redirect=None, status=None)) after connection broken by 'NewConnectionError('<urllib3.connection.HTTPConnection object at 0x7f8fe3f88bd0>: Failed to establish a new connection: [Errno 111] Connection refused')': /session/e4da100321bcc4658ab415d035e95435
[2025-03-15 10:40:49] WARNING [urllib3.connectionpool:868] Retrying (Retry(total=0, connect=None, read=None, redirect=None, status=None)) after connection broken by 'NewConnectionError('<urllib3.connection.HTTPConnection object at 0x7f8fe3f89250>: Failed to establish a new connection: [Errno 111] Connection refused')': /session/e4da100321bcc4658ab415d035e95435
[2025-03-15 10:40:49] WARNING [urllib3.connectionpool:868] Retrying (Retry(total=2, connect=None, read=None, redirect=None, status=None)) after connection broken by 'NewConnectionError('<urllib3.connection.HTTPConnection object at 0x7f8fe3f8a650>: Failed to establish a new connection: [Errno 111] Connection refused')': /session/7b86bb11df91674b0b8a97682e2668bc
[2025-03-15 10:40:49] WARNING [urllib3.connectionpool:868] Retrying (Retry(total=1, connect=None, read=None, redirect=None, status=None)) after connection broken by 'NewConnectionError('<urllib3.connection.HTTPConnection object at 0x7f8fe3fe0bd0>: Failed to establish a new connection: [Errno 111] Connection refused')': /session/7b86bb11df91674b0b8a97682e2668bc
[2025-03-15 10:40:49] WARNING [urllib3.connectionpool:868] Retrying (Retry(total=0, connect=None, read=None, redirect=None, status=None)) after connection broken by 'NewConnectionError('<urllib3.connection.HTTPConnection object at 0x7f8fe25d0e10>: Failed to establish a new connection: [Errno 111] Connection refused')': /session/7b86bb11df91674b0b8a97682e2668bc
[2025-03-15 10:42:11] INFO [django.utils.autoreload:266] /home/akh/shared/nobat/main/views.py changed, reloading.
[2025-03-15 10:42:13] INFO [django.utils.autoreload:668] Watching for file changes with StatReloader
[2025-03-15 10:42:21] WARNING [django.request:248] Not Found: /user/profile/fonts/Vazir-Regular-UI.ttf
[2025-03-15 10:42:25] WARNING [django.request:248] Not Found: /user/edit/fonts/Vazir-Regular-UI.ttf
[2025-03-15 10:43:33] WARNING [django.request:248] Not Found: /user/edit/fonts/Vazir-Regular-UI.ttf
[2025-03-15 10:43:43] WARNING [django.request:248] Not Found: /user/edit/fonts/Vazir-Regular-UI.ttf
[2025-03-15 10:44:37] INFO [django.utils.autoreload:266] /home/akh/shared/nobat/main/views.py changed, reloading.
[2025-03-15 10:44:39] INFO [django.utils.autoreload:668] Watching for file changes with StatReloader
[2025-03-15 10:44:44] WARNING [django.request:248] Not Found: /user/profile/fonts/Vazir-Regular-UI.ttf
[2025-03-15 10:44:46] WARNING [django.request:248] Not Found: /user/profile/fonts/Vazir-Regular-UI.ttf
[2025-03-15 10:51:11] INFO [django.utils.autoreload:266] /home/akh/shared/nobat/main/views.py changed, reloading.
[2025-03-15 10:51:13] INFO [django.utils.autoreload:668] Watching for file changes with StatReloader
[2025-03-15 10:54:12] WARNING [urllib3.connectionpool:868] Retrying (Retry(total=2, connect=None, read=None, redirect=None, status=None)) after connection broken by 'NewConnectionError('<urllib3.connection.HTTPConnection object at 0x7fb578b29990>: Failed to establish a new connection: [Errno 111] Connection refused')': /session/f51027f6b2836caec2dd9dfe4020ebab
[2025-03-15 10:54:12] WARNING [urllib3.connectionpool:868] Retrying (Retry(total=1, connect=None, read=None, redirect=None, status=None)) after connection broken by 'NewConnectionError('<urllib3.connection.HTTPConnection object at 0x7fb57a2d4a90>: Failed to establish a new connection: [Errno 111] Connection refused')': /session/f51027f6b2836caec2dd9dfe4020ebab
[2025-03-15 10:54:12] WARNING [urllib3.connectionpool:868] Retrying (Retry(total=0, connect=None, read=None, redirect=None, status=None)) after connection broken by 'NewConnectionError('<urllib3.connection.HTTPConnection object at 0x7fb579c6c590>: Failed to establish a new connection: [Errno 111] Connection refused')': /session/f51027f6b2836caec2dd9dfe4020ebab
[2025-03-15 10:57:54] INFO [django.utils.autoreload:668] Watching for file changes with StatReloader
[2025-03-15 11:01:19] INFO [django.utils.autoreload:266] C:\Users\akh\Downloads\shared_folder\nobat\main\crawl.py changed, reloading.
[2025-03-15 11:01:22] INFO [django.utils.autoreload:668] Watching for file changes with StatReloader
[2025-03-15 11:01:52] WARNING [django.request:248] Not Found: /user/profile/fonts/Vazir-Regular-UI.ttf
[2025-03-15 11:01:54] WARNING [django.request:248] Not Found: /user/profile/fonts/Vazir-Regular-UI.ttf
[2025-03-15 11:02:02] WARNING [selenium.webdriver.common.selenium_manager:138] Error sending stats to Plausible: error sending request for url (https://plausible.io/api/event)
[2025-03-15 11:03:55] INFO [django.utils.autoreload:668] Watching for file changes with StatReloader
[2025-03-15 11:04:16] INFO [django.utils.autoreload:266] C:\Users\akh\Downloads\shared_folder\nobat\main\views.py changed, reloading.
[2025-03-15 11:04:20] INFO [django.utils.autoreload:668] Watching for file changes with StatReloader
[2025-03-15 11:05:39] INFO [django.utils.autoreload:266] C:\Users\akh\Downloads\shared_folder\nobat\main\crawl.py changed, reloading.
[2025-03-15 11:05:42] INFO [django.utils.autoreload:668] Watching for file changes with StatReloader
[2025-03-15 11:10:05] WARNING [django.request:248] Not Found: /user/profile/fonts/Vazir-Regular-UI.ttf
[2025-03-15 11:10:05] WARNING [django.request:248] Not Found: /favicon.ico
[2025-03-15 11:58:04] INFO [django.utils.autoreload:668] Watching for file changes with StatReloader
[2025-03-15 11:58:33] WARNING [django.request:248] Not Found: /user/profile/fonts/Vazir-Regular-UI.ttf
[2025-03-15 12:01:19] WARNING [urllib3.connectionpool:868] Retrying (Retry(total=2, connect=None, read=None, redirect=None, status=None)) after connection broken by 'NewConnectionError('<urllib3.connection.HTTPConnection object at 0x000000002D1AB130>: Failed to establish a new connection: [WinError 10061] No connection could be made because the target machine actively refused it')': /session/731967974455ea4ace166484358b4edb/element
[2025-03-15 12:01:23] WARNING [urllib3.connectionpool:868] Retrying (Retry(total=1, connect=None, read=None, redirect=None, status=None)) after connection broken by 'NewConnectionError('<urllib3.connection.HTTPConnection object at 0x000000002D1ABCA0>: Failed to establish a new connection: [WinError 10061] No connection could be made because the target machine actively refused it')': /session/731967974455ea4ace166484358b4edb/element
[2025-03-15 12:01:27] WARNING [urllib3.connectionpool:868] Retrying (Retry(total=0, connect=None, read=None, redirect=None, status=None)) after connection broken by 'NewConnectionError('<urllib3.connection.HTTPConnection object at 0x000000002D1AA2C0>: Failed to establish a new connection: [WinError 10061] No connection could be made because the target machine actively refused it')': /session/731967974455ea4ace166484358b4edb/element
[2025-03-15 12:01:35] WARNING [urllib3.connectionpool:868] Retrying (Retry(total=2, connect=None, read=None, redirect=None, status=None)) after connection broken by 'NewConnectionError('<urllib3.connection.HTTPConnection object at 0x000000002D1AB370>: Failed to establish a new connection: [WinError 10061] No connection could be made because the target machine actively refused it')': /session/731967974455ea4ace166484358b4edb/element
[2025-03-15 12:01:39] WARNING [urllib3.connectionpool:868] Retrying (Retry(total=1, connect=None, read=None, redirect=None, status=None)) after connection broken by 'NewConnectionError('<urllib3.connection.HTTPConnection object at 0x000000002D1A8940>: Failed to establish a new connection: [WinError 10061] No connection could be made because the target machine actively refused it')': /session/731967974455ea4ace166484358b4edb/element
[2025-03-15 12:01:44] WARNING [urllib3.connectionpool:868] Retrying (Retry(total=0, connect=None, read=None, redirect=None, status=None)) after connection broken by 'NewConnectionError('<urllib3.connection.HTTPConnection object at 0x000000002D1AA0B0>: Failed to establish a new connection: [WinError 10061] No connection could be made because the target machine actively refused it')': /session/731967974455ea4ace166484358b4edb/element
[2025-03-15 12:01:52] WARNING [urllib3.connectionpool:868] Retrying (Retry(total=2, connect=None, read=None, redirect=None, status=None)) after connection broken by 'NewConnectionError('<urllib3.connection.HTTPConnection object at 0x000000002D1AAA40>: Failed to establish a new connection: [WinError 10061] No connection could be made because the target machine actively refused it')': /session/731967974455ea4ace166484358b4edb
[2025-03-15 12:01:56] WARNING [urllib3.connectionpool:868] Retrying (Retry(total=1, connect=None, read=None, redirect=None, status=None)) after connection broken by 'NewConnectionError('<urllib3.connection.HTTPConnection object at 0x000000002D1A8BB0>: Failed to establish a new connection: [WinError 10061] No connection could be made because the target machine actively refused it')': /session/731967974455ea4ace166484358b4edb
[2025-03-15 12:02:10] INFO [django.utils.autoreload:668] Watching for file changes with StatReloader
[2025-03-15 12:02:54] WARNING [django.request:248] Not Found: /user/profile/fonts/Vazir-Regular-UI.ttf
[2025-03-15 12:02:54] WARNING [django.request:248] Not Found: /favicon.ico
[2025-03-15 12:02:59] WARNING [django.request:248] Not Found: /user/profile/fonts/Vazir-Regular-UI.ttf
[2025-03-15 12:03:18] WARNING [django.request:248] Not Found: /user/profile/fonts/Vazir-Regular-UI.ttf
[2025-03-15 12:03:57] WARNING [django.request:248] Not Found: /user/profile/fonts/Vazir-Regular-UI.ttf
[2025-03-15 12:04:15] ERROR [django.request:248] Internal Server Error: /crawl/
Traceback (most recent call last):
  File "/home/akh/.virtualenvs/work/lib/python3.11/site-packages/django/core/handlers/exception.py", line 55, in inner
    response = get_response(request)
               ^^^^^^^^^^^^^^^^^^^^^
  File "/home/akh/.virtualenvs/work/lib/python3.11/site-packages/django/core/handlers/base.py", line 197, in _get_response
    response = wrapped_callback(request, *callback_args, **callback_kwargs)
               ^^^^^^^^^^^^^^^^^^^^^^^^^^^^^^^^^^^^^^^^^^^^^^^^^^^^^^^^^^^^
  File "/home/akh/.virtualenvs/work/lib/python3.11/site-packages/django/views/decorators/csrf.py", line 65, in _view_wrapper
    return view_func(request, *args, **kwargs)
           ^^^^^^^^^^^^^^^^^^^^^^^^^^^^^^^^^^^
  File "/home/akh/.virtualenvs/work/lib/python3.11/site-packages/django/views/generic/base.py", line 104, in view
    return self.dispatch(request, *args, **kwargs)
           ^^^^^^^^^^^^^^^^^^^^^^^^^^^^^^^^^^^^^^^
  File "/home/akh/.virtualenvs/work/lib/python3.11/site-packages/rest_framework/views.py", line 509, in dispatch
    response = self.handle_exception(exc)
               ^^^^^^^^^^^^^^^^^^^^^^^^^^
  File "/home/akh/.virtualenvs/work/lib/python3.11/site-packages/rest_framework/views.py", line 469, in handle_exception
    self.raise_uncaught_exception(exc)
  File "/home/akh/.virtualenvs/work/lib/python3.11/site-packages/rest_framework/views.py", line 480, in raise_uncaught_exception
    raise exc
  File "/home/akh/.virtualenvs/work/lib/python3.11/site-packages/rest_framework/views.py", line 506, in dispatch
    response = handler(request, *args, **kwargs)
               ^^^^^^^^^^^^^^^^^^^^^^^^^^^^^^^^^
  File "/home/akh/shared/nobat/main/views.py", line 73, in post
    driver = setup()
             ^^^^^^^
  File "/home/akh/shared/nobat/main/crawl.py", line 113, in setup
    driver = webdriver.Chrome(service=service, options=options)
             ^^^^^^^^^^^^^^^^^^^^^^^^^^^^^^^^^^^^^^^^^^^^^^^^^^
  File "/home/akh/.virtualenvs/work/lib/python3.11/site-packages/selenium/webdriver/chrome/webdriver.py", line 45, in __init__
    super().__init__(
  File "/home/akh/.virtualenvs/work/lib/python3.11/site-packages/selenium/webdriver/chromium/webdriver.py", line 66, in __init__
    super().__init__(command_executor=executor, options=options)
  File "/home/akh/.virtualenvs/work/lib/python3.11/site-packages/selenium/webdriver/remote/webdriver.py", line 250, in __init__
    self.start_session(capabilities)
  File "/home/akh/.virtualenvs/work/lib/python3.11/site-packages/selenium/webdriver/remote/webdriver.py", line 342, in start_session
    response = self.execute(Command.NEW_SESSION, caps)["value"]
               ^^^^^^^^^^^^^^^^^^^^^^^^^^^^^^^^^^^^^^^
  File "/home/akh/.virtualenvs/work/lib/python3.11/site-packages/selenium/webdriver/remote/webdriver.py", line 429, in execute
    self.error_handler.check_response(response)
  File "/home/akh/.virtualenvs/work/lib/python3.11/site-packages/selenium/webdriver/remote/errorhandler.py", line 232, in check_response
    raise exception_class(message, screen, stacktrace)
selenium.common.exceptions.SessionNotCreatedException: Message: session not created: probably user data directory is already in use, please specify a unique value for --user-data-dir argument, or don't use --user-data-dir
Stacktrace:
#0 0x55fc54351a1a <unknown>
#1 0x55fc53e09390 <unknown>
#2 0x55fc53e43109 <unknown>
#3 0x55fc53e3eb5f <unknown>
#4 0x55fc53e8f53f <unknown>
#5 0x55fc53e8ea76 <unknown>
#6 0x55fc53e809a3 <unknown>
#7 0x55fc53e4c60e <unknown>
#8 0x55fc53e4ddd1 <unknown>
#9 0x55fc54317ddb <unknown>
#10 0x55fc5431bcbc <unknown>
#11 0x55fc542ff392 <unknown>
#12 0x55fc5431c834 <unknown>
#13 0x55fc542e31ef <unknown>
#14 0x55fc54340038 <unknown>
#15 0x55fc54340216 <unknown>
#16 0x55fc54350896 <unknown>
#17 0x7f2e5d511609 start_thread

[2025-03-15 12:47:28] INFO [django.utils.autoreload:668] Watching for file changes with StatReloader
[2025-03-15 12:47:50] INFO [django.utils.autoreload:266] /home/akh/shared/nobat/main/crawl.py changed, reloading.
[2025-03-15 12:47:51] INFO [django.utils.autoreload:668] Watching for file changes with StatReloader
[2025-03-15 12:49:43] INFO [django.utils.autoreload:266] /home/akh/shared/nobat/main/views.py changed, reloading.
[2025-03-15 12:49:44] INFO [django.utils.autoreload:668] Watching for file changes with StatReloader
[2025-03-15 12:56:39] WARNING [django.request:248] Not Found: /
[2025-03-15 12:57:01] INFO [django.utils.autoreload:266] /home/akh/shared/nobat/main/views.py changed, reloading.
[2025-03-15 12:57:03] INFO [django.utils.autoreload:668] Watching for file changes with StatReloader
[2025-03-15 13:04:52] INFO [django.utils.autoreload:266] /home/akh/shared/nobat/main/views.py changed, reloading.
[2025-03-15 13:04:53] INFO [django.utils.autoreload:668] Watching for file changes with StatReloader
